Log file open, 11/02/20 09:37:49
LogInit: Display: Running engine for game: ProjectFolder
LogPlatformFile: Not using cached read wrapper
LogTaskGraph: Started task graph with 5 named threads and 23 total threads with 3 sets of task threads.
LogStats: Stats thread started at 0.392050
LogD3D11RHI: Loaded GFSDK_Aftermath_Lib.x64.dll
LogICUInternationalization: ICU TimeZone Detection - Raw Offset: +5:30, Platform Override: ''
LogPluginManager: Mounting plugin Paper2D
LogPluginManager: Mounting plugin AISupport
LogPluginManager: Mounting plugin LightPropagationVolume
LogPluginManager: Mounting plugin CameraShakePreviewer
LogPluginManager: Mounting plugin ActorLayerUtilities
LogPluginManager: Mounting plugin AnimationSharing
LogPluginManager: Mounting plugin CLionSourceCodeAccess
LogPluginManager: Mounting plugin CodeLiteSourceCodeAccess
LogPluginManager: Mounting plugin GitSourceControl
LogPluginManager: Mounting plugin KDevelopSourceCodeAccess
LogPluginManager: Mounting plugin NullSourceCodeAccess
LogPluginManager: Mounting plugin PerforceSourceControl
LogPluginManager: Mounting plugin PlasticSourceControl
LogPluginManager: Mounting plugin RiderSourceCodeAccess
LogPluginManager: Mounting plugin SubversionSourceControl
LogPluginManager: Mounting plugin UObjectPlugin
LogPluginManager: Mounting plugin VisualStudioCodeSourceCodeAccess
LogPluginManager: Mounting plugin VisualStudioSourceCodeAccess
LogPluginManager: Mounting plugin XCodeSourceCodeAccess
LogPluginManager: Mounting plugin AssetManagerEditor
LogPluginManager: Mounting plugin CryptoKeys
LogPluginManager: Mounting plugin CurveEditorTools
LogPluginManager: Mounting plugin DataValidation
LogPluginManager: Mounting plugin EditorScriptingUtilities
LogPluginManager: Mounting plugin FacialAnimation
LogPluginManager: Mounting plugin GameplayTagsEditor
LogPluginManager: Mounting plugin GeometryMode
LogPluginManager: Mounting plugin GLTFImporter
LogPluginManager: Mounting plugin MacGraphicsSwitching
LogPluginManager: Mounting plugin MaterialAnalyzer
LogPluginManager: Mounting plugin MeshEditor
LogPluginManager: Mounting plugin MobileLauncherProfileWizard
LogPluginManager: Mounting plugin PluginBrowser
LogPluginManager: Mounting plugin SpeedTreeImporter
LogPluginManager: Mounting plugin StylusInput
LogPluginManager: Mounting plugin AxFImporter
LogPluginManager: Mounting plugin DataprepEditor
LogPluginManager: Mounting plugin DatasmithC4DImporter
LogPluginManager: Mounting plugin DatasmithCADImporter
LogPluginManager: Mounting plugin DatasmithContent
LogPluginManager: Mounting plugin DatasmithGLTFImporter
LogPluginManager: Mounting plugin DatasmithIFCImporter
LogPluginManager: Mounting plugin DatasmithImporter
LogPluginManager: Mounting plugin StaticMeshEditorExtension
LogPluginManager: Mounting plugin VariantManager
LogPluginManager: Mounting plugin VariantManagerContent
LogPluginManager: Mounting plugin AlembicImporter
LogPluginManager: Mounting plugin AutomationUtils
LogPluginManager: Mounting plugin BackChannel
LogPluginManager: Mounting plugin BlastPlugin
LogPluginManager: Mounting plugin ChaosCloth
LogPluginManager: Mounting plugin ChaosClothEditor
LogPluginManager: Mounting plugin ChaosEditor
LogPluginManager: Mounting plugin ChaosNiagara
LogPluginManager: Mounting plugin ChaosSolverPlugin
LogPluginManager: Mounting plugin CharacterAI
LogPluginManager: Mounting plugin GeometryCache
LogPluginManager: Mounting plugin GeometryCollectionPlugin
LogPluginManager: Mounting plugin GeometryProcessing
LogPluginManager: Mounting plugin MeshModelingToolset
LogPluginManager: Mounting plugin ModelingToolsEditorMode
LogPluginManager: Mounting plugin PlanarCut
LogPluginManager: Mounting plugin PlatformCrypto
LogPluginManager: Mounting plugin ProxyLODPlugin
LogPluginManager: Mounting plugin PythonScriptPlugin
LogPluginManager: Mounting plugin SkeletalReduction
LogPluginManager: Mounting plugin Niagara
LogPluginManager: Mounting plugin MagicLeap
LogPluginManager: Mounting plugin MagicLeapLightEstimation
LogPluginManager: Mounting plugin MagicLeapMedia
LogPluginManager: Mounting plugin MagicLeapPassableWorld
LogPluginManager: Mounting plugin MLSDK
LogPluginManager: Mounting plugin AndroidMedia
LogPluginManager: Mounting plugin AvfMedia
LogPluginManager: Mounting plugin ImgMedia
LogPluginManager: Mounting plugin MediaCompositing
LogPluginManager: Mounting plugin MediaPlayerEditor
LogPluginManager: Mounting plugin WebMMedia
LogPluginManager: Mounting plugin WmfMedia
LogPluginManager: Mounting plugin MegascansPlugin
LogPluginManager: Mounting plugin MeshPainting
LogPluginManager: Mounting plugin TcpMessaging
LogPluginManager: Mounting plugin UdpMessaging
LogPluginManager: Mounting plugin ActorSequence
LogPluginManager: Mounting plugin LevelSequenceEditor
LogPluginManager: Mounting plugin MatineeToLevelSequence
LogPluginManager: Mounting plugin MovieRenderPipeline
LogPluginManager: Mounting plugin TemplateSequence
LogPluginManager: Mounting plugin NetcodeUnitTest
LogPluginManager: Mounting plugin NUTUnrealEngine4
LogPluginManager: Mounting plugin OnlineSubsystemGooglePlay
LogPluginManager: Mounting plugin OnlineSubsystemIOS
LogPluginManager: Mounting plugin OnlineSubsystem
LogPluginManager: Mounting plugin OnlineSubsystemNull
LogPluginManager: Mounting plugin OnlineSubsystemUtils
LogPluginManager: Mounting plugin LauncherChunkInstaller
LogPluginManager: Mounting plugin AndroidDeviceProfileSelector
LogPluginManager: Mounting plugin AndroidMoviePlayer
LogPluginManager: Mounting plugin AndroidPermission
LogPluginManager: Mounting plugin AppleImageUtils
LogPluginManager: Mounting plugin AppleMoviePlayer
LogPluginManager: Mounting plugin ArchVisCharacter
LogPluginManager: Mounting plugin AssetTags
LogPluginManager: Mounting plugin AudioCapture
LogPluginManager: Mounting plugin CableComponent
LogPluginManager: Mounting plugin CustomMeshComponent
LogPluginManager: Mounting plugin DatabaseSupport
LogPluginManager: Mounting plugin SQLiteCore
LogPluginManager: Mounting plugin SQLiteSupport
LogPluginManager: Mounting plugin EditableMesh
LogPluginManager: Mounting plugin ExampleDeviceProfileSelector
LogPluginManager: Mounting plugin GoogleCloudMessaging
LogPluginManager: Mounting plugin GooglePAD
LogPluginManager: Mounting plugin HDRIBackdrop
LogPluginManager: Mounting plugin IOSDeviceProfileSelector
LogPluginManager: Mounting plugin LinuxDeviceProfileSelector
LogPluginManager: Mounting plugin LocationServicesBPLibrary
LogPluginManager: Mounting plugin MobilePatchingUtils
LogPluginManager: Mounting plugin OculusVR
LogPluginManager: Mounting plugin PhysXVehicles
LogPluginManager: Mounting plugin PostSplashScreen
LogPluginManager: Mounting plugin ProceduralMeshComponent
LogPluginManager: Mounting plugin RuntimePhysXCooking
LogPluginManager: Mounting plugin SignificanceManager
LogPluginManager: Mounting plugin SoundFields
LogPluginManager: Mounting plugin SteamVR
LogPluginManager: Mounting plugin SunPosition
LogPluginManager: Mounting plugin Synthesis
LogPluginManager: Mounting plugin WebMMoviePlayer
LogPluginManager: Mounting plugin WindowsMoviePlayer
LogPluginManager: Mounting plugin ScreenshotTools
LogInit: Using libcurl 7.55.1-DEV
LogInit:  - built for x86_64-pc-win32
LogInit:  - supports SSL with OpenSSL/1.1.1
LogInit:  - supports HTTP deflate (compression) using libz 1.2.8
LogInit:  - other features:
LogInit:      CURL_VERSION_SSL
LogInit:      CURL_VERSION_LIBZ
LogInit:      CURL_VERSION_IPV6
LogInit:      CURL_VERSION_ASYNCHDNS
LogInit:      CURL_VERSION_LARGEFILE
LogInit:      CURL_VERSION_IDN
LogInit:  CurlRequestOptions (configurable via config and command line):
LogInit:  - bVerifyPeer = true  - Libcurl will verify peer certificate
LogInit:  - bUseHttpProxy = false  - Libcurl will NOT use HTTP proxy
LogInit:  - bDontReuseConnections = false  - Libcurl will reuse connections
LogInit:  - MaxHostConnections = 16  - Libcurl will limit the number of connections to a host
LogInit:  - LocalHostAddr = Default
LogInit:  - BufferSize = 65536
LogOnline: OSS: Creating online subsystem instance for: NULL
LogInit: WinSock: version 1.1 (2.2), MaxSocks=32767, MaxUdp=65467
LogOnline: OSS: TryLoadSubsystemAndSetDefault: Loaded subsystem for module [NULL]
LogInit: Build: ++UE4+Release-4.25-CL-14469661
LogInit: Engine Version: 4.25.4-14469661+++UE4+Release-4.25
LogInit: Compatible Engine Version: 4.25.0-13144385+++UE4+Release-4.25
LogInit: Net CL: 13144385
LogInit: OS: Windows 10 (Release 1909) (), CPU: Intel(R) Core(TM) i7-6700K CPU @ 4.00GHz, GPU: NVIDIA GeForce GTX 1070
LogInit: Compiled (64-bit): Oct 11 2020 08:10:49
LogInit: Compiled with Visual C++: 19.24.28315.00
LogInit: Build Configuration: Development
LogInit: Branch Name: ++UE4+Release-4.25
LogInit: Command Line: 
LogInit: Base Directory: D:/Software/Unreal Engine/UE_4.25/Engine/Binaries/Win64/
LogInit: Allocator: TBB
LogInit: Installed Engine Build: 1
LogDevObjectVersion: Number of dev versions registered: 26
LogDevObjectVersion:   Dev-Blueprints (B0D832E4-1F89-4F0D-ACCF-7EB736FD4AA2): 10
LogDevObjectVersion:   Dev-Build (E1C64328-A22C-4D53-A36C-8E866417BD8C): 0
LogDevObjectVersion:   Dev-Core (375EC13C-06E4-48FB-B500-84F0262A717E): 4
LogDevObjectVersion:   Dev-Editor (E4B068ED-F494-42E9-A231-DA0B2E46BB41): 38
LogDevObjectVersion:   Dev-Framework (CFFC743F-43B0-4480-9391-14DF171D2073): 37
LogDevObjectVersion:   Dev-Mobile (B02B49B5-BB20-44E9-A304-32B752E40360): 2
LogDevObjectVersion:   Dev-Networking (A4E4105C-59A1-49B5-A7C5-40C4547EDFEE): 0
LogDevObjectVersion:   Dev-Online (39C831C9-5AE6-47DC-9A44-9C173E1C8E7C): 0
LogDevObjectVersion:   Dev-Physics (78F01B33-EBEA-4F98-B9B4-84EACCB95AA2): 4
LogDevObjectVersion:   Dev-Platform (6631380F-2D4D-43E0-8009-CF276956A95A): 0
LogDevObjectVersion:   Dev-Rendering (12F88B9F-8875-4AFC-A67C-D90C383ABD29): 43
LogDevObjectVersion:   Dev-Sequencer (7B5AE74C-D270-4C10-A958-57980B212A5A): 12
LogDevObjectVersion:   Dev-VR (D7296918-1DD6-4BDD-9DE2-64A83CC13884): 3
LogDevObjectVersion:   Dev-LoadTimes (C2A15278-BFE7-4AFE-6C17-90FF531DF755): 1
LogDevObjectVersion:   Private-Geometry (6EACA3D4-40EC-4CC1-B786-8BED09428FC5): 3
LogDevObjectVersion:   Dev-AnimPhys (29E575DD-E0A3-4627-9D10-D276232CDCEA): 17
LogDevObjectVersion:   Dev-Anim (AF43A65D-7FD3-4947-9873-3E8ED9C1BB05): 7
LogDevObjectVersion:   Dev-ReflectionCapture (6B266CEC-1EC7-4B8F-A30B-E4D90942FC07): 1
LogDevObjectVersion:   Dev-Automation (0DF73D61-A23F-47EA-B727-89E90C41499A): 1
LogDevObjectVersion:   FortniteMain (601D1886-AC64-4F84-AA16-D3DE0DEAC7D6): 31
LogDevObjectVersion:   Dev-Enterprise (9DFFBCD6-494F-0158-E221-12823C92A888): 10
LogDevObjectVersion:   Dev-Niagara (F2AED0AC-9AFE-416F-8664-AA7FFA26D6FC): 1
LogDevObjectVersion:   Dev-Destruction (174F1F0B-B4C6-45A5-B13F-2EE8D0FB917D): 10
LogDevObjectVersion:   Dev-Physics-Ext (35F94A83-E258-406C-A318-09F59610247C): 37
LogDevObjectVersion:   Dev-PhysicsMaterial-Chaos (B68FC16E-8B1B-42E2-B453-215C058844FE): 1
LogDevObjectVersion:   Dev-CineCamera (B2E18506-4273-CFC2-A54E-F4BB758BBA07): 1
LogInit: Presizing for max 25165824 objects, including 0 objects not considered by GC, pre-allocating 0 bytes for permanent pool.
LogConfig: Applying CVar settings from Section [/Script/Engine.StreamingSettings] File [E:/Work/Personal Work/Unreal Engine/Projects/Level Design - October 2020/ProjectFolder/Saved/Config/Windows/Engine.ini]
LogConfig: Setting CVar [[s.MinBulkDataSizeForAsyncLoading:131072]]
LogConfig: Setting CVar [[s.AsyncLoadingThreadEnabled:0]]
LogConfig: Setting CVar [[s.EventDrivenLoaderEnabled:1]]
LogConfig: Setting CVar [[s.WarnIfTimeLimitExceeded:0]]
LogConfig: Setting CVar [[s.TimeLimitExceededMultiplier:1.5]]
LogConfig: Setting CVar [[s.TimeLimitExceededMinTime:0.005]]
LogConfig: Setting CVar [[s.UseBackgroundLevelStreaming:1]]
LogConfig: Setting CVar [[s.PriorityAsyncLoadingExtraTime:15.0]]
LogConfig: Setting CVar [[s.LevelStreamingActorsUpdateTimeLimit:5.0]]
LogConfig: Setting CVar [[s.PriorityLevelStreamingActorsUpdateExtraTime:5.0]]
LogConfig: Setting CVar [[s.LevelStreamingComponentsRegistrationGranularity:10]]
LogConfig: Setting CVar [[s.UnregisterComponentsTimeLimit:1.0]]
LogConfig: Setting CVar [[s.LevelStreamingComponentsUnregistrationGranularity:5]]
LogConfig: Setting CVar [[s.FlushStreamingOnExit:1]]
LogInit: Object subsystem initialized
LogConfig: Setting CVar [[con.DebugEarlyDefault:1]]
LogConfig: Setting CVar [[r.setres:1280x720]]
[2020.11.02-04.07.51:672][  0]LogConfig: Setting CVar [[r.VSync:0]]
[2020.11.02-04.07.51:672][  0]LogConfig: Setting CVar [[r.RHICmdBypass:0]]
[2020.11.02-04.07.51:672][  0]LogConfig: Applying CVar settings from Section [/Script/Engine.RendererSettings] File [E:/Work/Personal Work/Unreal Engine/Projects/Level Design - October 2020/ProjectFolder/Saved/Config/Windows/Engine.ini]
[2020.11.02-04.07.51:672][  0]LogConfig: Setting CVar [[r.GPUCrashDebugging:0]]
[2020.11.02-04.07.51:672][  0]LogConfig: Setting CVar [[r.Tonemapper.Sharpen:2]]
[2020.11.02-04.07.51:672][  0]LogConfig: Setting CVar [[r.TemporalAA.Upsampling:1]]
[2020.11.02-04.07.51:672][  0]LogConfig: Setting CVar [[r.DefaultFeature.AutoExposure.ExtendDefaultLuminanceRange:1]]
[2020.11.02-04.07.51:672][  0]LogConfig: Setting CVar [[r.LightPropagationVolume:0]]
[2020.11.02-04.07.51:672][  0]LogConfig: Setting CVar [[r.ReflectionCaptureResolution:2048]]
[2020.11.02-04.07.51:672][  0]LogConfig: Setting CVar [[r.AllowStaticLighting:1]]
[2020.11.02-04.07.51:672][  0]LogConfig: Setting CVar [[r.HighResScreenshotDelay:8]]
[2020.11.02-04.07.51:672][  0]LogConfig: Setting CVar [[r.DefaultBackBufferPixelFormat:4]]
[2020.11.02-04.07.51:672][  0]LogConfig: Setting CVar [[r.AllowGlobalClipPlane:0]]
[2020.11.02-04.07.51:672][  0]LogConfig: Setting CVar [[r.SupportSkyAtmosphereAffectsHeightFog:1]]
[2020.11.02-04.07.51:672][  0]LogConfig: Setting CVar [[r.DefaultFeature.LensFlare:1]]
[2020.11.02-04.07.51:672][  0]LogConfig: Setting CVar [[r.ClearCoatNormal:0]]
[2020.11.02-04.07.51:672][  0]LogConfig: Setting CVar [[r.NormalMapsForStaticLighting:0]]
[2020.11.02-04.07.51:672][  0]LogConfig: Setting CVar [[r.SkinCache.CompileShaders:1]]
[2020.11.02-04.07.51:672][  0]LogConfig: Setting CVar [[r.RayTracing:1]]
[2020.11.02-04.07.51:672][  0]LogConfig: Applying CVar settings from Section [/Script/Engine.RendererOverrideSettings] File [E:/Work/Personal Work/Unreal Engine/Projects/Level Design - October 2020/ProjectFolder/Saved/Config/Windows/Engine.ini]
[2020.11.02-04.07.51:672][  0]LogConfig: Applying CVar settings from Section [/Script/Engine.StreamingSettings] File [E:/Work/Personal Work/Unreal Engine/Projects/Level Design - October 2020/ProjectFolder/Saved/Config/Windows/Engine.ini]
[2020.11.02-04.07.51:672][  0]LogConfig: Setting CVar [[s.MinBulkDataSizeForAsyncLoading:131072]]
[2020.11.02-04.07.51:672][  0]LogConfig: Setting CVar [[s.AsyncLoadingThreadEnabled:0]]
[2020.11.02-04.07.51:672][  0]LogConfig: Setting CVar [[s.EventDrivenLoaderEnabled:1]]
[2020.11.02-04.07.51:672][  0]LogConfig: Setting CVar [[s.WarnIfTimeLimitExceeded:0]]
[2020.11.02-04.07.51:672][  0]LogConfig: Setting CVar [[s.TimeLimitExceededMultiplier:1.5]]
[2020.11.02-04.07.51:672][  0]LogConfig: Setting CVar [[s.TimeLimitExceededMinTime:0.005]]
[2020.11.02-04.07.51:672][  0]LogConfig: Setting CVar [[s.UseBackgroundLevelStreaming:1]]
[2020.11.02-04.07.51:672][  0]LogConfig: Setting CVar [[s.PriorityAsyncLoadingExtraTime:15.0]]
[2020.11.02-04.07.51:672][  0]LogConfig: Setting CVar [[s.LevelStreamingActorsUpdateTimeLimit:5.0]]
[2020.11.02-04.07.51:672][  0]LogConfig: Setting CVar [[s.PriorityLevelStreamingActorsUpdateExtraTime:5.0]]
[2020.11.02-04.07.51:672][  0]LogConfig: Setting CVar [[s.LevelStreamingComponentsRegistrationGranularity:10]]
[2020.11.02-04.07.51:672][  0]LogConfig: Setting CVar [[s.UnregisterComponentsTimeLimit:1.0]]
[2020.11.02-04.07.51:673][  0]LogConfig: Setting CVar [[s.LevelStreamingComponentsUnregistrationGranularity:5]]
[2020.11.02-04.07.51:673][  0]LogConfig: Setting CVar [[s.FlushStreamingOnExit:1]]
[2020.11.02-04.07.51:673][  0]LogConfig: Applying CVar settings from Section [/Script/Engine.GarbageCollectionSettings] File [E:/Work/Personal Work/Unreal Engine/Projects/Level Design - October 2020/ProjectFolder/Saved/Config/Windows/Engine.ini]
[2020.11.02-04.07.51:673][  0]LogConfig: Setting CVar [[gc.MaxObjectsNotConsideredByGC:1]]
[2020.11.02-04.07.51:673][  0]LogConfig: Setting CVar [[gc.SizeOfPermanentObjectPool:0]]
[2020.11.02-04.07.51:673][  0]LogConfig: Setting CVar [[gc.FlushStreamingOnGC:0]]
[2020.11.02-04.07.51:673][  0]LogConfig: Setting CVar [[gc.NumRetriesBeforeForcingGC:10]]
[2020.11.02-04.07.51:673][  0]LogConfig: Setting CVar [[gc.AllowParallelGC:1]]
[2020.11.02-04.07.51:673][  0]LogConfig: Setting CVar [[gc.TimeBetweenPurgingPendingKillObjects:61.1]]
[2020.11.02-04.07.51:673][  0]LogConfig: Setting CVar [[gc.MaxObjectsInEditor:25165824]]
[2020.11.02-04.07.51:673][  0]LogConfig: Setting CVar [[gc.IncrementalBeginDestroyEnabled:1]]
[2020.11.02-04.07.51:673][  0]LogConfig: Setting CVar [[gc.CreateGCClusters:1]]
[2020.11.02-04.07.51:673][  0]LogConfig: Setting CVar [[gc.MinGCClusterSize:5]]
[2020.11.02-04.07.51:673][  0]LogConfig: Setting CVar [[gc.ActorClusteringEnabled:0]]
[2020.11.02-04.07.51:673][  0]LogConfig: Setting CVar [[gc.BlueprintClusteringEnabled:0]]
[2020.11.02-04.07.51:673][  0]LogConfig: Setting CVar [[gc.UseDisregardForGCOnDedicatedServers:0]]
[2020.11.02-04.07.51:673][  0]LogConfig: Applying CVar settings from Section [/Script/Engine.NetworkSettings] File [E:/Work/Personal Work/Unreal Engine/Projects/Level Design - October 2020/ProjectFolder/Saved/Config/Windows/Engine.ini]
[2020.11.02-04.07.51:673][  0]LogConfig: Applying CVar settings from Section [/Script/UnrealEd.CookerSettings] File [E:/Work/Personal Work/Unreal Engine/Projects/Level Design - October 2020/ProjectFolder/Saved/Config/Windows/Engine.ini]
[2020.11.02-04.07.51:674][  0]LogConfig: Applying CVar settings from Section [ViewDistanceQuality@3] File [E:/Work/Personal Work/Unreal Engine/Projects/Level Design - October 2020/ProjectFolder/Saved/Config/Windows/Scalability.ini]
[2020.11.02-04.07.51:674][  0]LogConfig: Setting CVar [[r.SkeletalMeshLODBias:0]]
[2020.11.02-04.07.51:674][  0]LogConfig: Setting CVar [[r.ViewDistanceScale:1.0]]
[2020.11.02-04.07.51:674][  0]LogConfig: Applying CVar settings from Section [AntiAliasingQuality@3] File [E:/Work/Personal Work/Unreal Engine/Projects/Level Design - October 2020/ProjectFolder/Saved/Config/Windows/Scalability.ini]
[2020.11.02-04.07.51:674][  0]LogConfig: Setting CVar [[r.PostProcessAAQuality:4]]
[2020.11.02-04.07.51:674][  0]LogConfig: Applying CVar settings from Section [ShadowQuality@3] File [E:/Work/Personal Work/Unreal Engine/Projects/Level Design - October 2020/ProjectFolder/Saved/Config/Windows/Scalability.ini]
[2020.11.02-04.07.51:674][  0]LogConfig: Setting CVar [[r.LightFunctionQuality:1]]
[2020.11.02-04.07.51:674][  0]LogConfig: Setting CVar [[r.ShadowQuality:5]]
[2020.11.02-04.07.51:674][  0]LogConfig: Setting CVar [[r.Shadow.CSM.MaxCascades:10]]
[2020.11.02-04.07.51:674][  0]LogConfig: Setting CVar [[r.Shadow.MaxResolution:2048]]
[2020.11.02-04.07.51:675][  0]LogConfig: Setting CVar [[r.Shadow.MaxCSMResolution:2048]]
[2020.11.02-04.07.51:675][  0]LogConfig: Setting CVar [[r.Shadow.RadiusThreshold:0.01]]
[2020.11.02-04.07.51:675][  0]LogConfig: Setting CVar [[r.Shadow.DistanceScale:1.0]]
[2020.11.02-04.07.51:675][  0]LogConfig: Setting CVar [[r.Shadow.CSM.TransitionScale:1.0]]
[2020.11.02-04.07.51:675][  0]LogConfig: Setting CVar [[r.Shadow.PreShadowResolutionFactor:1.0]]
[2020.11.02-04.07.51:675][  0]LogConfig: Setting CVar [[r.DistanceFieldShadowing:1]]
[2020.11.02-04.07.51:675][  0]LogConfig: Setting CVar [[r.DistanceFieldAO:1]]
[2020.11.02-04.07.51:675][  0]LogConfig: Setting CVar [[r.AOQuality:2]]
[2020.11.02-04.07.51:675][  0]LogConfig: Setting CVar [[r.VolumetricFog:1]]
[2020.11.02-04.07.51:675][  0]LogConfig: Setting CVar [[r.VolumetricFog.GridPixelSize:8]]
[2020.11.02-04.07.51:675][  0]LogConfig: Setting CVar [[r.VolumetricFog.GridSizeZ:128]]
[2020.11.02-04.07.51:675][  0]LogConfig: Setting CVar [[r.VolumetricFog.HistoryMissSupersampleCount:4]]
[2020.11.02-04.07.51:675][  0]LogConfig: Setting CVar [[r.LightMaxDrawDistanceScale:1]]
[2020.11.02-04.07.51:675][  0]LogConfig: Setting CVar [[r.CapsuleShadows:1]]
[2020.11.02-04.07.51:675][  0]LogConfig: Applying CVar settings from Section [PostProcessQuality@3] File [E:/Work/Personal Work/Unreal Engine/Projects/Level Design - October 2020/ProjectFolder/Saved/Config/Windows/Scalability.ini]
[2020.11.02-04.07.51:675][  0]LogConfig: Setting CVar [[r.MotionBlurQuality:4]]
[2020.11.02-04.07.51:675][  0]LogConfig: Setting CVar [[r.AmbientOcclusionMipLevelFactor:0.4]]
[2020.11.02-04.07.51:675][  0]LogConfig: Setting CVar [[r.AmbientOcclusionMaxQuality:100]]
[2020.11.02-04.07.51:675][  0]LogConfig: Setting CVar [[r.AmbientOcclusionLevels:-1]]
[2020.11.02-04.07.51:675][  0]LogConfig: Setting CVar [[r.AmbientOcclusionRadiusScale:1.0]]
[2020.11.02-04.07.51:675][  0]LogConfig: Setting CVar [[r.DepthOfFieldQuality:2]]
[2020.11.02-04.07.51:675][  0]LogConfig: Setting CVar [[r.RenderTargetPoolMin:400]]
[2020.11.02-04.07.51:675][  0]LogConfig: Setting CVar [[r.LensFlareQuality:2]]
[2020.11.02-04.07.51:675][  0]LogConfig: Setting CVar [[r.SceneColorFringeQuality:1]]
[2020.11.02-04.07.51:675][  0]LogConfig: Setting CVar [[r.EyeAdaptationQuality:2]]
[2020.11.02-04.07.51:675][  0]LogConfig: Setting CVar [[r.BloomQuality:5]]
[2020.11.02-04.07.51:675][  0]LogConfig: Setting CVar [[r.FastBlurThreshold:100]]
[2020.11.02-04.07.51:675][  0]LogConfig: Setting CVar [[r.Upscale.Quality:3]]
[2020.11.02-04.07.51:675][  0]LogConfig: Setting CVar [[r.Tonemapper.GrainQuantization:1]]
[2020.11.02-04.07.51:675][  0]LogConfig: Setting CVar [[r.LightShaftQuality:1]]
[2020.11.02-04.07.51:675][  0]LogConfig: Setting CVar [[r.Filter.SizeScale:1]]
[2020.11.02-04.07.51:675][  0]LogConfig: Setting CVar [[r.Tonemapper.Quality:5]]
[2020.11.02-04.07.51:675][  0]LogConfig: Setting CVar [[r.DOF.Gather.AccumulatorQuality:1        ; higher gathering accumulator quality]]
[2020.11.02-04.07.51:675][  0]LogConfig: Setting CVar [[r.DOF.Gather.PostfilterMethod:1          ; Median3x3 postfilering method]]
[2020.11.02-04.07.51:675][  0]LogConfig: Setting CVar [[r.DOF.Gather.EnableBokehSettings:0       ; no bokeh simulation when gathering]]
[2020.11.02-04.07.51:675][  0]LogConfig: Setting CVar [[r.DOF.Gather.RingCount:4                 ; medium number of samples when gathering]]
[2020.11.02-04.07.51:675][  0]LogConfig: Setting CVar [[r.DOF.Scatter.ForegroundCompositing:1    ; additive foreground scattering]]
[2020.11.02-04.07.51:675][  0]LogConfig: Setting CVar [[r.DOF.Scatter.BackgroundCompositing:2    ; additive background scattering]]
[2020.11.02-04.07.51:675][  0]LogConfig: Setting CVar [[r.DOF.Scatter.EnableBokehSettings:1      ; bokeh simulation when scattering]]
[2020.11.02-04.07.51:675][  0]LogConfig: Setting CVar [[r.DOF.Scatter.MaxSpriteRatio:0.1         ; only a maximum of 10% of scattered bokeh]]
[2020.11.02-04.07.51:675][  0]LogConfig: Setting CVar [[r.DOF.Recombine.Quality:1                ; cheap slight out of focus]]
[2020.11.02-04.07.51:675][  0]LogConfig: Setting CVar [[r.DOF.Recombine.EnableBokehSettings:0    ; no bokeh simulation on slight out of focus]]
[2020.11.02-04.07.51:675][  0]LogConfig: Setting CVar [[r.DOF.TemporalAAQuality:1                ; more stable temporal accumulation]]
[2020.11.02-04.07.51:675][  0]LogConfig: Setting CVar [[r.DOF.Kernel.MaxForegroundRadius:0.025]]
[2020.11.02-04.07.51:675][  0]LogConfig: Setting CVar [[r.DOF.Kernel.MaxBackgroundRadius:0.025]]
[2020.11.02-04.07.51:675][  0]LogConfig: Applying CVar settings from Section [TextureQuality@3] File [E:/Work/Personal Work/Unreal Engine/Projects/Level Design - October 2020/ProjectFolder/Saved/Config/Windows/Scalability.ini]
[2020.11.02-04.07.51:675][  0]LogConfig: Setting CVar [[r.Streaming.MipBias:0]]
[2020.11.02-04.07.51:675][  0]LogConfig: Setting CVar [[r.Streaming.AmortizeCPUToGPUCopy:0]]
[2020.11.02-04.07.51:675][  0]LogConfig: Setting CVar [[r.Streaming.MaxNumTexturesToStreamPerFrame:0]]
[2020.11.02-04.07.51:675][  0]LogConfig: Setting CVar [[r.Streaming.Boost:1]]
[2020.11.02-04.07.51:675][  0]LogConfig: Setting CVar [[r.MaxAnisotropy:8]]
[2020.11.02-04.07.51:675][  0]LogConfig: Setting CVar [[r.VT.MaxAnisotropy:8]]
[2020.11.02-04.07.51:675][  0]LogConfig: Setting CVar [[r.Streaming.LimitPoolSizeToVRAM:0]]
[2020.11.02-04.07.51:675][  0]LogConfig: Setting CVar [[r.Streaming.PoolSize:1000]]
[2020.11.02-04.07.51:675][  0]LogConfig: Setting CVar [[r.Streaming.MaxEffectiveScreenSize:0]]
[2020.11.02-04.07.51:675][  0]LogConfig: Applying CVar settings from Section [EffectsQuality@3] File [E:/Work/Personal Work/Unreal Engine/Projects/Level Design - October 2020/ProjectFolder/Saved/Config/Windows/Scalability.ini]
[2020.11.02-04.07.51:675][  0]LogConfig: Setting CVar [[r.TranslucencyLightingVolumeDim:64]]
[2020.11.02-04.07.51:675][  0]LogConfig: Setting CVar [[r.RefractionQuality:2]]
[2020.11.02-04.07.51:675][  0]LogConfig: Setting CVar [[r.SSR.Quality:3]]
[2020.11.02-04.07.51:675][  0]LogConfig: Setting CVar [[r.SSR.HalfResSceneColor:0]]
[2020.11.02-04.07.51:675][  0]LogConfig: Setting CVar [[r.SceneColorFormat:4]]
[2020.11.02-04.07.51:675][  0]LogConfig: Setting CVar [[r.DetailMode:2]]
[2020.11.02-04.07.51:675][  0]LogConfig: Setting CVar [[r.TranslucencyVolumeBlur:1]]
[2020.11.02-04.07.51:675][  0]LogConfig: Setting CVar [[r.MaterialQualityLevel:1 ; High quality]]
[2020.11.02-04.07.51:675][  0]LogConfig: Setting CVar [[r.SSS.Scale:1]]
[2020.11.02-04.07.51:675][  0]LogConfig: Setting CVar [[r.SSS.SampleSet:2]]
[2020.11.02-04.07.51:675][  0]LogConfig: Setting CVar [[r.SSS.Quality:1]]
[2020.11.02-04.07.51:675][  0]LogConfig: Setting CVar [[r.SSS.HalfRes:0]]
[2020.11.02-04.07.51:675][  0]LogConfig: Setting CVar [[r.SSGI.Quality:3]]
[2020.11.02-04.07.51:675][  0]LogConfig: Setting CVar [[r.EmitterSpawnRateScale:1.0]]
[2020.11.02-04.07.51:675][  0]LogConfig: Setting CVar [[r.ParticleLightQuality:2]]
[2020.11.02-04.07.51:675][  0]LogConfig: Setting CVar [[r.SkyAtmosphere.AerialPerspectiveLUT.FastApplyOnOpaque:1 ; Always have FastSkyLUT 1 in this case to avoid wrong sky]]
[2020.11.02-04.07.51:675][  0]LogConfig: Setting CVar [[r.SkyAtmosphere.AerialPerspectiveLUT.SampleCountPerSlice:1]]
[2020.11.02-04.07.51:675][  0]LogConfig: Setting CVar [[r.SkyAtmosphere.AerialPerspectiveLUT.DepthResolution:16.0]]
[2020.11.02-04.07.51:675][  0]LogConfig: Setting CVar [[r.SkyAtmosphere.FastSkyLUT:1]]
[2020.11.02-04.07.51:675][  0]LogConfig: Setting CVar [[r.SkyAtmosphere.FastSkyLUT.SampleCountMin:4.0]]
[2020.11.02-04.07.51:675][  0]LogConfig: Setting CVar [[r.SkyAtmosphere.FastSkyLUT.SampleCountMax:32.0]]
[2020.11.02-04.07.51:675][  0]LogConfig: Setting CVar [[r.SkyAtmosphere.SampleCountMin:4.0]]
[2020.11.02-04.07.51:675][  0]LogConfig: Setting CVar [[r.SkyAtmosphere.SampleCountMax:32.0]]
[2020.11.02-04.07.51:675][  0]LogConfig: Setting CVar [[r.SkyAtmosphere.TransmittanceLUT.UseSmallFormat:0]]
[2020.11.02-04.07.51:675][  0]LogConfig: Setting CVar [[r.SkyAtmosphere.TransmittanceLUT.SampleCount:10.0]]
[2020.11.02-04.07.51:675][  0]LogConfig: Setting CVar [[r.SkyAtmosphere.MultiScatteringLUT.SampleCount:15.0]]
[2020.11.02-04.07.51:675][  0]LogConfig: Applying CVar settings from Section [FoliageQuality@3] File [E:/Work/Personal Work/Unreal Engine/Projects/Level Design - October 2020/ProjectFolder/Saved/Config/Windows/Scalability.ini]
[2020.11.02-04.07.51:675][  0]LogConfig: Setting CVar [[foliage.DensityScale:1.0]]
[2020.11.02-04.07.51:675][  0]LogConfig: Setting CVar [[grass.DensityScale:1.0]]
[2020.11.02-04.07.51:675][  0]LogConfig: Applying CVar settings from Section [ShadingQuality@3] File [E:/Work/Personal Work/Unreal Engine/Projects/Level Design - October 2020/ProjectFolder/Saved/Config/Windows/Scalability.ini]
[2020.11.02-04.07.51:675][  0]LogConfig: Setting CVar [[r.HairStrands.SkyLighting.SampleCount:16]]
[2020.11.02-04.07.51:675][  0]LogConfig: Setting CVar [[r.HairStrands.SkyLighting.JitterIntegration:0]]
[2020.11.02-04.07.51:675][  0]LogConfig: Setting CVar [[r.HairStrands.SkyAO.SampleCount:16]]
[2020.11.02-04.07.51:676][  0]LogConfig: Setting CVar [[r.HairStrands.DeepShadow.SuperSampling:0]]
[2020.11.02-04.07.51:676][  0]LogConfig: Setting CVar [[r.HairStrands.VisibilityPPLL:0]]
[2020.11.02-04.07.51:676][  0]LogConfig: Setting CVar [[r.HairStrands.RasterizationScale:0.5]]
[2020.11.02-04.07.51:676][  0]LogConfig: Setting CVar [[r.HairStrands.VelocityRasterizationScale:1]]
[2020.11.02-04.07.51:676][  0]LogInit: Selected Device Profile: [Windows]
[2020.11.02-04.07.51:676][  0]LogInit: Applying CVar settings loaded from the selected device profile: [Windows]
[2020.11.02-04.07.51:676][  0]LogHAL: Display: Platform has ~ 16 GB [17096736768 / 17179869184 / 16], which maps to Larger [LargestMinGB=32, LargerMinGB=12, DefaultMinGB=8, SmallerMinGB=6, SmallestMinGB=0)
[2020.11.02-04.07.51:676][  0]LogInit: Going up to parent DeviceProfile []
[2020.11.02-04.07.51:676][  0]LogConfig: Applying CVar settings from Section [ViewDistanceQuality@3] File [E:/Work/Personal Work/Unreal Engine/Projects/Level Design - October 2020/ProjectFolder/Saved/Config/Windows/Scalability.ini]
[2020.11.02-04.07.51:676][  0]LogConfig: Setting CVar [[r.SkeletalMeshLODBias:0]]
[2020.11.02-04.07.51:676][  0]LogConfig: Setting CVar [[r.ViewDistanceScale:1.0]]
[2020.11.02-04.07.51:676][  0]LogConfig: Applying CVar settings from Section [AntiAliasingQuality@3] File [E:/Work/Personal Work/Unreal Engine/Projects/Level Design - October 2020/ProjectFolder/Saved/Config/Windows/Scalability.ini]
[2020.11.02-04.07.51:676][  0]LogConfig: Setting CVar [[r.PostProcessAAQuality:4]]
[2020.11.02-04.07.51:676][  0]LogConfig: Applying CVar settings from Section [ShadowQuality@3] File [E:/Work/Personal Work/Unreal Engine/Projects/Level Design - October 2020/ProjectFolder/Saved/Config/Windows/Scalability.ini]
[2020.11.02-04.07.51:676][  0]LogConfig: Setting CVar [[r.LightFunctionQuality:1]]
[2020.11.02-04.07.51:676][  0]LogConfig: Setting CVar [[r.ShadowQuality:5]]
[2020.11.02-04.07.51:676][  0]LogConfig: Setting CVar [[r.Shadow.CSM.MaxCascades:10]]
[2020.11.02-04.07.51:676][  0]LogConfig: Setting CVar [[r.Shadow.MaxResolution:2048]]
[2020.11.02-04.07.51:676][  0]LogConfig: Setting CVar [[r.Shadow.MaxCSMResolution:2048]]
[2020.11.02-04.07.51:676][  0]LogConfig: Setting CVar [[r.Shadow.RadiusThreshold:0.01]]
[2020.11.02-04.07.51:676][  0]LogConfig: Setting CVar [[r.Shadow.DistanceScale:1.0]]
[2020.11.02-04.07.51:676][  0]LogConfig: Setting CVar [[r.Shadow.CSM.TransitionScale:1.0]]
[2020.11.02-04.07.51:676][  0]LogConfig: Setting CVar [[r.Shadow.PreShadowResolutionFactor:1.0]]
[2020.11.02-04.07.51:676][  0]LogConfig: Setting CVar [[r.DistanceFieldShadowing:1]]
[2020.11.02-04.07.51:676][  0]LogConfig: Setting CVar [[r.DistanceFieldAO:1]]
[2020.11.02-04.07.51:676][  0]LogConfig: Setting CVar [[r.AOQuality:2]]
[2020.11.02-04.07.51:676][  0]LogConfig: Setting CVar [[r.VolumetricFog:1]]
[2020.11.02-04.07.51:676][  0]LogConfig: Setting CVar [[r.VolumetricFog.GridPixelSize:8]]
[2020.11.02-04.07.51:676][  0]LogConfig: Setting CVar [[r.VolumetricFog.GridSizeZ:128]]
[2020.11.02-04.07.51:676][  0]LogConfig: Setting CVar [[r.VolumetricFog.HistoryMissSupersampleCount:4]]
[2020.11.02-04.07.51:676][  0]LogConfig: Setting CVar [[r.LightMaxDrawDistanceScale:1]]
[2020.11.02-04.07.51:676][  0]LogConfig: Setting CVar [[r.CapsuleShadows:1]]
[2020.11.02-04.07.51:676][  0]LogConfig: Applying CVar settings from Section [PostProcessQuality@3] File [E:/Work/Personal Work/Unreal Engine/Projects/Level Design - October 2020/ProjectFolder/Saved/Config/Windows/Scalability.ini]
[2020.11.02-04.07.51:676][  0]LogConfig: Setting CVar [[r.MotionBlurQuality:4]]
[2020.11.02-04.07.51:676][  0]LogConfig: Setting CVar [[r.AmbientOcclusionMipLevelFactor:0.4]]
[2020.11.02-04.07.51:676][  0]LogConfig: Setting CVar [[r.AmbientOcclusionMaxQuality:100]]
[2020.11.02-04.07.51:676][  0]LogConfig: Setting CVar [[r.AmbientOcclusionLevels:-1]]
[2020.11.02-04.07.51:676][  0]LogConfig: Setting CVar [[r.AmbientOcclusionRadiusScale:1.0]]
[2020.11.02-04.07.51:676][  0]LogConfig: Setting CVar [[r.DepthOfFieldQuality:2]]
[2020.11.02-04.07.51:676][  0]LogConfig: Setting CVar [[r.RenderTargetPoolMin:400]]
[2020.11.02-04.07.51:676][  0]LogConfig: Setting CVar [[r.LensFlareQuality:2]]
[2020.11.02-04.07.51:676][  0]LogConfig: Setting CVar [[r.SceneColorFringeQuality:1]]
[2020.11.02-04.07.51:676][  0]LogConfig: Setting CVar [[r.EyeAdaptationQuality:2]]
[2020.11.02-04.07.51:676][  0]LogConfig: Setting CVar [[r.BloomQuality:5]]
[2020.11.02-04.07.51:676][  0]LogConfig: Setting CVar [[r.FastBlurThreshold:100]]
[2020.11.02-04.07.51:676][  0]LogConfig: Setting CVar [[r.Upscale.Quality:3]]
[2020.11.02-04.07.51:676][  0]LogConfig: Setting CVar [[r.Tonemapper.GrainQuantization:1]]
[2020.11.02-04.07.51:676][  0]LogConfig: Setting CVar [[r.LightShaftQuality:1]]
[2020.11.02-04.07.51:676][  0]LogConfig: Setting CVar [[r.Filter.SizeScale:1]]
[2020.11.02-04.07.51:676][  0]LogConfig: Setting CVar [[r.Tonemapper.Quality:5]]
[2020.11.02-04.07.51:676][  0]LogConfig: Setting CVar [[r.DOF.Gather.AccumulatorQuality:1        ; higher gathering accumulator quality]]
[2020.11.02-04.07.51:676][  0]LogConfig: Setting CVar [[r.DOF.Gather.PostfilterMethod:1          ; Median3x3 postfilering method]]
[2020.11.02-04.07.51:676][  0]LogConfig: Setting CVar [[r.DOF.Gather.EnableBokehSettings:0       ; no bokeh simulation when gathering]]
[2020.11.02-04.07.51:676][  0]LogConfig: Setting CVar [[r.DOF.Gather.RingCount:4                 ; medium number of samples when gathering]]
[2020.11.02-04.07.51:676][  0]LogConfig: Setting CVar [[r.DOF.Scatter.ForegroundCompositing:1    ; additive foreground scattering]]
[2020.11.02-04.07.51:676][  0]LogConfig: Setting CVar [[r.DOF.Scatter.BackgroundCompositing:2    ; additive background scattering]]
[2020.11.02-04.07.51:676][  0]LogConfig: Setting CVar [[r.DOF.Scatter.EnableBokehSettings:1      ; bokeh simulation when scattering]]
[2020.11.02-04.07.51:676][  0]LogConfig: Setting CVar [[r.DOF.Scatter.MaxSpriteRatio:0.1         ; only a maximum of 10% of scattered bokeh]]
[2020.11.02-04.07.51:676][  0]LogConfig: Setting CVar [[r.DOF.Recombine.Quality:1                ; cheap slight out of focus]]
[2020.11.02-04.07.51:676][  0]LogConfig: Setting CVar [[r.DOF.Recombine.EnableBokehSettings:0    ; no bokeh simulation on slight out of focus]]
[2020.11.02-04.07.51:676][  0]LogConfig: Setting CVar [[r.DOF.TemporalAAQuality:1                ; more stable temporal accumulation]]
[2020.11.02-04.07.51:676][  0]LogConfig: Setting CVar [[r.DOF.Kernel.MaxForegroundRadius:0.025]]
[2020.11.02-04.07.51:676][  0]LogConfig: Setting CVar [[r.DOF.Kernel.MaxBackgroundRadius:0.025]]
[2020.11.02-04.07.51:676][  0]LogConfig: Applying CVar settings from Section [TextureQuality@3] File [E:/Work/Personal Work/Unreal Engine/Projects/Level Design - October 2020/ProjectFolder/Saved/Config/Windows/Scalability.ini]
[2020.11.02-04.07.51:676][  0]LogConfig: Setting CVar [[r.Streaming.MipBias:0]]
[2020.11.02-04.07.51:676][  0]LogConfig: Setting CVar [[r.Streaming.AmortizeCPUToGPUCopy:0]]
[2020.11.02-04.07.51:676][  0]LogConfig: Setting CVar [[r.Streaming.MaxNumTexturesToStreamPerFrame:0]]
[2020.11.02-04.07.51:676][  0]LogConfig: Setting CVar [[r.Streaming.Boost:1]]
[2020.11.02-04.07.51:676][  0]LogConfig: Setting CVar [[r.MaxAnisotropy:8]]
[2020.11.02-04.07.51:676][  0]LogConfig: Setting CVar [[r.VT.MaxAnisotropy:8]]
[2020.11.02-04.07.51:676][  0]LogConfig: Setting CVar [[r.Streaming.LimitPoolSizeToVRAM:0]]
[2020.11.02-04.07.51:676][  0]LogConfig: Setting CVar [[r.Streaming.PoolSize:1000]]
[2020.11.02-04.07.51:676][  0]LogConfig: Setting CVar [[r.Streaming.MaxEffectiveScreenSize:0]]
[2020.11.02-04.07.51:676][  0]LogConfig: Applying CVar settings from Section [EffectsQuality@3] File [E:/Work/Personal Work/Unreal Engine/Projects/Level Design - October 2020/ProjectFolder/Saved/Config/Windows/Scalability.ini]
[2020.11.02-04.07.51:676][  0]LogConfig: Setting CVar [[r.TranslucencyLightingVolumeDim:64]]
[2020.11.02-04.07.51:676][  0]LogConfig: Setting CVar [[r.RefractionQuality:2]]
[2020.11.02-04.07.51:676][  0]LogConfig: Setting CVar [[r.SSR.Quality:3]]
[2020.11.02-04.07.51:676][  0]LogConfig: Setting CVar [[r.SSR.HalfResSceneColor:0]]
[2020.11.02-04.07.51:676][  0]LogConfig: Setting CVar [[r.SceneColorFormat:4]]
[2020.11.02-04.07.51:676][  0]LogConfig: Setting CVar [[r.DetailMode:2]]
[2020.11.02-04.07.51:676][  0]LogConfig: Setting CVar [[r.TranslucencyVolumeBlur:1]]
[2020.11.02-04.07.51:677][  0]LogConfig: Setting CVar [[r.MaterialQualityLevel:1 ; High quality]]
[2020.11.02-04.07.51:677][  0]LogConfig: Setting CVar [[r.SSS.Scale:1]]
[2020.11.02-04.07.51:677][  0]LogConfig: Setting CVar [[r.SSS.SampleSet:2]]
[2020.11.02-04.07.51:677][  0]LogConfig: Setting CVar [[r.SSS.Quality:1]]
[2020.11.02-04.07.51:677][  0]LogConfig: Setting CVar [[r.SSS.HalfRes:0]]
[2020.11.02-04.07.51:677][  0]LogConfig: Setting CVar [[r.SSGI.Quality:3]]
[2020.11.02-04.07.51:677][  0]LogConfig: Setting CVar [[r.EmitterSpawnRateScale:1.0]]
[2020.11.02-04.07.51:677][  0]LogConfig: Setting CVar [[r.ParticleLightQuality:2]]
[2020.11.02-04.07.51:677][  0]LogConfig: Setting CVar [[r.SkyAtmosphere.AerialPerspectiveLUT.FastApplyOnOpaque:1 ; Always have FastSkyLUT 1 in this case to avoid wrong sky]]
[2020.11.02-04.07.51:677][  0]LogConfig: Setting CVar [[r.SkyAtmosphere.AerialPerspectiveLUT.SampleCountPerSlice:1]]
[2020.11.02-04.07.51:677][  0]LogConfig: Setting CVar [[r.SkyAtmosphere.AerialPerspectiveLUT.DepthResolution:16.0]]
[2020.11.02-04.07.51:677][  0]LogConfig: Setting CVar [[r.SkyAtmosphere.FastSkyLUT:1]]
[2020.11.02-04.07.51:677][  0]LogConfig: Setting CVar [[r.SkyAtmosphere.FastSkyLUT.SampleCountMin:4.0]]
[2020.11.02-04.07.51:677][  0]LogConfig: Setting CVar [[r.SkyAtmosphere.FastSkyLUT.SampleCountMax:32.0]]
[2020.11.02-04.07.51:677][  0]LogConfig: Setting CVar [[r.SkyAtmosphere.SampleCountMin:4.0]]
[2020.11.02-04.07.51:677][  0]LogConfig: Setting CVar [[r.SkyAtmosphere.SampleCountMax:32.0]]
[2020.11.02-04.07.51:677][  0]LogConfig: Setting CVar [[r.SkyAtmosphere.TransmittanceLUT.UseSmallFormat:0]]
[2020.11.02-04.07.51:677][  0]LogConfig: Setting CVar [[r.SkyAtmosphere.TransmittanceLUT.SampleCount:10.0]]
[2020.11.02-04.07.51:677][  0]LogConfig: Setting CVar [[r.SkyAtmosphere.MultiScatteringLUT.SampleCount:15.0]]
[2020.11.02-04.07.51:677][  0]LogConfig: Applying CVar settings from Section [FoliageQuality@3] File [E:/Work/Personal Work/Unreal Engine/Projects/Level Design - October 2020/ProjectFolder/Saved/Config/Windows/Scalability.ini]
[2020.11.02-04.07.51:677][  0]LogConfig: Setting CVar [[foliage.DensityScale:1.0]]
[2020.11.02-04.07.51:677][  0]LogConfig: Setting CVar [[grass.DensityScale:1.0]]
[2020.11.02-04.07.51:677][  0]LogConfig: Applying CVar settings from Section [ShadingQuality@3] File [E:/Work/Personal Work/Unreal Engine/Projects/Level Design - October 2020/ProjectFolder/Saved/Config/Windows/Scalability.ini]
[2020.11.02-04.07.51:677][  0]LogConfig: Setting CVar [[r.HairStrands.SkyLighting.SampleCount:16]]
[2020.11.02-04.07.51:677][  0]LogConfig: Setting CVar [[r.HairStrands.SkyLighting.JitterIntegration:0]]
[2020.11.02-04.07.51:677][  0]LogConfig: Setting CVar [[r.HairStrands.SkyAO.SampleCount:16]]
[2020.11.02-04.07.51:677][  0]LogConfig: Setting CVar [[r.HairStrands.DeepShadow.SuperSampling:0]]
[2020.11.02-04.07.51:677][  0]LogConfig: Setting CVar [[r.HairStrands.VisibilityPPLL:0]]
[2020.11.02-04.07.51:677][  0]LogConfig: Setting CVar [[r.HairStrands.RasterizationScale:0.5]]
[2020.11.02-04.07.51:677][  0]LogConfig: Setting CVar [[r.HairStrands.VelocityRasterizationScale:1]]
[2020.11.02-04.07.51:677][  0]LogConfig: Applying CVar settings from Section [Startup] File [../../../Engine/Config/ConsoleVariables.ini]
[2020.11.02-04.07.51:681][  0]LogConfig: Setting CVar [[net.UseAdaptiveNetUpdateFrequency:0]]
[2020.11.02-04.07.51:681][  0]LogConfig: Setting CVar [[p.chaos.AllowCreatePhysxBodies:1]]
[2020.11.02-04.07.51:681][  0]LogConfig: Setting CVar [[fx.SkipVectorVMBackendOptimizations:1]]
[2020.11.02-04.07.51:681][  0]LogConfig: Applying CVar settings from Section [ConsoleVariables] File [E:/Work/Personal Work/Unreal Engine/Projects/Level Design - October 2020/ProjectFolder/Saved/Config/Windows/Engine.ini]
[2020.11.02-04.07.51:681][  0]LogInit: Computer: ANUJ-PC
[2020.11.02-04.07.51:681][  0]LogInit: User: ANUJ
[2020.11.02-04.07.51:681][  0]LogInit: CPU Page size=4096, Cores=4
[2020.11.02-04.07.51:681][  0]LogInit: High frequency timer resolution =10.000000 MHz
[2020.11.02-04.07.51:681][  0]LogMemory: Memory total: Physical=15.9GB (16GB approx)
[2020.11.02-04.07.51:681][  0]LogMemory: Platform Memory Stats for Windows
[2020.11.02-04.07.51:681][  0]LogMemory: Process Physical Memory: 115.47 MB used, 115.48 MB peak
[2020.11.02-04.07.51:681][  0]LogMemory: Process Virtual Memory: 104.79 MB used, 104.79 MB peak
[2020.11.02-04.07.51:681][  0]LogMemory: Physical Memory: 4072.15 MB used,  12232.57 MB free, 16304.72 MB total
[2020.11.02-04.07.51:681][  0]LogMemory: Virtual Memory: 5155.82 MB used,  134212576.00 MB free, 134217728.00 MB total
[2020.11.02-04.07.51:685][  0]LogWindows: WindowsPlatformFeatures enabled
[2020.11.02-04.07.52:151][  0]LogInit: Physics initialised using underlying interface: PhysX
[2020.11.02-04.07.52:153][  0]LogInit: Using OS detected language (en-US).
[2020.11.02-04.07.52:153][  0]LogInit: Using OS detected locale (en-US).
[2020.11.02-04.07.52:195][  0]LogTextLocalizationManager: No specific localization for 'en-US' exists, so the 'en' localization will be used.
[2020.11.02-04.07.52:653][  0]LogInit: Setting process to per monitor DPI aware
[2020.11.02-04.07.52:870][  0]LogSlate: New Slate User Created.  User Index 0, Is Virtual User: 0
[2020.11.02-04.07.52:870][  0]LogSlate: Slate User Registered.  User Index 0, Is Virtual User: 0
[2020.11.02-04.07.55:066][  0]LogD3D12RHI: Aftermath initialized
[2020.11.02-04.07.55:066][  0]LogD3D12RHI: Loading WinPixEventRuntime.dll for PIX profiling (from ../../../Engine/Binaries/ThirdParty/Windows/WinPixEventRuntime/x64).
[2020.11.02-04.07.55:091][  0]LogHMD: Failed to initialize OpenVR with code 110
[2020.11.02-04.07.55:280][  0]LogD3D12RHI: Found D3D12 adapter 0: NVIDIA GeForce GTX 1070 (Max supported Feature Level 12_1)
[2020.11.02-04.07.55:280][  0]LogD3D12RHI: Adapter has 8088MB of dedicated video memory, 0MB of dedicated system memory, and 8152MB of shared system memory, 1 output[s]
[2020.11.02-04.07.55:305][  0]LogD3D12RHI: Found D3D12 adapter 1: Microsoft Basic Render Driver (Max supported Feature Level 12_1)
[2020.11.02-04.07.55:305][  0]LogD3D12RHI: Adapter has 0MB of dedicated video memory, 0MB of dedicated system memory, and 8152MB of shared system memory, 0 output[s]
[2020.11.02-04.07.55:305][  0]LogD3D12RHI: Forcing D3D12.AsyncDeferredDeletion=0 as a workaround for a deadlock.
[2020.11.02-04.07.55:306][  0]LogD3D12RHI: Chosen D3D12 Adapter Id = 0
[2020.11.02-04.07.55:310][  0]LogD3D12RHI: Emitting draw events for PIX profiling.
[2020.11.02-04.07.55:393][  0]LogD3D12RHI: D3D12 ray tracing enabled.
[2020.11.02-04.07.55:393][  0]LogD3D12RHI: The system supports ID3D12Device1.
[2020.11.02-04.07.55:393][  0]LogD3D12RHI: The system supports ID3D12Device2.
[2020.11.02-04.07.55:436][  0]LogD3D12RHI: [GPUBreadCrumb] Successfully setup breadcrumb resource for 3D Queue 0
[2020.11.02-04.07.55:440][  0]LogD3D12RHI: [GPUBreadCrumb] Successfully setup breadcrumb resource for Copy Queue 0
[2020.11.02-04.07.55:449][  0]LogD3D12RHI: [GPUBreadCrumb] Successfully setup breadcrumb resource for Compute Queue 0
[2020.11.02-04.07.55:453][  0]LogD3D12RHI: Display: Not using pipeline state disk cache per r.D3D12.PSO.DiskCache=0
[2020.11.02-04.07.55:453][  0]LogD3D12RHI: Display: Not using driver-optimized pipeline state disk cache per r.D3D12.PSO.DriverOptimizedDiskCache=0
[2020.11.02-04.07.55:454][  0]LogD3D12RHI:     GPU DeviceId: 0x1b81 (for the marketing name, search the web for "GPU Device Id")
[2020.11.02-04.07.55:454][  0]LogWindows: EnumDisplayDevices:
[2020.11.02-04.07.55:454][  0]LogWindows:    0. 'NVIDIA GeForce GTX 1070' (P:1 D:1)
[2020.11.02-04.07.55:454][  0]LogWindows:    1. 'NVIDIA GeForce GTX 1070' (P:0 D:0)
[2020.11.02-04.07.55:454][  0]LogWindows:    2. 'NVIDIA GeForce GTX 1070' (P:0 D:0)
[2020.11.02-04.07.55:454][  0]LogWindows:    3. 'NVIDIA GeForce GTX 1070' (P:0 D:0)
[2020.11.02-04.07.55:454][  0]LogWindows: DebugString: FoundDriverCount:4 
[2020.11.02-04.07.55:454][  0]LogD3D12RHI:     Adapter Name: NVIDIA GeForce GTX 1070
[2020.11.02-04.07.55:454][  0]LogD3D12RHI:   Driver Version: 457.09 (internal:27.21.14.5709, unified:457.09)
[2020.11.02-04.07.55:454][  0]LogD3D12RHI:      Driver Date: 10-22-2020
[2020.11.02-04.07.55:454][  0]LogRHI: Texture pool is 4331 MB (70% of 6187 MB)
[2020.11.02-04.07.55:455][  0]LogD3D12RHI: Async texture creation enabled
[2020.11.02-04.07.55:455][  0]LogD3D12RHI: RHI has support for 64 bit atomics
[2020.11.02-04.07.55:957][  0]LogTargetPlatformManager: Display: Loaded TargetPlatform 'AllDesktop'
[2020.11.02-04.07.55:991][  0]LogTargetPlatformManager: Display: Loaded TargetPlatform 'Android'
[2020.11.02-04.07.55:991][  0]LogTargetPlatformManager: Display: Loaded TargetPlatform 'Android_ASTC'
[2020.11.02-04.07.55:991][  0]LogTargetPlatformManager: Display: Loaded TargetPlatform 'Android_DXT'
[2020.11.02-04.07.55:991][  0]LogTargetPlatformManager: Display: Loaded TargetPlatform 'Android_ETC2'
[2020.11.02-04.07.55:991][  0]LogTargetPlatformManager: Display: Loaded TargetPlatform 'AndroidClient'
[2020.11.02-04.07.55:991][  0]LogTargetPlatformManager: Display: Loaded TargetPlatform 'Android_ASTCClient'
[2020.11.02-04.07.55:991][  0]LogTargetPlatformManager: Display: Loaded TargetPlatform 'Android_DXTClient'
[2020.11.02-04.07.55:991][  0]LogTargetPlatformManager: Display: Loaded TargetPlatform 'Android_ETC2Client'
[2020.11.02-04.07.55:991][  0]LogTargetPlatformManager: Display: Loaded TargetPlatform 'Android_Multi'
[2020.11.02-04.07.55:991][  0]LogTargetPlatformManager: Display: Loaded TargetPlatform 'Android_MultiClient'
[2020.11.02-04.07.56:068][  0]LogTargetPlatformManager: Display: Loaded TargetPlatform 'IOSClient'
[2020.11.02-04.07.56:068][  0]LogTargetPlatformManager: Display: Loaded TargetPlatform 'IOS'
[2020.11.02-04.07.56:106][  0]LogTargetPlatformManager: Display: Loaded TargetPlatform 'Linux'
[2020.11.02-04.07.56:136][  0]LogTargetPlatformManager: Display: Loaded TargetPlatform 'LinuxNoEditor'
[2020.11.02-04.07.56:157][  0]LogTargetPlatformManager: Display: Loaded TargetPlatform 'LinuxClient'
[2020.11.02-04.07.56:175][  0]LogTargetPlatformManager: Display: Loaded TargetPlatform 'LinuxServer'
[2020.11.02-04.07.56:197][  0]LogTargetPlatformManager: Display: Loaded TargetPlatform 'LinuxAArch64NoEditor'
[2020.11.02-04.07.56:215][  0]LogTargetPlatformManager: Display: Loaded TargetPlatform 'LinuxAArch64Client'
[2020.11.02-04.07.56:232][  0]LogTargetPlatformManager: Display: Loaded TargetPlatform 'LinuxAArch64Server'
[2020.11.02-04.07.56:271][  0]LogTargetPlatformManager: Display: Loaded TargetPlatform 'Lumin'
[2020.11.02-04.07.56:271][  0]LogTargetPlatformManager: Display: Loaded TargetPlatform 'LuminClient'
[2020.11.02-04.07.56:293][  0]LogTargetPlatformManager: Display: Loaded TargetPlatform 'TVOSClient'
[2020.11.02-04.07.56:293][  0]LogTargetPlatformManager: Display: Loaded TargetPlatform 'TVOS'
[2020.11.02-04.07.56:329][  0]LogTargetPlatformManager: Display: Loaded TargetPlatform 'WindowsNoEditor'
[2020.11.02-04.07.56:347][  0]LogTargetPlatformManager: Display: Loaded TargetPlatform 'Windows'
[2020.11.02-04.07.56:370][  0]LogTargetPlatformManager: Display: Loaded TargetPlatform 'WindowsClient'
[2020.11.02-04.07.56:387][  0]LogTargetPlatformManager: Display: Loaded TargetPlatform 'WindowsServer'
[2020.11.02-04.07.56:387][  0]LogTargetPlatformManager: Display: Building Assets For Windows
[2020.11.02-04.07.56:474][  0]LogAudioDebug: Display: Lib vorbis DLL was dynamically loaded.
[2020.11.02-04.07.57:030][  0]LogShaderCompilers: Guid format shader working directory is -42 characters bigger than the processId version (E:/Work/Personal Work/Unreal Engine/Projects/Level Design - October 2020/ProjectFolder/Intermediate/Shaders/WorkingDirectory/11376/).
[2020.11.02-04.07.57:030][  0]LogShaderCompilers: Cleaned the shader compiler working directory 'C:/Users/ANUJ/AppData/Local/Temp/UnrealShaderWorkingDir/3EFFBC5D4B01CE73D967E1857E3C401D/'.
[2020.11.02-04.07.57:030][  0]LogXGEController: Cleaning working directory: C:/Users/ANUJ/AppData/Local/Temp/UnrealXGEWorkingDir/
[2020.11.02-04.07.57:031][  0]LogXGEController: Cannot use XGE Controller as Incredibuild is not installed on this machine.
[2020.11.02-04.07.57:031][  0]LogShaderCompilers: Cannot use XGE Shader Compiler as Incredibuild is not installed on this machine.
[2020.11.02-04.07.57:031][  0]LogShaderCompilers: Display: Using Local Shader Compiler.
[2020.11.02-04.07.59:944][  0]LogDerivedDataCache: Display: Max Cache Size: 512 MB
[2020.11.02-04.08.00:666][  0]LogDerivedDataCache: Loaded boot cache 0.72s 112MB C:/Users/ANUJ/AppData/Local/UnrealEngine/4.25/DerivedDataCache/Boot.ddc.
[2020.11.02-04.08.00:666][  0]LogDerivedDataCache: Display: Loaded Boot cache: C:/Users/ANUJ/AppData/Local/UnrealEngine/4.25/DerivedDataCache/Boot.ddc
[2020.11.02-04.08.00:666][  0]LogDerivedDataCache: FDerivedDataBackendGraph:  Pak pak cache file E:/Work/Personal Work/Unreal Engine/Projects/Level Design - October 2020/ProjectFolder/DerivedDataCache/DDC.ddp not found, will not use a pak cache.
[2020.11.02-04.08.00:666][  0]LogDerivedDataCache: Unable to find inner node Pak for hierarchical cache Hierarchy.
[2020.11.02-04.08.00:666][  0]LogDerivedDataCache: FDerivedDataBackendGraph:  CompressedPak pak cache file E:/Work/Personal Work/Unreal Engine/Projects/Level Design - October 2020/ProjectFolder/DerivedDataCache/Compressed.ddp not found, will not use a pak cache.
[2020.11.02-04.08.00:666][  0]LogDerivedDataCache: Unable to find inner node CompressedPak for hierarchical cache Hierarchy.
[2020.11.02-04.08.00:738][  0]LogDerivedDataCache: Display: Pak cache opened for reading ../../../Engine/DerivedDataCache/Compressed.ddp.
[2020.11.02-04.08.00:738][  0]LogDerivedDataCache: FDerivedDataBackendGraph:  EnterprisePak pak cache file ../../../Enterprise/DerivedDataCache/Compressed.ddp not found, will not use a pak cache.
[2020.11.02-04.08.00:738][  0]LogDerivedDataCache: Unable to find inner node EnterprisePak for hierarchical cache Hierarchy.
[2020.11.02-04.08.00:739][  0]LogDerivedDataCache: Using Local data cache path C:/Users/ANUJ/AppData/Local/UnrealEngine/Common/DerivedDataCache: Writable
[2020.11.02-04.08.00:739][  0]LogDerivedDataCache: Shared data cache path not found in *engine.ini, will not use an Shared cache.
[2020.11.02-04.08.00:739][  0]LogDerivedDataCache: Unable to find inner node Shared for hierarchical cache Hierarchy.
[2020.11.02-04.08.00:809][  0]LogSlate: Using FreeType 2.10.0
[2020.11.02-04.08.00:821][  0]LogSlate: SlateFontServices - WITH_FREETYPE: 1, WITH_HARFBUZZ: 1
[2020.11.02-04.08.01:372][  0]LogAssetRegistry: FAssetRegistry took 0.0020 seconds to start up
[2020.11.02-04.08.01:565][  0]LogInit: Selected Device Profile: [Windows]
[2020.11.02-04.08.02:583][  0]LogMeshReduction: Using QuadricMeshReduction for automatic static mesh reduction
[2020.11.02-04.08.02:583][  0]LogMeshReduction: Using SimplygonMeshReduction for automatic skeletal mesh reduction
[2020.11.02-04.08.02:583][  0]LogMeshReduction: Using ProxyLODMeshReduction for automatic mesh merging
[2020.11.02-04.08.02:583][  0]LogMeshReduction: No distributed automatic mesh merging module available
[2020.11.02-04.08.02:583][  0]LogMeshMerging: No distributed automatic mesh merging module available
[2020.11.02-04.08.02:812][  0]LogNetVersion: ProjectFolder 1.0.0, NetCL: 13144385, EngineNetVer: 14, GameNetVer: 0 (Checksum: 3340106668)
[2020.11.02-04.08.06:905][  0]LogAISub: UAISubsystem::UAISubsystem AISubsystem (00000248D8635EC0), frame # 0
[2020.11.02-04.08.06:905][  0]LogAISub: UAISubsystem::UAISubsystem AIPerceptionSystem (00000248D85320C0), frame # 0
[2020.11.02-04.08.06:906][  0]LogAISub: UAISubsystem::UAISubsystem EnvQueryManager (00000248D8586200), frame # 0
[2020.11.02-04.08.06:984][  0]LogPackageLocalizationCache: Processed 30 localized package path(s) for 1 prioritized culture(s) in 0.059242 seconds
[2020.11.02-04.08.06:988][  0]LogUObjectArray: 15911 objects as part of root set at end of initial load.
[2020.11.02-04.08.06:988][  0]LogUObjectAllocator: 3963456 out of 0 bytes used by permanent object pool.
[2020.11.02-04.08.06:988][  0]LogUObjectArray: CloseDisregardForGC: 0/0 objects in disregard for GC pool
[2020.11.02-04.08.08:219][  0]LogD3D12RHI: Creating RTPSO with 3 shaders (0 cached, 3 new) took 55.43 ms. Compile time 44.18 ms, link time 11.21 ms.
[2020.11.02-04.08.08:243][  0]LogD3D12RHI: Creating RTPSO with 3 shaders (1 cached, 2 new) took 24.05 ms. Compile time 21.87 ms, link time 2.17 ms.
[2020.11.02-04.08.09:380][  0]LogPython: Using Python 2.7.14
[2020.11.02-04.08.11:510][  0]LogTcpMessaging: Initializing TcpMessaging bridge
[2020.11.02-04.08.11:535][  0]LogUdpMessaging: Initializing bridge on interface 0.0.0.0:0 to multicast group 230.0.0.1:6666.
[2020.11.02-04.08.12:146][  0]SourceControl: Source control is disabled
[2020.11.02-04.08.12:146][  0]SourceControl: Source control is disabled
[2020.11.02-04.08.12:200][  0]SourceControl: Source control is disabled
[2020.11.02-04.08.12:222][  0]SourceControl: Source control is disabled
[2020.11.02-04.08.12:250][  0]SourceControl: Source control is disabled
[2020.11.02-04.08.12:311][  0]LogVSAccessor: Display: Unable to create Visual Studio setup instance: 80040154
[2020.11.02-04.08.12:311][  0]LogVSAccessor: Display: Unable to create Visual Studio setup instance: 80040154
[2020.11.02-04.08.14:607][  0]LogImageWrapper: Warning: PNG Warning: Duplicate iCCP chunk
[2020.11.02-04.08.14:607][  0]LogImageWrapper: Warning: PNG Warning: Duplicate iCCP chunk
[2020.11.02-04.08.15:770][  0]LogImageWrapper: Warning: PNG Warning: Duplicate iCCP chunk
[2020.11.02-04.08.15:771][  0]LogImageWrapper: Warning: PNG Warning: Duplicate iCCP chunk
[2020.11.02-04.08.17:573][  0]LogAndroidPermission: UAndroidPermissionCallbackProxy::GetInstance
[2020.11.02-04.08.17:722][  0]LogAudioCaptureCore: Display: No Audio Capture implementations found. Audio input will be silent.
[2020.11.02-04.08.17:722][  0]LogAudioCaptureCore: Display: No Audio Capture implementations found. Audio input will be silent.
[2020.11.02-04.08.18:022][  0]LogOcInput: OculusInput pre-init called
[2020.11.02-04.08.18:090][  0]LogWindows: Failed to load 'OVRPlugin.dll' (GetLastError=126)
[2020.11.02-04.08.18:090][  0]LogWindows: File 'OVRPlugin.dll' does not exist
[2020.11.02-04.08.18:466][  0]LogImageWrapper: Warning: PNG Warning: Duplicate iCCP chunk
[2020.11.02-04.08.18:466][  0]LogImageWrapper: Warning: PNG Warning: Duplicate iCCP chunk
[2020.11.02-04.08.18:778][  0]LogImageWrapper: Warning: PNG Warning: Duplicate iCCP chunk
[2020.11.02-04.08.18:778][  0]LogImageWrapper: Warning: PNG Warning: Duplicate iCCP chunk
[2020.11.02-04.08.18:778][  0]LogEngine: Initializing Engine...
[2020.11.02-04.08.18:779][  0]LogHMD: Failed to initialize OpenVR with code 110
[2020.11.02-04.08.18:779][  0]LogMagicLeap: Warning: VR disabled because ZI is not enabled.  To enable, in the editor, Edit -> Project Settings -> Plugins -> Magic Leap Plugin -> Enable Zero Iteration
[2020.11.02-04.08.18:779][  0]LogStylusInput: Initializing StylusInput subsystem.
[2020.11.02-04.08.18:800][  0]LogStats: UGameplayTagsManager::InitializeManager -  0.000 s
[2020.11.02-04.08.19:450][  0]LogInit: Initializing FReadOnlyCVARCache
[2020.11.02-04.08.19:485][  0]LogAIModule: Creating AISystem for world Untitled
[2020.11.02-04.08.19:485][  0]LogAISub: UAISubsystem::UAISubsystem EnvQueryManager (00000248F3D99A00), frame # 0
[2020.11.02-04.08.19:485][  0]LogAISub: UAISubsystem::UAISubsystem AIPerceptionSystem (00000248F3DD5940), frame # 0
[2020.11.02-04.08.19:509][  0]LogAudioMixer: Display: Audio Mixer Platform Settings:
[2020.11.02-04.08.19:509][  0]LogAudioMixer: Display: 	Sample Rate:						  48000
[2020.11.02-04.08.19:509][  0]LogAudioMixer: Display: 	Callback Buffer Frame Size Requested: 1024
[2020.11.02-04.08.19:509][  0]LogAudioMixer: Display: 	Callback Buffer Frame Size To Use:	  1024
[2020.11.02-04.08.19:509][  0]LogAudioMixer: Display: 	Number of buffers to queue:			  2
[2020.11.02-04.08.19:509][  0]LogAudioMixer: Display: 	Max Channels (voices):				  32
[2020.11.02-04.08.19:509][  0]LogAudioMixer: Display: 	Number of Async Source Workers:		  0
[2020.11.02-04.08.19:509][  0]LogAudio: Display: AudioDevice MaxSources: 32
[2020.11.02-04.08.19:509][  0]LogAudio: Display: Using built-in audio occlusion.
[2020.11.02-04.08.19:509][  0]LogAudioMixer: Display: Initializing audio mixer.
[2020.11.02-04.08.19:554][  0]LogAudioMixer: Display: 0: FrontLeft
[2020.11.02-04.08.19:554][  0]LogAudioMixer: Display: 1: FrontRight
[2020.11.02-04.08.19:585][  0]LogAudioMixer: Display: Using Audio Device BenQ EW2440L (NVIDIA High Definition Audio)
[2020.11.02-04.08.19:585][  0]LogAudioMixer: Display: Initializing Sound Submixes...
[2020.11.02-04.08.19:603][  0]LogAudioMixer: Display: Creating Master Submix 'MasterSubmixDefault'
[2020.11.02-04.08.19:603][  0]LogAudioMixer: Display: Creating Master Submix 'MasterReverbSubmixDefault'
[2020.11.02-04.08.19:604][  0]LogAudioMixer: Display: Creating Master Submix 'MasterEQSubmixDefault'
[2020.11.02-04.08.19:605][  0]LogInit: FAudioDevice initialized.
[2020.11.02-04.08.19:605][  0]LogNetVersion: Set ProjectVersion to 1.0.0.0. Version Checksum will be recalculated on next use.
[2020.11.02-04.08.19:766][  0]LogDerivedDataCache: Saved boot cache 0.16s 112MB C:/Users/ANUJ/AppData/Local/UnrealEngine/4.25/DerivedDataCache/Boot.ddc.
[2020.11.02-04.08.19:769][  0]LogInit: Texture streaming: Enabled
[2020.11.02-04.08.19:918][  0]LogEngineSessionManager: EngineSessionManager initialized
[2020.11.02-04.08.19:918][  0]LogEditorSessionSummary: Verbose: Initializing EditorSessionSummaryWriter for editor session tracking
[2020.11.02-04.08.19:924][  0]LogEditorSessionSummary: EditorSessionSummaryWriter initialized
[2020.11.02-04.08.20:095][  0]LogInit: Transaction tracking system initialized
[2020.11.02-04.08.20:258][  0]BlueprintLog: New page: Editor Load
[2020.11.02-04.08.20:964][  0]LocalizationService: Localization service is disabled
[2020.11.02-04.08.21:851][  0]LogVSAccessor: Display: Unable to create Visual Studio setup instance: 80040154
[2020.11.02-04.08.21:851][  0]LogVSAccessor: Display: Unable to create Visual Studio setup instance: 80040154
[2020.11.02-04.08.23:348][  0]LogFileCache: Scanning file cache for directory 'E:/Work/Personal Work/Unreal Engine/Projects/Level Design - October 2020/ProjectFolder/Content/' took 0.01s
[2020.11.02-04.08.23:348][  0]LogCook: Display: Max memory allowance for cook 16384mb min free memory 0mb
[2020.11.02-04.08.23:353][  0]LogCook: Display: Mobile HDR setting 1
[2020.11.02-04.08.27:472][  0]LogImageWrapper: Warning: PNG Warning: Duplicate iCCP chunk
[2020.11.02-04.08.27:472][  0]LogImageWrapper: Warning: PNG Warning: Duplicate iCCP chunk
[2020.11.02-04.08.28:025][  0]SourceControl: Source control is disabled
[2020.11.02-04.08.28:025][  0]LogUnrealEdMisc: Loading editor; pre map load, took 42.967
[2020.11.02-04.08.28:032][  0]Cmd: MAP LOAD FILE="E:/Work/Personal Work/Unreal Engine/Projects/Level Design - October 2020/ProjectFolder/Content/Levels/RestaurantLevel.umap" TEMPLATE=0 SHOWPROGRESS=1 FEATURELEVEL=3
[2020.11.02-04.08.28:043][  0]LightingResults: New page: Lighting Build
[2020.11.02-04.08.28:055][  0]LogWorld: UWorld::CleanupWorld for Untitled, bSessionEnded=true, bCleanupResources=true
[2020.11.02-04.08.28:055][  0]LogSlate: InvalidateAllWidgets triggered.  All widgets were invalidated
[2020.11.02-04.08.28:056][  0]MapCheck: New page: Map Check
[2020.11.02-04.08.28:056][  0]LightingResults: New page: Lighting Build
[2020.11.02-04.08.28:069][  0]LogAISub: UAISubsystem::~UAISubsystem EnvQueryManager (00000248F3D99A00), frame # 0
[2020.11.02-04.08.28:069][  0]LogAISub: UAISubsystem::~UAISubsystem AIPerceptionSystem (00000248F3DD5940), frame # 0
[2020.11.02-04.08.28:070][  0]LogUObjectHash: Compacting FUObjectHashTables data took   0.73ms
[2020.11.02-04.08.37:139][  0]LogAIModule: Creating AISystem for world RestaurantLevel
[2020.11.02-04.08.37:139][  0]LogAISub: UAISubsystem::UAISubsystem EnvQueryManager (0000024917EF1400), frame # 0
[2020.11.02-04.08.37:139][  0]LogAISub: UAISubsystem::UAISubsystem AIPerceptionSystem (0000024917F39E40), frame # 0
[2020.11.02-04.08.39:105][  0]LogEditorServer: Finished looking for orphan Actors (0.000 secs)
[2020.11.02-04.08.39:124][  0]LogUObjectHash: Compacting FUObjectHashTables data took   0.83ms
[2020.11.02-04.08.39:135][  0]Cmd: MAP CHECKDEP NOCLEARLOG
[2020.11.02-04.08.39:135][  0]MapCheck: Map check complete: 0 Error(s), 0 Warning(s), took 0.075ms to complete.
[2020.11.02-04.08.39:135][  0]LogFileHelpers: Loading map 'RestaurantLevel' took 11.104
[2020.11.02-04.08.39:175][  0]LogUnrealEdMisc: Total Editor Startup Time, took 54.117
[2020.11.02-04.08.39:534][  0]LogSlate: Updating window title bar state: overlay mode, drag disabled, window buttons hidden, title bar hidden
[2020.11.02-04.08.39:551][  0]LogSlate: Updating window title bar state: overlay mode, drag disabled, window buttons hidden, title bar hidden
[2020.11.02-04.08.39:569][  0]LogSlate: Updating window title bar state: overlay mode, drag disabled, window buttons hidden, title bar hidden
[2020.11.02-04.08.39:580][  0]LogSlate: Updating window title bar state: overlay mode, drag disabled, window buttons hidden, title bar hidden
[2020.11.02-04.08.39:611][  0]LogCollectionManager: Loaded 0 collections in 0.000653 seconds
[2020.11.02-04.08.39:695][  0]LogFileCache: Scanning file cache for directory 'E:/Work/Personal Work/Unreal Engine/Projects/Level Design - October 2020/ProjectFolder/Saved/Collections/' took 0.00s
[2020.11.02-04.08.39:695][  0]LogFileCache: Scanning file cache for directory 'E:/Work/Personal Work/Unreal Engine/Projects/Level Design - October 2020/ProjectFolder/Content/Developers/ANUJ/Collections/' took 0.00s
[2020.11.02-04.08.39:695][  0]LogFileCache: Scanning file cache for directory 'E:/Work/Personal Work/Unreal Engine/Projects/Level Design - October 2020/ProjectFolder/Content/Collections/' took 0.00s
[2020.11.02-04.08.39:695][  0]LogContentBrowser: Native class hierarchy populated in 0.0343 seconds. Added 3812 classes and 918 folders.
[2020.11.02-04.08.39:745][  0]LogContentBrowser: Native class hierarchy updated for 'WidgetCarousel' in 0.0005 seconds. Added 0 classes and 0 folders.
[2020.11.02-04.08.40:844][  0]LogContentBrowser: Native class hierarchy updated for 'AddContentDialog' in 0.0002 seconds. Added 0 classes and 0 folders.
[2020.11.02-04.08.40:854][  0]LogContentBrowser: Native class hierarchy updated for 'SceneOutliner' in 0.0002 seconds. Added 2 classes and 0 folders.
[2020.11.02-04.08.41:269][  0]LogSlate: Took 0.029018 seconds to synchronously load lazily loaded font '../../../Engine/Content/Slate/Fonts/Roboto-Regular.ttf' (155K)
[2020.11.02-04.08.41:313][  0]LogSlate: Took 0.041466 seconds to synchronously load lazily loaded font '../../../Engine/Content/Slate/Fonts/Roboto-Bold.ttf' (160K)
[2020.11.02-04.08.41:346][  0]LogSlate: Took 0.019016 seconds to synchronously load lazily loaded font '../../../Engine/Content/Editor/Slate/Fonts/FontAwesome.ttf' (139K)
[2020.11.02-04.08.41:491][  0]LogRenderer: Reallocating scene render targets to support 1264x680 Format 10 NumSamples 1 (Frame:1).
[2020.11.02-04.08.42:078][  0]LogD3D12RHI: Creating RTPSO with 150 shaders (0 cached, 150 new) took 313.83 ms. Compile time 299.92 ms, link time 13.67 ms.
[2020.11.02-04.08.42:272][  0]LogD3D12RHI: Creating RTPSO with 3 shaders (0 cached, 3 new) took 11.34 ms. Compile time 3.23 ms, link time 8.09 ms.
[2020.11.02-04.08.42:341][  0]LogD3D12RHI: Creating RTPSO with 3 shaders (3 cached, 0 new) took 38.20 ms. Compile time 0.02 ms, link time 38.16 ms.
[2020.11.02-04.08.42:715][  0]LogContentBrowser: Native class hierarchy updated for 'HierarchicalLODOutliner' in 0.0002 seconds. Added 0 classes and 0 folders.
[2020.11.02-04.08.42:715][  0]LogLoad: (Engine Initialization) Total time: 57.66 seconds
[2020.11.02-04.08.42:715][  0]LogLoad: (Engine Initialization) Total Blueprint compile time: 0.00 seconds
[2020.11.02-04.08.42:834][  0]LogAssetRegistry: Asset discovery search completed in 41.4620 seconds
[2020.11.02-04.08.42:837][  0]LogCollectionManager: Fixed up redirectors for 0 collections in 0.000003 seconds (updated 0 objects)
[2020.11.02-04.08.42:855][  0]LogContentStreaming: Texture pool size now 1000 MB
[2020.11.02-04.08.43:264][  0]LogSlate: Took 0.114796 seconds to synchronously load lazily loaded font '../../../Engine/Content/Slate/Fonts/Roboto-Light.ttf' (167K)
[2020.11.02-04.08.43:415][  2]LogD3D12RHI: Creating RTPSO with 151 shaders (150 cached, 1 new) took 21.02 ms. Compile time 3.18 ms, link time 17.52 ms.
[2020.11.02-04.10.26:941][864]Cmd: TRANSACTION UNDO
[2020.11.02-04.10.26:942][864]LogEditorTransaction: Undo Edit Directional Light Actor
[2020.11.02-04.10.27:379][864]LogSlate: Took 0.000509 seconds to synchronously load lazily loaded font '../../../Engine/Content/Slate/Fonts/Roboto-Light.ttf' (167K)
[2020.11.02-04.10.36:120][276]LogSlate: Took 0.040049 seconds to synchronously load lazily loaded font '../../../Engine/Content/Slate/Fonts/Roboto-Italic.ttf' (157K)
[2020.11.02-04.10.40:743][612]Cmd: TRANSACTION UNDO
[2020.11.02-04.10.40:743][612]LogEditorTransaction: Undo Edit Directional Light Actor
[2020.11.02-04.10.41:999][682]LogEditorViewport: Clicking on Actor (context menu): StaticMeshActor (LargeRoom_ThreeWalls)
[2020.11.02-04.10.44:244][888]LogEditorViewport: Clicking on Actor (LMB): StaticMeshActor (LargeRoom_ThreeWalls)
[2020.11.02-04.12.50:110][ 74]LogTexture: Display: Building textures: Texture2D_2 (G8, 128X128)
[2020.11.02-04.14.02:866][677]LogSlate: WidgetSwitcher ('None') active index changed to 1
[2020.11.02-04.14.06:712][762]LogTexture: Display: Building textures: Texture2D_0 (BGRA8, 512X512)
[2020.11.02-04.14.07:206][770]LogD3D12RHI: Creating RTPSO with 152 shaders (151 cached, 1 new) took 25.25 ms. Compile time 15.51 ms, link time 9.49 ms.
[2020.11.02-04.17.19:352][887]LogD3D12RHI: Display: Temp texture streaming buffer not large enough, needed 16777216 bytes
[2020.11.02-04.17.41:857][ 85]Cmd: TRANSACTION UNDO
[2020.11.02-04.17.41:857][ 85]LogEditorTransaction: Undo Landscape Editing: Flatten
[2020.11.02-04.17.41:879][ 85]LogTexture: Display: Building textures: Texture2D_1 (BGRA8, 512X512)
[2020.11.02-04.17.41:882][ 85]LogTexture: Display: Building textures: Texture2D_0 (BGRA8, 512X512)
[2020.11.02-04.17.43:376][214]Cmd: TRANSACTION UNDO
[2020.11.02-04.17.43:376][214]LogEditorTransaction: Undo Landscape Editing: Flatten
[2020.11.02-04.17.43:401][214]LogTexture: Display: Building textures: Texture2D_1 (BGRA8, 512X512)
[2020.11.02-04.17.43:405][214]LogTexture: Display: Building textures: Texture2D_0 (BGRA8, 512X512)
[2020.11.02-04.17.47:943][751]LogD3D12RHI: Display: Temp texture streaming buffer not large enough, needed 16777216 bytes
[2020.11.02-04.17.56:549][773]LogD3D12RHI: Display: Temp texture streaming buffer not large enough, needed 16777216 bytes
[2020.11.02-04.19.25:597][482]LogD3D12RHI: Display: Temp texture streaming buffer not large enough, needed 16777216 bytes
[2020.11.02-04.23.36:906][838]LogD3D12RHI: Display: Temp texture streaming buffer not large enough, needed 16777216 bytes
[2020.11.02-04.23.55:221][  0]Cmd: TRANSACTION UNDO
[2020.11.02-04.23.55:221][  0]LogEditorTransaction: Undo Landscape Editing: Flatten
[2020.11.02-04.23.55:243][  0]LogTexture: Display: Building textures: Texture2D_1 (BGRA8, 512X512)
[2020.11.02-04.23.55:247][  0]LogTexture: Display: Building textures: Texture2D_0 (BGRA8, 512X512)
[2020.11.02-04.24.29:948][841]Cmd: TRANSACTION UNDO
[2020.11.02-04.24.29:948][841]LogEditorTransaction: Undo Landscape Editing: Flatten
[2020.11.02-04.24.29:969][841]LogTexture: Display: Building textures: Texture2D_1 (BGRA8, 512X512)
[2020.11.02-04.24.29:973][841]LogTexture: Display: Building textures: Texture2D_0 (BGRA8, 512X512)
[2020.11.02-04.25.21:349][457]LogD3D12RHI: Display: Temp texture streaming buffer not large enough, needed 16777216 bytes
[2020.11.02-04.26.35:043][694]Cmd: TRANSACTION UNDO
[2020.11.02-04.26.35:043][694]LogEditorTransaction: Undo Landscape Editing: Flatten
[2020.11.02-04.26.35:064][694]LogTexture: Display: Building textures: Texture2D_1 (BGRA8, 512X512)
[2020.11.02-04.26.35:068][694]LogTexture: Display: Building textures: Texture2D_0 (BGRA8, 512X512)
[2020.11.02-04.26.40:004][234]LogD3D12RHI: Display: Temp texture streaming buffer not large enough, needed 16777216 bytes
[2020.11.02-04.26.44:636][789]Cmd: TRANSACTION UNDO
[2020.11.02-04.26.44:636][789]LogEditorTransaction: Undo Landscape Editing: Flatten
[2020.11.02-04.26.44:658][789]LogTexture: Display: Building textures: Texture2D_1 (BGRA8, 512X512)
[2020.11.02-04.26.44:662][789]LogTexture: Display: Building textures: Texture2D_0 (BGRA8, 512X512)
[2020.11.02-04.28.26:900][726]Cmd: TRANSACTION UNDO
[2020.11.02-04.28.26:900][726]LogEditorTransaction: Undo Landscape Editing: Flatten
[2020.11.02-04.28.26:921][726]LogTexture: Display: Building textures: Texture2D_1 (BGRA8, 512X512)
[2020.11.02-04.28.26:925][726]LogTexture: Display: Building textures: Texture2D_0 (BGRA8, 512X512)
[2020.11.02-04.29.01:885][475]Cmd: POLY SELECT ALL
[2020.11.02-04.30.36:869][176]LogD3D12RHI: Display: Temp texture streaming buffer not large enough, needed 16777216 bytes
[2020.11.02-04.30.44:474][ 87]Cmd: TRANSACTION UNDO
[2020.11.02-04.30.44:474][ 87]LogEditorTransaction: Undo Landscape Editing: Flatten
[2020.11.02-04.30.44:496][ 87]LogTexture: Display: Building textures: Texture2D_1 (BGRA8, 512X512)
[2020.11.02-04.30.44:500][ 87]LogTexture: Display: Building textures: Texture2D_0 (BGRA8, 512X512)
[2020.11.02-04.30.44:968][102]Cmd: TRANSACTION UNDO
[2020.11.02-04.30.44:968][102]LogEditorTransaction: Undo Landscape Editing: Flatten
[2020.11.02-04.30.44:990][102]LogTexture: Display: Building textures: Texture2D_1 (BGRA8, 512X512)
[2020.11.02-04.30.44:993][102]LogTexture: Display: Building textures: Texture2D_0 (BGRA8, 512X512)
[2020.11.02-04.30.47:624][409]Cmd: TRANSACTION REDO
[2020.11.02-04.30.47:624][409]LogEditorTransaction: Redo Landscape Editing: Flatten
[2020.11.02-04.30.47:645][409]LogTexture: Display: Building textures: Texture2D_0 (BGRA8, 512X512)
[2020.11.02-04.31.45:925][288]Cmd: POLY SELECT MEMORY UNION
[2020.11.02-04.37.18:844][187]LogUObjectHash: Compacting FUObjectHashTables data took   0.75ms
[2020.11.02-04.37.18:902][187]LogTexture: Display: Building textures: Texture2D_1 (BGRA8, 512X512)
[2020.11.02-04.37.18:905][187]LogTexture: Display: Building textures: Texture2D_0 (BGRA8, 512X512)
[2020.11.02-04.37.19:022][187]LogSavePackage: Moving 'E:/Work/Personal Work/Unreal Engine/Projects/Level Design - October 2020/ProjectFolder/Saved/RestaurantLevel_Auto1D80783D44736DB68485B699B73B87767.tmp' to 'E:/Work/Personal Work/Unreal Engine/Projects/Level Design - October 2020/ProjectFolder/Saved/Autosaves/Game/Levels/RestaurantLevel_Auto1.umap'
[2020.11.02-04.37.19:030][187]LogFileHelpers: Editor autosave (incl. sublevels) for '/Game/Levels/RestaurantLevel' took 0.197
[2020.11.02-04.37.19:030][187]LogFileHelpers: Editor autosave (incl. sublevels) for all levels took 0.197
[2020.11.02-04.40.44:755][647]Cmd: TRANSACTION UNDO
[2020.11.02-04.40.44:755][647]LogEditorTransaction: Undo Landscape Editing: Flatten
[2020.11.02-04.40.44:776][647]LogTexture: Display: Building textures: Texture2D_1 (BGRA8, 512X512)
[2020.11.02-04.40.44:780][647]LogTexture: Display: Building textures: Texture2D_0 (BGRA8, 512X512)
[2020.11.02-04.46.24:538][255]LogUObjectHash: Compacting FUObjectHashTables data took   0.71ms
[2020.11.02-04.46.24:560][255]LogTexture: Display: Building textures: Texture2D_1 (BGRA8, 512X512)
[2020.11.02-04.46.24:563][255]LogTexture: Display: Building textures: Texture2D_0 (BGRA8, 512X512)
[2020.11.02-04.46.24:657][255]LogSavePackage: Moving 'E:/Work/Personal Work/Unreal Engine/Projects/Level Design - October 2020/ProjectFolder/Saved/RestaurantLevelD21ED03B449DFB72784C6F9635043FC8.tmp' to 'E:/Work/Personal Work/Unreal Engine/Projects/Level Design - October 2020/ProjectFolder/Content/Levels/RestaurantLevel.umap'
[2020.11.02-04.46.26:617][255]LogSavePackage: Moving 'E:/Work/Personal Work/Unreal Engine/Projects/Level Design - October 2020/ProjectFolder/Saved/RestaurantLevel_BuiltData5791E4AB406AF74E67EE06B71A34787C.tmp' to 'E:/Work/Personal Work/Unreal Engine/Projects/Level Design - October 2020/ProjectFolder/Content/Levels/RestaurantLevel_BuiltData.uasset'
[2020.11.02-04.46.26:642][255]AssetCheck: New page: Asset Save: multiple assets
[2020.11.02-04.46.26:642][255]LogContentValidation: Display: Validating World /Game/Levels/RestaurantLevel.RestaurantLevel
[2020.11.02-04.46.26:642][255]LogContentValidation: Display: Validating MapBuildDataRegistry /Game/Levels/RestaurantLevel_BuiltData.RestaurantLevel_BuiltData
