"../../../Engine/Content/Animation/DefaultAnimBoneCompressionSettings.uasset" 0
"../../../Engine/Content/Animation/DefaultAnimCurveCompressionSettings.uasset" 1
"../../../Engine/Content/Functions/Engine_MaterialFunctions01/Opacity/CameraDepthFade.uasset" 2
"../../../Engine/Content/EngineMaterials/T_Default_Material_Grid_M.uasset" 3
"../../../Engine/Content/EngineMaterials/T_Default_Material_Grid_N.uasset" 4
"../../../Engine/Content/EngineMaterials/WorldGridMaterial.uasset" 5
"../../../Engine/Content/ArtTools/RenderToTexture/Meshes/S_1_Unit_Plane.uasset" 6
"../../../Engine/Content/EngineMaterials/DefaultMaterial.uasset" 7
"../../../Engine/Content/BasicShapes/Cone.uasset" 8
"../../../Engine/Content/BasicShapes/Cube.uasset" 9
"../../../Engine/Content/BasicShapes/Plane.uasset" 10
"../../../Engine/Content/BasicShapes/Sphere.uasset" 11
"../../../Engine/Content/EngineMaterials/DefaultPhysicalMaterial.uasset" 12
"../../../Engine/Content/BufferVisualization/AmbientOcclusion.uasset" 13
"../../../Engine/Content/BufferVisualization/BaseColor.uasset" 14
"../../../Engine/Content/BufferVisualization/CustomDepth.uasset" 15
"../../../Engine/Content/Functions/Engine_MaterialFunctions02/Utility/VectorLength.uasset" 16
"../../../Engine/Content/BufferVisualization/CustomDepthWorldUnits.uasset" 17
"../../../Engine/Content/Functions/Engine_MaterialFunctions02/Utility/BreakOutFloat2Components.uasset" 18
"../../../Engine/Content/Functions/Engine_MaterialFunctions01/Texturing/ScaleUVsByCenter.uasset" 19
"../../../Engine/Content/Functions/Engine_MaterialFunctions02/ScreenResolution.uasset" 20
"../../../Engine/Content/Functions/Engine_MaterialFunctions02/Texturing/ScreenAlignedUVs.uasset" 21
"../../../Engine/Content/Functions/Engine_MaterialFunctions02/Utility/MakeFloat2.uasset" 22
"../../../Engine/Content/Functions/Engine_MaterialFunctions02/Utility/MakeFloat3.uasset" 23
"../../../Engine/Content/EngineMaterials/MiniFont.uasset" 24
"../../../Engine/Content/BufferVisualization/CustomStencil.uasset" 25
"../../../Engine/Content/BufferVisualization/FinalImage.uasset" 26
"../../../Engine/Content/BufferVisualization/LightingModel.uasset" 27
"../../../Engine/Content/BufferVisualization/MaterialAO.uasset" 28
"../../../Engine/Content/BufferVisualization/Metallic.uasset" 29
"../../../Engine/Content/BufferVisualization/Opacity.uasset" 30
"../../../Engine/Content/BufferVisualization/PostTonemapHDRColor.uasset" 31
"../../../Engine/Content/BufferVisualization/PreTonemapHDRColor.uasset" 32
"../../../Engine/Content/BufferVisualization/Roughness.uasset" 33
"../../../Engine/Content/BufferVisualization/SceneColor.uasset" 34
"../../../Engine/Content/BufferVisualization/SceneDepth.uasset" 35
"../../../Engine/Content/BufferVisualization/SceneDepthWorldUnits.uasset" 36
"../../../Engine/Content/BufferVisualization/SeparateTranslucencyA.uasset" 37
"../../../Engine/Content/BufferVisualization/SeparateTranslucencyRGB.uasset" 38
"../../../Engine/Content/BufferVisualization/Specular.uasset" 39
"../../../Engine/Content/BufferVisualization/SubsurfaceColor.uasset" 40
"../../../Engine/Content/BufferVisualization/Velocity.uasset" 41
"../../../Engine/Content/BufferVisualization/WorldNormal.uasset" 42
"../../../Engine/Content/EditorLandscapeResources/DataLayer.uasset" 43
"../../../Engine/Content/EditorLandscapeResources/DefaultAlphaTexture.uasset" 44
"../../../Engine/Content/EditorLandscapeResources/LandscapeGizmoHeight_Mat.uasset" 45
"../../../Engine/Content/EditorLandscapeResources/LandscapeGizmo_Mat.uasset" 46
"../../../Engine/Content/EditorLandscapeResources/LandscapeGizmo_Mat_Copied.uasset" 47
"../../../Engine/Content/EditorLandscapeResources/SplineEditorMeshMat.uasset" 48
"../../../Engine/Content/EditorLandscapeResources/SplineEditorMesh.uasset" 49
"../../../Engine/Content/EditorMaterials/Cross.uasset" 50
"../../../Engine/Content/EditorMaterials/Cross_Mat.uasset" 51
"../../../Engine/Content/EngineMaterials/DefaultDiffuse.uasset" 52
"../../../Engine/Content/Functions/Engine_MaterialFunctions01/Texturing/TextureCropping.uasset" 53
"../../../Engine/Content/Functions/Engine_MaterialFunctions01/Texturing/ComputeMipLevel.uasset" 54
"../../../Engine/Content/Functions/Engine_MaterialFunctions02/ExampleContent/DebugNumberStrip.uasset" 55
"../../../Engine/Content/Functions/Engine_MaterialFunctions02/ExampleContent/Textures/DebugNumberPeriod.uasset" 56
"../../../Engine/Content/Functions/Engine_MaterialFunctions02/Utility/DebugScalarValues.uasset" 57
"../../../Engine/Content/Functions/Engine_MaterialFunctions02/Utility/DebugFloat2Values.uasset" 58
"../../../Engine/Content/Functions/Engine_MaterialFunctions02/ExampleContent/Textures/flipbook.uasset" 59
"../../../Engine/Content/Functions/Engine_MaterialFunctions02/Texturing/FlipBook.uasset" 60
"../../../Engine/Content/Functions/Engine_MaterialFunctions02/Utility/Sign.uasset" 61
"../../../Engine/Content/Functions/Engine_MaterialFunctions02/Utility/Round.uasset" 62
"../../../Engine/Content/EditorResources/T_EditorHelp.uasset" 63
"../../../Engine/Content/EditorMaterials/HelpActorMaterial.uasset" 64
"../../../Engine/Content/EditorMaterials/CompositeARGBLayer.uasset" 65
"../../../Engine/Content/EditorMaterials/TilingAALineIntegral.uasset" 66
"../../../Engine/Content/EditorMaterials/TilingAALineBoxFiltered.uasset" 67
"../../../Engine/Content/Functions/Engine_MaterialFunctions03/Procedurals/ComputeFilterWidth.uasset" 68
"../../../Engine/Content/EditorMaterials/TilingAADots.uasset" 69
"../../../Engine/Content/EngineMaterials/BlendFunc_DefBase.uasset" 70
"../../../Engine/Content/EngineMaterials/BlendFunc_DefBlend.uasset" 71
"../../../Engine/Content/Functions/Engine_MaterialFunctions03/Blends/Blend_Screen.uasset" 72
"../../../Engine/Content/EditorMaterials/TilingAAGrid.uasset" 73
"../../../Engine/Content/EditorMaterials/LevelGridMaterial.uasset" 74
"../../../Engine/Content/EditorMaterials/MakeCompositeARGBLayer.uasset" 75
"../../../Engine/Content/EditorResources/LevelGrid1DStripes.uasset" 76
"../../../Engine/Content/EditorMaterials/TextureGridCascaded1D.uasset" 77
"../../../Engine/Content/EditorMaterials/TextureGridCascaded2D.uasset" 78
"../../../Engine/Content/EditorMaterials/LevelGridMaterial2.uasset" 79
"../../../Engine/Content/EditorMaterials/MAT_Groups_Toggle.uasset" 80
"../../../Engine/Content/EditorMaterials/MAT_Groups_Visibility.uasset" 81
"../../../Engine/Content/EditorMaterials/PhAT_BoneSelectedMaterial.uasset" 82
"../../../Engine/Content/EditorMaterials/PhAT_ElemSelectedMaterial.uasset" 83
"../../../Engine/Content/EditorMaterials/PhAT_NoCollisionMaterial.uasset" 84
"../../../Engine/Content/EditorMaterials/PhAT_UnselectedMaterial.uasset" 85
"../../../Engine/Content/EditorMaterials/PreviewShadowIndicator.uasset" 86
"../../../Engine/Content/EditorMaterials/PreviewShadowIndicatorMaterial.uasset" 87
"../../../Engine/Content/EditorMaterials/TargetIcon.uasset" 88
"../../../Engine/Content/EditorMaterials/Tick.uasset" 89
"../../../Engine/Content/EditorMaterials/Tick_Mat.uasset" 90
"../../../Engine/Content/EditorMaterials/WidgetGridVertexColorMaterial.uasset" 91
"../../../Engine/Content/EditorMaterials/WidgetGridVertexColorMaterial_Ma.uasset" 92
"../../../Engine/Content/EditorMaterials/WidgetMaterial.uasset" 93
"../../../Engine/Content/EditorMaterials/WidgetMaterial_Current.uasset" 94
"../../../Engine/Content/EditorMaterials/WidgetMaterial_X.uasset" 95
"../../../Engine/Content/EditorMaterials/WidgetMaterial_Y.uasset" 96
"../../../Engine/Content/EditorMaterials/WidgetMaterial_Z.uasset" 97
"../../../Engine/Content/EditorMaterials/WidgetVertexColorMaterial.uasset" 98
"../../../Engine/Content/EditorMaterials/AssetViewer/T_ClearSky.uasset" 99
"../../../Engine/Content/EditorMaterials/MatineeGroups/MAT_ColorTrack.uasset" 100
"../../../Engine/Content/EditorMaterials/MatineeGroups/MAT_Groups_Anim.uasset" 101
"../../../Engine/Content/EditorMaterials/MatineeGroups/MAT_Groups_AudioMaster.uasset" 102
"../../../Engine/Content/EditorMaterials/MatineeGroups/MAT_Groups_Director.uasset" 103
"../../../Engine/Content/EditorMaterials/MatineeGroups/MAT_Groups_Event.uasset" 104
"../../../Engine/Content/EditorMaterials/MatineeGroups/MAT_Groups_Fade.uasset" 105
"../../../Engine/Content/EditorMaterials/MatineeGroups/MAT_Groups_Float.uasset" 106
"../../../Engine/Content/EditorMaterials/MatineeGroups/MAT_Groups_Move.uasset" 107
"../../../Engine/Content/EditorMaterials/MatineeGroups/MAT_Groups_Slomo.uasset" 108
"../../../Engine/Content/EditorMaterials/MatineeGroups/MAT_Groups_Sound.uasset" 109
"../../../Engine/Content/EditorMaterials/MatineeGroups/MAT_Groups_Vector.uasset" 110
"../../../Engine/Content/EditorMaterials/ParticleSystems/PSysThumbnail_NoImage.uasset" 111
"../../../Engine/Content/EditorMaterials/ParticleSystems/PSysThumbnail_OOD.uasset" 112
"../../../Engine/Content/EngineMaterials/Grid.uasset" 113
"../../../Engine/Content/EditorMaterials/Thumbnails/FloorPlaneMaterial.uasset" 114
"../../../Engine/Content/EditorMeshes/EditorCube.uasset" 115
"../../../Engine/Content/EditorMeshes/EditorCylinder.uasset" 116
"../../../Engine/Content/EditorMeshes/EditorPlane.uasset" 117
"../../../Engine/Content/EditorMaterials/Thumbnails/SkySphereMaterial.uasset" 118
"../../../Engine/Content/EditorMeshes/EditorSkySphere.uasset" 119
"../../../Engine/Content/EditorMeshes/EditorSphere.uasset" 120
"../../../Engine/Content/EditorResources/MatineeCam_D.uasset" 121
"../../../Engine/Content/EditorMaterials/MatineeCam_mat.uasset" 122
"../../../Engine/Content/EditorMeshes/MatineeCam_SM.uasset" 123
"../../../Engine/Content/EditorMeshes/PlanarReflectionPlane.uasset" 124
"../../../Engine/Content/EditorMaterials/Camera/CineMat.uasset" 125
"../../../Engine/Content/EditorMaterials/Camera/MI_CineMat_CameraBody.uasset" 126
"../../../Engine/Content/EngineDebugMaterials/M_SimpleOpaque.uasset" 127
"../../../Engine/Content/EditorMaterials/Camera/MI_CineMat_CamViewFinder.uasset" 128
"../../../Engine/Content/EditorMeshes/Camera/SM_CineCam.uasset" 129
"../../../Engine/Content/EditorMaterials/Camera/MI_CineMat_Rig.uasset" 130
"../../../Engine/Content/EditorMeshes/Camera/SM_CraneRig_Arm.uasset" 131
"../../../Engine/Content/EditorMeshes/Camera/SM_CraneRig_Base.uasset" 132
"../../../Engine/Content/EditorMeshes/Camera/SM_CraneRig_Body.uasset" 133
"../../../Engine/Content/EditorMeshes/Camera/SM_CraneRig_Mount.uasset" 134
"../../../Engine/Content/EditorMeshes/Camera/SM_RailRig_Mount.uasset" 135
"../../../Engine/Content/EditorMeshes/Camera/SM_RailRig_Track.uasset" 136
"../../../Engine/Content/EditorMeshes/ColorCalibrator/M_ChromeBall.uasset" 137
"../../../Engine/Content/EditorResources/Bad.uasset" 138
"../../../Engine/Content/EditorResources/BSPVertex.uasset" 139
"../../../Engine/Content/EditorResources/EmptyActor.uasset" 140
"../../../Engine/Content/EditorResources/MatInstActSprite.uasset" 141
"../../../Engine/Content/EditorResources/SceneManager.uasset" 142
"../../../Engine/Content/EditorResources/SmallFont.uasset" 143
"../../../Engine/Content/EditorResources/S_Actor.uasset" 144
"../../../Engine/Content/EditorResources/S_CameraShakeSource.uasset" 145
"../../../Engine/Content/EditorResources/S_DecalActorIcon.uasset" 146
"../../../Engine/Content/EditorResources/S_Emitter.uasset" 147
"../../../Engine/Content/EditorResources/S_ExpoHeightFog.uasset" 148
"../../../Engine/Content/EditorResources/S_FTest.uasset" 149
"../../../Engine/Content/EditorResources/S_KBSJoint.uasset" 150
"../../../Engine/Content/EditorResources/S_KHinge.uasset" 151
"../../../Engine/Content/EditorResources/S_KPrismatic.uasset" 152
"../../../Engine/Content/EditorResources/S_LevelSequence.uasset" 153
"../../../Engine/Content/EditorResources/S_NavP.uasset" 154
"../../../Engine/Content/EditorResources/S_Note.uasset" 155
"../../../Engine/Content/EditorResources/S_Player.uasset" 156
"../../../Engine/Content/EditorResources/S_PortalActorIcon2.uasset" 157
"../../../Engine/Content/EditorResources/S_RadForce.uasset" 158
"../../../Engine/Content/EditorResources/S_ReflActorIcon.uasset" 159
"../../../Engine/Content/EditorResources/S_SkyAtmosphere.uasset" 160
"../../../Engine/Content/EditorResources/S_Solver.uasset" 161
"../../../Engine/Content/EditorResources/S_Terrain.uasset" 162
"../../../Engine/Content/EditorResources/S_TextRenderActorIcon.uasset" 163
"../../../Engine/Content/EditorResources/S_Thruster.uasset" 164
"../../../Engine/Content/EditorResources/S_Trigger.uasset" 165
"../../../Engine/Content/EditorResources/S_VectorFieldVol.uasset" 166
"../../../Engine/Content/EditorResources/S_WindDirectional.uasset" 167
"../../../Engine/Content/EditorResources/AI/S_NavLink.uasset" 168
"../../../Engine/Content/EditorResources/LightIcons/SkyLight.uasset" 169
"../../../Engine/Content/EditorResources/LightIcons/S_LightDirectional.uasset" 170
"../../../Engine/Content/EditorResources/LightIcons/S_LightDirectionalMove.uasset" 171
"../../../Engine/Content/EditorResources/LightIcons/S_LightError.uasset" 172
"../../../Engine/Content/EditorResources/LightIcons/S_LightPoint.uasset" 173
"../../../Engine/Content/EditorResources/LightIcons/S_LightPointMove.uasset" 174
"../../../Engine/Content/EditorResources/LightIcons/S_LightSpot.uasset" 175
"../../../Engine/Content/EditorResources/LightIcons/S_LightSpotMove.uasset" 176
"../../../Engine/Content/EditorResources/SequenceRecorder/Countdown.uasset" 177
"../../../Engine/Content/EditorResources/SequenceRecorder/RecordingIndicator.uasset" 178
"../../../Engine/Content/EditorResources/Spline/T_Loft_Spline.uasset" 179
"../../../Engine/Content/EditorSounds/Notifications/CompileFailed.uasset" 180
"../../../Engine/Content/EditorSounds/Notifications/CompileFailed_Cue.uasset" 181
"../../../Engine/Content/EditorSounds/Notifications/CompileSuccess.uasset" 182
"../../../Engine/Content/EditorSounds/Notifications/CompileStart_Cue.uasset" 183
"../../../Engine/Content/EditorSounds/Notifications/CompileSuccess_Cue.uasset" 184
"../../../Engine/Content/EngineDamageTypes/DmgTypeBP_Environmental.uasset" 185
"../../../Engine/Content/EngineDebugMaterials/HeatmapGradient.uasset" 186
"../../../Engine/Content/EngineDebugMaterials/BoneWeightMaterial.uasset" 187
"../../../Engine/Content/EngineDebugMaterials/ClothMaterial.uasset" 188
"../../../Engine/Content/EngineDebugMaterials/ClothMaterial_WF.uasset" 189
"../../../Engine/Content/EngineDebugMaterials/DebugEditorMaterial.uasset" 190
"../../../Engine/Content/EngineDebugMaterials/DebugMeshMaterial.uasset" 191
"../../../Engine/Content/EngineDebugMaterials/GeomMaterial.uasset" 192
"../../../Engine/Content/Functions/Engine_MaterialFunctions01/Shading/ConvertFromDiffSpec.uasset" 193
"../../../Engine/Content/EngineDebugMaterials/LevelColorationLitMaterial.uasset" 194
"../../../Engine/Content/EngineDebugMaterials/LevelColorationUnlitMaterial.uasset" 195
"../../../Engine/Content/EngineMaterials/DefaultWhiteGrid.uasset" 196
"../../../Engine/Content/EngineDebugMaterials/MAT_LevelColorationLitLightmapUV.uasset" 197
"../../../Engine/Content/EngineDebugMaterials/M_SimpleUnlitTranslucent.uasset" 198
"../../../Engine/Content/Functions/Engine_MaterialFunctions02/Utility/CameraDirectionVector.uasset" 199
"../../../Engine/Content/EngineDebugMaterials/VolumeToRender.uasset" 200
"../../../Engine/Content/EngineDebugMaterials/M_VolumeRenderSphereTracePP.uasset" 201
"../../../Engine/Content/EngineMaterials/DefaultWhiteGrid_Low.uasset" 202
"../../../Engine/Content/EngineDebugMaterials/PhysicalMaterialMaskMaterial.uasset" 203
"../../../Engine/Content/EngineDebugMaterials/ShadedLevelColorationLitMaterial.uasset" 204
"../../../Engine/Content/EngineDebugMaterials/ShadedLevelColorationUnlitMateri.uasset" 205
"../../../Engine/Content/EngineDebugMaterials/VertexColorMaterial.uasset" 206
"../../../Engine/Content/EngineDebugMaterials/VertexColorViewMode_AlphaAsColor.uasset" 207
"../../../Engine/Content/EngineDebugMaterials/VertexColorViewMode_BlueOnly.uasset" 208
"../../../Engine/Content/EngineDebugMaterials/VertexColorViewMode_ColorOnly.uasset" 209
"../../../Engine/Content/EngineDebugMaterials/VertexColorViewMode_GreenOnly.uasset" 210
"../../../Engine/Content/EngineDebugMaterials/VertexColorViewMode_RedOnly.uasset" 211
"../../../Engine/Content/EngineDebugMaterials/WireframeMaterial.uasset" 212
"../../../Engine/Content/EngineFonts/Faces/DroidSansFallback.uasset" 213
"../../../Engine/Content/EngineFonts/Faces/RobotoBold.uasset" 214
"../../../Engine/Content/EngineFonts/Faces/RobotoBoldItalic.uasset" 215
"../../../Engine/Content/EngineFonts/Faces/RobotoItalic.uasset" 216
"../../../Engine/Content/EngineFonts/Faces/RobotoLight.uasset" 217
"../../../Engine/Content/EngineFonts/Faces/RobotoRegular.uasset" 218
"../../../Engine/Content/EngineFonts/Roboto.uasset" 219
"../../../Engine/Content/EngineFonts/Faces/RobotoTiny.uasset" 220
"../../../Engine/Content/EngineFonts/RobotoTiny.uasset" 221
"../../../Engine/Content/EngineFonts/SmallFont.uasset" 222
"../../../Engine/Content/EngineFonts/TinyFont.uasset" 223
"../../../Engine/Content/EngineMaterials/BaseFlattenDiffuseMap.uasset" 224
"../../../Engine/Content/EngineMaterials/BaseFlattenEmissiveMap.uasset" 225
"../../../Engine/Content/EngineMaterials/BaseFlattenGrayscaleMap.uasset" 226
"../../../Engine/Content/EngineMaterials/BaseFlattenNormalMap.uasset" 227
"../../../Engine/Content/EngineMaterials/BaseFlattenMaterial.uasset" 228
"../../../Engine/Content/EngineResources/WhiteSquareTexture.uasset" 229
"../../../Engine/Content/EngineMaterials/BlinkingCaret.uasset" 230
"../../../Engine/Content/EngineMaterials/BlueNoise.uasset" 231
"../../../Engine/Content/EngineMaterials/DefaultBloomKernel.uasset" 232
"../../../Engine/Content/EngineMaterials/DefaultBokeh.uasset" 233
"../../../Engine/Content/EngineMaterials/DefaultDeferredDecalMaterial.uasset" 234
"../../../Engine/Content/EngineMaterials/DefaultLightFunctionMaterial.uasset" 235
"../../../Engine/Content/EngineMaterials/DefaultPostProcessMaterial.uasset" 236
"../../../Engine/Content/EngineFonts/RobotoDistanceField.uasset" 237
"../../../Engine/Content/EngineMaterials/DefaultTextMaterialOpaque.uasset" 238
"../../../Engine/Content/EngineMaterials/EditorBrushMaterial.uasset" 239
"../../../Engine/Content/EngineMaterials/EmissiveMeshMaterial.uasset" 240
"../../../Engine/Content/EngineMaterials/GizmoMaterial.uasset" 241
"../../../Engine/Content/EngineMaterials/Good64x64TilingNoiseHighFreq.uasset" 242
"../../../Engine/Content/EngineMaterials/Grid_N.uasset" 243
"../../../Engine/Content/EngineMaterials/HighResolutionScreenshotMaskFunction.uasset" 244
"../../../Engine/Content/EngineMaterials/HighResScreenshot.uasset" 245
"../../../Engine/Content/EngineMaterials/HighResScreenshotCaptureRegion.uasset" 246
"../../../Engine/Content/EngineMaterials/HighResScreenshotMask.uasset" 247
"../../../Engine/Content/EngineMaterials/LandscapeHolePhysicalMaterial.uasset" 248
"../../../Engine/Content/EngineMaterials/InvalidLightmapSettings.uasset" 249
"../../../Engine/Content/EngineMaterials/M_InvalidLightmapSettings.uasset" 250
"../../../Engine/Content/EngineMaterials/PaperDiffuse.uasset" 251
"../../../Engine/Content/EngineMaterials/PaperNormal.uasset" 252
"../../../Engine/Content/Functions/Engine_MaterialFunctions02/WorldPositionOffset/CameraOffset.uasset" 253
"../../../Engine/Content/EngineMaterials/PhAT_JointLimitMaterial.uasset" 254
"../../../Engine/Content/EngineMaterials/PhysMat_Rubber.uasset" 255
"../../../Engine/Content/EngineMaterials/PreintegratedSkinBRDF.uasset" 256
"../../../Engine/Content/EngineMaterials/RemoveSurfaceMaterial.uasset" 257
"../../../Engine/Content/EngineMaterials/WeightMapPlaceholderTexture.uasset" 258
"../../../Engine/Content/Functions/Engine_MaterialFunctions01/ImageAdjustment/sRGBToLinear.uasset" 259
"../../../Engine/Content/Functions/Engine_MaterialFunctions02/Utility/BreakOutFloat3Components.uasset" 260
"../../../Engine/Content/EngineMaterials/Widget3DCameraPassThrough_Opaque_OneSided.uasset" 261
"../../../Engine/Content/EngineMaterials/Widget3DPassThrough.uasset" 262
"../../../Engine/Content/EngineMaterials/Widget3DPassThrough_Masked.uasset" 263
"../../../Engine/Content/EngineMaterials/Widget3DPassThrough_Opaque.uasset" 264
"../../../Engine/Content/EngineMaterials/Widget3DPassThrough_Masked_OneSided.uasset" 265
"../../../Engine/Content/EngineMaterials/Widget3DPassThrough_Opaque_OneSided.uasset" 266
"../../../Engine/Content/EngineMaterials/Widget3DPassThrough_Translucent.uasset" 267
"../../../Engine/Content/EngineMaterials/Widget3DPassThrough_Translucent_OneSided.uasset" 268
"../../../Engine/Content/EngineMeshes/Cylinder.uasset" 269
"../../../Engine/Content/EngineMeshes/Sphere.uasset" 270
"../../../Engine/Content/EngineResources/DefaultTexture.uasset" 271
"../../../Engine/Content/EngineResources/DefaultTextureCube.uasset" 272
"../../../Engine/Content/EngineResources/DefaultVolumeTexture2D.uasset" 273
"../../../Engine/Content/EngineResources/DefaultVolumeTexture.uasset" 274
"../../../Engine/Content/EngineResources/GradientTexture0.uasset" 275
"../../../Engine/Content/EngineResources/GrayDarkTextureCube.uasset" 276
"../../../Engine/Content/EngineResources/StreamingPauseIcon.uasset" 277
"../../../Engine/Content/EngineResources/M_StreamingPause.uasset" 278
"../../../Engine/Content/EngineSounds/Master.uasset" 279
"../../../Engine/Content/Functions/Engine_MaterialFunctions01/Shading/PowerToRoughness.uasset" 280
"../../../Engine/Content/Maps/Templates/Thumbnails/TimeOfDay.uasset" 281
"../../../Engine/Content/MapTemplates/Sky/DaylightAmbientCubemap.uasset" 282
"../../../Engine/Content/MobileResources/T_MobileControls_texture.uasset" 283
"../../../Engine/Content/MobileResources/T_MobileMenu2.uasset" 284
"../../../Engine/Content/MobileResources/HUD/AnalogHat.uasset" 285
"../../../Engine/Content/MobileResources/HUD/VirtualJoystick_Background.uasset" 286
"../../../Engine/Content/MobileResources/HUD/VirtualJoystick_Thumb.uasset" 287
"../../../Engine/Content/MobileResources/HUD/DefaultVirtualJoysticks.uasset" 288
"../../../Engine/Content/MobileResources/HUD/LeftVirtualJoystickOnly.uasset" 289
"../../../Engine/Content/MobileResources/HUD/MobileHUDButton1_off.uasset" 290
"../../../Engine/Content/MobileResources/HUD/MobileHUDButton1_on.uasset" 291
"../../../Engine/Content/MobileResources/HUD/MobileHUDButton2_off.uasset" 292
"../../../Engine/Content/MobileResources/HUD/MobileHUDButton2_on.uasset" 293
"../../../Engine/Content/MobileResources/HUD/MobileHUDButton3.uasset" 294
"../../../Engine/Content/MobileResources/HUD/MobileHUDButtonFire.uasset" 295
"../../../Engine/Content/MobileResources/HUD/MobileHUDDirectionPad.uasset" 296
"../../../Engine/Content/MobileResources/HUD/MobileHUDDirectionPad2.uasset" 297
"../../../Engine/Content/MobileResources/HUD/MobileHUDDirectionPad3.uasset" 298
"../../../Engine/Content/MobileResources/HUD/MobileHUDDirectionStick.uasset" 299
"../../../Engine/Content/MobileResources/HUD/T_Castle_ThumbstickInner.uasset" 300
"../../../Engine/Content/MobileResources/HUD/T_Castle_ThumbstickOutter.uasset" 301
"../../../Engine/Content/Tutorial/ContentIntroCurve.uasset" 302
"../../../Engine/Content/Tutorial/Basics/LevelEditorAttract.uasset" 303
"../../../Engine/Content/Tutorial/Basics/TutorialAssets/icon_tab_Levels_40x.uasset" 304
"../../../Engine/Content/Tutorial/Basics/LevelEditorOverview.uasset" 305
"../../../Engine/Content/Tutorial/Landscape/TutorialAssets/Landscape.uasset" 306
"../../../Engine/Content/Tutorial/Landscape/LandscapeWalkThrough.uasset" 307
"../../../Engine/Content/Tutorial/Landscape/Landscape_Manage_Mode.uasset" 308
"../../../Engine/Content/EditorBlueprintResources/StandardMacros.uasset" 309
"../../../Engine/Content/Tutorial/Landscape/Landscape_Painting_Mode.uasset" 310
"../../../Engine/Content/Tutorial/Landscape/Landscape_Sculpt_Mode.uasset" 311
"../../../Engine/Content/VREditor/LaserPointer/VR_LaserPower_01.uasset" 312
"../../../Engine/Content/VREditor/TransformGizmo/TransformGizmoMaterial.uasset" 313
"../../../Engine/Content/VREditor/TransformGizmo/TranslucentTransformGizmoMaterial.uasset" 314
"../../../Engine/Content/VREditor/TransformGizmo/BoundingBoxCorner.uasset" 315
"../../../Engine/Content/VREditor/TransformGizmo/BoundingBoxEdge.uasset" 316
"../../../Engine/Content/VREditor/TransformGizmo/PlaneTranslationHandle.uasset" 317
"../../../Engine/Content/VREditor/TransformGizmo/Main.uasset" 318
"../../../Engine/Content/VREditor/TransformGizmo/Xray.uasset" 319
"../../../Engine/Content/VREditor/TransformGizmo/SM_Sequencer_Key.uasset" 320
"../../../Engine/Content/VREditor/TransformGizmo/SM_Sequencer_Node.uasset" 321
"../../Plugins/2D/Paper2D/Content/PlaceholderTextures/DummySpriteTexture.uasset" 322
"../../Plugins/2D/Paper2D/Content/DummySprite.uasset" 323
"../../Plugins/2D/Paper2D/Content/DefaultPaperTerrainMaterial.uasset" 324
"../../Plugins/2D/Paper2D/Content/DefaultSpriteMaterial.uasset" 325
"../../Plugins/2D/Paper2D/Content/MaskedUnlitSpriteMaterial.uasset" 326
"../../Plugins/2D/Paper2D/Content/OpaqueUnlitSpriteMaterial.uasset" 327
"../../../Engine/Content/Functions/Engine_MaterialFunctions02/Texturing/CustomRotator.uasset" 328
"../../Plugins/Enterprise/DatasmithContent/Content/Materials/C4DMasterUV.uasset" 329
"../../Plugins/Enterprise/DatasmithContent/Content/Materials/TileMirrorAxis.uasset" 330
"../../Plugins/Enterprise/DatasmithContent/Content/Materials/UVEdit.uasset" 331
"../../../Engine/Content/Functions/Engine_MaterialFunctions01/Texturing/FlattenNormal.uasset" 332
"../../../Engine/Content/Functions/Engine_MaterialFunctions02/HueShift.uasset" 333
"../../../Engine/Content/ArtTools/RenderToTexture/Textures/127grey.uasset" 334
"../../../Engine/Content/EditorLandscapeResources/WhiteSquareTexture.uasset" 335
"../../../Engine/Content/EngineMaterials/T_Default_Normal.uasset" 336
"../../../Engine/Content/EngineResources/Black.uasset" 337
"../../Plugins/Enterprise/DatasmithContent/Content/Materials/C4DMaster.uasset" 338
"../../../Engine/Content/EngineMaterials/FlatNormal.uasset" 339
"../../Plugins/Enterprise/DatasmithContent/Content/Materials/CE_BaseMaster.uasset" 340
"../../Plugins/Enterprise/DatasmithContent/Content/Materials/CE_OpacityMaster.uasset" 341
"../../Plugins/Enterprise/DatasmithContent/Content/Materials/CE_OpacitySimpleMaster.uasset" 342
"../../Plugins/Enterprise/DatasmithContent/Content/Materials/CE_OpaqueMaster.uasset" 343
"../../../Engine/Content/Functions/Engine_MaterialFunctions03/Procedurals/NormalFromHeightmap.uasset" 344
"../../Plugins/Enterprise/DatasmithContent/Content/Materials/RevitMaster.uasset" 345
"../../Plugins/Enterprise/DatasmithContent/Content/Materials/SketchUpMaster.uasset" 346
"../../Plugins/FX/Niagara/Content/Enums/ENiagaraBooleanLogicOps.uasset" 347
"../../Plugins/FX/Niagara/Content/Enums/ENiagaraCoordinateSpace.uasset" 348
"../../Plugins/FX/Niagara/Content/Enums/ENiagaraExpansionMode.uasset" 349
"../../Plugins/FX/Niagara/Content/Enums/ENiagaraOrientationAxis.uasset" 350
"../../Plugins/FX/Niagara/Content/Enums/ENiagaraRandomnessMode.uasset" 351
"../../Plugins/FX/Niagara/Content/Icons/S_ParticleSystem.uasset" 352
"../../../Engine/Content/Functions/Engine_MaterialFunctions02/WorldPositionOffset/ObjectPivotPoint.uasset" 353
"../../Plugins/Runtime/HDRIBackdrop/Content/Materials/HDRI_Attributes.uasset" 354
"../../Plugins/Runtime/HDRIBackdrop/Content/Materials/HDRI_Projection.uasset" 355
"../../Plugins/Runtime/HDRIBackdrop/Content/Materials/MI_HDRI_CameraProjection.uasset" 356
"../../Plugins/Runtime/HDRIBackdrop/Content/Materials/MI_HDRI_CenterProjection.uasset" 357
"../../Plugins/Runtime/HDRIBackdrop/Content/Meshes/EnviroDome.uasset" 358
"../../Plugins/Runtime/HDRIBackdrop/Content/Textures/approaching_storm_4k.uasset" 359
"../../Plugins/Runtime/HDRIBackdrop/Content/Blueprints/HDRIBackdrop.uasset" 360
"../../../Engine/Content/Functions/Engine_MaterialFunctions02/Utility/BreakOutFloat4Components.uasset" 361
"../../Plugins/Runtime/Oculus/OculusVR/Content/Materials/OculusMR_ChromaKey.uasset" 362
"../../Plugins/Runtime/Oculus/OculusVR/Content/Materials/OculusMR_ChromaKey_Lit.uasset" 363
"../../Plugins/Runtime/Oculus/OculusVR/Content/Materials/OculusMR_OpaqueColoredMaterial.uasset" 364
"../../Plugins/Runtime/Oculus/OculusVR/Content/Materials/OculusMR_WhiteMaterial.uasset" 365
"../../../Engine/Content/EngineSky/C_Sky_Cloud_Color.uasset" 366
"../../../Engine/Content/EngineSky/C_Sky_Horizon_Color.uasset" 367
"../../../Engine/Content/EngineSky/C_Sky_Zenith_Color.uasset" 368
"../../../Engine/Content/EngineSky/T_Sky_Blue.uasset" 369
"../../../Engine/Content/EngineSky/T_Sky_Clouds_M.uasset" 370
"../../../Engine/Content/EngineSky/T_Sky_Stars.uasset" 371
"../../../Engine/Content/EngineSky/M_Sky_Panning_Clouds2.uasset" 372
"../../../Engine/Content/EngineSky/SM_SkySphere.uasset" 373
"../../../Engine/Content/EngineSky/BP_Sky_Sphere.uasset" 374
"../../Plugins/Runtime/SunPosition/Content/Editor/M_ArrowColor.uasset" 375
"../../Plugins/Runtime/SunPosition/Content/Editor/MI_ArrowColorGrey.uasset" 376
"../../Plugins/Runtime/SunPosition/Content/Editor/MI_ArrowColorRed.uasset" 377
"../../Plugins/Runtime/SunPosition/Content/Editor/SM_Compass.uasset" 378
"../../Plugins/Runtime/SunPosition/Content/SunSky.uasset" 379
"../../../Engine/Content/Maps/Entry_BuiltData.uasset" 380
"../../../Engine/Content/Maps/Entry.umap" 381
"../../../../../Work/Unreal Projects/Level Designs/LevelDesignJuly_UE4/ProjectFolder/Content/Mannequin/Character/Mesh/UE4_Mannequin_Skeleton.uasset" 382
"../../../../../Work/Unreal Projects/Level Designs/LevelDesignJuly_UE4/ProjectFolder/Content/Mannequin/Animations/ThirdPerson_Jump.uasset" 383
"../../../../../Work/Unreal Projects/Level Designs/LevelDesignJuly_UE4/ProjectFolder/Content/Mannequin/Animations/ThirdPersonJump_Loop.uasset" 384
"../../../../../Work/Unreal Projects/Level Designs/LevelDesignJuly_UE4/ProjectFolder/Content/Mannequin/Animations/ThirdPersonJump_Start.uasset" 385
"../../../../../Work/Unreal Projects/Level Designs/LevelDesignJuly_UE4/ProjectFolder/Content/Mannequin/Animations/ThirdPersonIdle.uasset" 386
"../../../../../Work/Unreal Projects/Level Designs/LevelDesignJuly_UE4/ProjectFolder/Content/Mannequin/Animations/ThirdPersonRun.uasset" 387
"../../../../../Work/Unreal Projects/Level Designs/LevelDesignJuly_UE4/ProjectFolder/Content/Mannequin/Animations/ThirdPersonWalk.uasset" 388
"../../../../../Work/Unreal Projects/Level Designs/LevelDesignJuly_UE4/ProjectFolder/Content/Mannequin/Animations/ThirdPerson_IdleRun_2D.uasset" 389
"../../../../../Work/Unreal Projects/Level Designs/LevelDesignJuly_UE4/ProjectFolder/Content/Mannequin/Animations/ThirdPerson_AnimBP.uasset" 390
"../../../Engine/Content/Functions/Engine_MaterialFunctions02/Utility/BlendAngleCorrectedNormals.uasset" 391
"../../../Engine/Content/Functions/MaterialLayerFunctions/MatLayerBlend_NormalBlend.uasset" 392
"../../../Engine/Content/Functions/MaterialLayerFunctions/MatLayerBlend_Simple.uasset" 393
"../../../../../Work/Unreal Projects/Level Designs/LevelDesignJuly_UE4/ProjectFolder/Content/Mannequin/Character/Materials/MaterialLayers/T_ML_Rubber_Blue_01_D.uasset" 394
"../../../../../Work/Unreal Projects/Level Designs/LevelDesignJuly_UE4/ProjectFolder/Content/Mannequin/Character/Materials/MaterialLayers/T_ML_Rubber_Blue_01_N.uasset" 395
"../../../../../Work/Unreal Projects/Level Designs/LevelDesignJuly_UE4/ProjectFolder/Content/Mannequin/Character/Materials/MaterialLayers/ML_GlossyBlack_Latex_UE4.uasset" 396
"../../../../../Work/Unreal Projects/Level Designs/LevelDesignJuly_UE4/ProjectFolder/Content/Mannequin/Character/Materials/MaterialLayers/ML_Plastic_Shiny_Beige.uasset" 397
"../../../../../Work/Unreal Projects/Level Designs/LevelDesignJuly_UE4/ProjectFolder/Content/Mannequin/Character/Textures/UE4_LOGO_CARD.uasset" 398
"../../../../../Work/Unreal Projects/Level Designs/LevelDesignJuly_UE4/ProjectFolder/Content/Mannequin/Character/Materials/MaterialLayers/ML_Plastic_Shiny_Beige_LOGO.uasset" 399
"../../../../../Work/Unreal Projects/Level Designs/LevelDesignJuly_UE4/ProjectFolder/Content/Mannequin/Character/Materials/MaterialLayers/T_ML_Aluminum01.uasset" 400
"../../../../../Work/Unreal Projects/Level Designs/LevelDesignJuly_UE4/ProjectFolder/Content/Mannequin/Character/Materials/MaterialLayers/T_ML_Aluminum01_N.uasset" 401
"../../../../../Work/Unreal Projects/Level Designs/LevelDesignJuly_UE4/ProjectFolder/Content/Mannequin/Character/Materials/MaterialLayers/ML_SoftMetal_UE4.uasset" 402
"../../../../../Work/Unreal Projects/Level Designs/LevelDesignJuly_UE4/ProjectFolder/Content/Mannequin/Character/Textures/UE4_Mannequin__normals.uasset" 403
"../../../../../Work/Unreal Projects/Level Designs/LevelDesignJuly_UE4/ProjectFolder/Content/Mannequin/Character/Textures/UE4_Mannequin_MAT_MASKA.uasset" 404
"../../../../../Work/Unreal Projects/Level Designs/LevelDesignJuly_UE4/ProjectFolder/Content/Mannequin/Character/Materials/M_UE4Man_Body.uasset" 405
"../../../../../Work/Unreal Projects/Level Designs/LevelDesignJuly_UE4/ProjectFolder/Content/Mannequin/Character/Textures/UE4Man_Logo_N.uasset" 406
"../../../../../Work/Unreal Projects/Level Designs/LevelDesignJuly_UE4/ProjectFolder/Content/Mannequin/Character/Materials/M_UE4Man_ChestLogo.uasset" 407
"../../../../../Work/Unreal Projects/Level Designs/LevelDesignJuly_UE4/ProjectFolder/Content/Mannequin/Character/Mesh/SK_Mannequin_PhysicsAsset.uasset" 408
"../../../../../Work/Unreal Projects/Level Designs/LevelDesignJuly_UE4/ProjectFolder/Content/Mannequin/Character/Mesh/SK_Mannequin.uasset" 409
"../../../../../Work/Unreal Projects/Level Designs/LevelDesignJuly_UE4/ProjectFolder/Content/ThirdPersonBP/Blueprints/ThirdPersonCharacter.uasset" 410
"../../../Engine/Content/Functions/Engine_MaterialFunctions03/Blends/Blend_Overlay.uasset" 411
"../../../Engine/Content/EngineVolumetrics/Fogsheet/Materials/T_EV_BlankWhite_01.uasset" 412
"../../../../../Work/Unreal Projects/Level Designs/LevelDesignJuly_UE4/ProjectFolder/Content/MSPresets/MSTextures/Albedo.uasset" 413
"../../../../../Work/Unreal Projects/Level Designs/LevelDesignJuly_UE4/ProjectFolder/Content/MSPresets/MSTextures/Normal.uasset" 414
"../../../../../Work/Unreal Projects/Level Designs/LevelDesignJuly_UE4/ProjectFolder/Content/MSPresets/MSTextures/Roughness.uasset" 415
"../../../../../Work/Unreal Projects/Level Designs/LevelDesignJuly_UE4/ProjectFolder/Content/MSPresets/MS_DefaultMaterial_Displacement/MS_DefaultMaterial_Displacement.uasset" 416
"../../../../../Work/Unreal Projects/Level Designs/LevelDesignJuly_UE4/ProjectFolder/Content/Megascans/3D_Assets/Mossy_Debris_00/rfjirea_4K_Albedo.uasset" 417
"../../../../../Work/Unreal Projects/Level Designs/LevelDesignJuly_UE4/ProjectFolder/Content/Megascans/3D_Assets/Mossy_Debris_00/rfjirea_4K_Displacement.uasset" 418
"../../../../../Work/Unreal Projects/Level Designs/LevelDesignJuly_UE4/ProjectFolder/Content/Megascans/3D_Assets/Mossy_Debris_00/rfjirea_4K_Roughness.uasset" 419
"../../../../../Work/Unreal Projects/Level Designs/LevelDesignJuly_UE4/ProjectFolder/Content/Megascans/3D_Assets/Mossy_Debris_00/Mossy_Debris_00_inst.uasset" 420
"../../../../../Work/Unreal Projects/Level Designs/LevelDesignJuly_UE4/ProjectFolder/Content/Megascans/3D_Assets/Mossy_Debris_00/rfjirea_LOD0_1.uasset" 421
"../../../../../Work/Unreal Projects/Level Designs/LevelDesignJuly_UE4/ProjectFolder/Content/Megascans/3D_Assets/Mossy_Debris_00/Foliage/rfjirea_LOD0_1.uasset" 422
"../../../../../Work/Unreal Projects/Level Designs/LevelDesignJuly_UE4/ProjectFolder/Content/Megascans/3D_Assets/Mossy_Debris_00/rfjirea_LOD0_10.uasset" 423
"../../../../../Work/Unreal Projects/Level Designs/LevelDesignJuly_UE4/ProjectFolder/Content/Megascans/3D_Assets/Mossy_Debris_00/Foliage/rfjirea_LOD0_10.uasset" 424
"../../../../../Work/Unreal Projects/Level Designs/LevelDesignJuly_UE4/ProjectFolder/Content/Megascans/3D_Assets/Mossy_Debris_00/rfjirea_LOD0_11.uasset" 425
"../../../../../Work/Unreal Projects/Level Designs/LevelDesignJuly_UE4/ProjectFolder/Content/Megascans/3D_Assets/Mossy_Debris_00/Foliage/rfjirea_LOD0_11.uasset" 426
"../../../../../Work/Unreal Projects/Level Designs/LevelDesignJuly_UE4/ProjectFolder/Content/Megascans/3D_Assets/Mossy_Debris_00/rfjirea_LOD0_12.uasset" 427
"../../../../../Work/Unreal Projects/Level Designs/LevelDesignJuly_UE4/ProjectFolder/Content/Megascans/3D_Assets/Mossy_Debris_00/Foliage/rfjirea_LOD0_12.uasset" 428
"../../../../../Work/Unreal Projects/Level Designs/LevelDesignJuly_UE4/ProjectFolder/Content/Megascans/3D_Assets/Mossy_Debris_00/rfjirea_LOD0_13.uasset" 429
"../../../../../Work/Unreal Projects/Level Designs/LevelDesignJuly_UE4/ProjectFolder/Content/Megascans/3D_Assets/Mossy_Debris_00/Foliage/rfjirea_LOD0_13.uasset" 430
"../../../../../Work/Unreal Projects/Level Designs/LevelDesignJuly_UE4/ProjectFolder/Content/Megascans/3D_Assets/Mossy_Debris_00/rfjirea_LOD0_14.uasset" 431
"../../../../../Work/Unreal Projects/Level Designs/LevelDesignJuly_UE4/ProjectFolder/Content/Megascans/3D_Assets/Mossy_Debris_00/Foliage/rfjirea_LOD0_14.uasset" 432
"../../../../../Work/Unreal Projects/Level Designs/LevelDesignJuly_UE4/ProjectFolder/Content/Megascans/3D_Assets/Mossy_Debris_00/rfjirea_LOD0_15.uasset" 433
"../../../../../Work/Unreal Projects/Level Designs/LevelDesignJuly_UE4/ProjectFolder/Content/Megascans/3D_Assets/Mossy_Debris_00/Foliage/rfjirea_LOD0_15.uasset" 434
"../../../../../Work/Unreal Projects/Level Designs/LevelDesignJuly_UE4/ProjectFolder/Content/Megascans/3D_Assets/Mossy_Debris_00/rfjirea_LOD0_16.uasset" 435
"../../../../../Work/Unreal Projects/Level Designs/LevelDesignJuly_UE4/ProjectFolder/Content/Megascans/3D_Assets/Mossy_Debris_00/Foliage/rfjirea_LOD0_16.uasset" 436
"../../../../../Work/Unreal Projects/Level Designs/LevelDesignJuly_UE4/ProjectFolder/Content/Megascans/3D_Assets/Mossy_Debris_00/rfjirea_LOD0_17.uasset" 437
"../../../../../Work/Unreal Projects/Level Designs/LevelDesignJuly_UE4/ProjectFolder/Content/Megascans/3D_Assets/Mossy_Debris_00/Foliage/rfjirea_LOD0_17.uasset" 438
"../../../../../Work/Unreal Projects/Level Designs/LevelDesignJuly_UE4/ProjectFolder/Content/Megascans/3D_Assets/Mossy_Debris_00/rfjirea_LOD0_18.uasset" 439
"../../../../../Work/Unreal Projects/Level Designs/LevelDesignJuly_UE4/ProjectFolder/Content/Megascans/3D_Assets/Mossy_Debris_00/Foliage/rfjirea_LOD0_18.uasset" 440
"../../../../../Work/Unreal Projects/Level Designs/LevelDesignJuly_UE4/ProjectFolder/Content/Megascans/3D_Assets/Mossy_Debris_00/rfjirea_LOD0_19.uasset" 441
"../../../../../Work/Unreal Projects/Level Designs/LevelDesignJuly_UE4/ProjectFolder/Content/Megascans/3D_Assets/Mossy_Debris_00/Foliage/rfjirea_LOD0_19.uasset" 442
"../../../../../Work/Unreal Projects/Level Designs/LevelDesignJuly_UE4/ProjectFolder/Content/Megascans/3D_Assets/Mossy_Debris_00/rfjirea_LOD0_2.uasset" 443
"../../../../../Work/Unreal Projects/Level Designs/LevelDesignJuly_UE4/ProjectFolder/Content/Megascans/3D_Assets/Mossy_Debris_00/Foliage/rfjirea_LOD0_2.uasset" 444
"../../../../../Work/Unreal Projects/Level Designs/LevelDesignJuly_UE4/ProjectFolder/Content/Megascans/3D_Assets/Mossy_Debris_00/rfjirea_LOD0_20.uasset" 445
"../../../../../Work/Unreal Projects/Level Designs/LevelDesignJuly_UE4/ProjectFolder/Content/Megascans/3D_Assets/Mossy_Debris_00/Foliage/rfjirea_LOD0_20.uasset" 446
"../../../../../Work/Unreal Projects/Level Designs/LevelDesignJuly_UE4/ProjectFolder/Content/Megascans/3D_Assets/Mossy_Debris_00/rfjirea_LOD0_21.uasset" 447
"../../../../../Work/Unreal Projects/Level Designs/LevelDesignJuly_UE4/ProjectFolder/Content/Megascans/3D_Assets/Mossy_Debris_00/Foliage/rfjirea_LOD0_21.uasset" 448
"../../../../../Work/Unreal Projects/Level Designs/LevelDesignJuly_UE4/ProjectFolder/Content/Megascans/3D_Assets/Mossy_Debris_00/rfjirea_LOD0_22.uasset" 449
"../../../../../Work/Unreal Projects/Level Designs/LevelDesignJuly_UE4/ProjectFolder/Content/Megascans/3D_Assets/Mossy_Debris_00/Foliage/rfjirea_LOD0_22.uasset" 450
"../../../../../Work/Unreal Projects/Level Designs/LevelDesignJuly_UE4/ProjectFolder/Content/Megascans/3D_Assets/Mossy_Debris_00/rfjirea_LOD0_23.uasset" 451
"../../../../../Work/Unreal Projects/Level Designs/LevelDesignJuly_UE4/ProjectFolder/Content/Megascans/3D_Assets/Mossy_Debris_00/Foliage/rfjirea_LOD0_23.uasset" 452
"../../../../../Work/Unreal Projects/Level Designs/LevelDesignJuly_UE4/ProjectFolder/Content/Megascans/3D_Assets/Mossy_Debris_00/rfjirea_LOD0_24.uasset" 453
"../../../../../Work/Unreal Projects/Level Designs/LevelDesignJuly_UE4/ProjectFolder/Content/Megascans/3D_Assets/Mossy_Debris_00/Foliage/rfjirea_LOD0_24.uasset" 454
"../../../../../Work/Unreal Projects/Level Designs/LevelDesignJuly_UE4/ProjectFolder/Content/Megascans/3D_Assets/Mossy_Debris_00/rfjirea_LOD0_25.uasset" 455
"../../../../../Work/Unreal Projects/Level Designs/LevelDesignJuly_UE4/ProjectFolder/Content/Megascans/3D_Assets/Mossy_Debris_00/Foliage/rfjirea_LOD0_25.uasset" 456
"../../../../../Work/Unreal Projects/Level Designs/LevelDesignJuly_UE4/ProjectFolder/Content/Megascans/3D_Assets/Mossy_Debris_00/rfjirea_LOD0_26.uasset" 457
"../../../../../Work/Unreal Projects/Level Designs/LevelDesignJuly_UE4/ProjectFolder/Content/Megascans/3D_Assets/Mossy_Debris_00/Foliage/rfjirea_LOD0_26.uasset" 458
"../../../../../Work/Unreal Projects/Level Designs/LevelDesignJuly_UE4/ProjectFolder/Content/Megascans/3D_Assets/Mossy_Debris_00/rfjirea_LOD0_27.uasset" 459
"../../../../../Work/Unreal Projects/Level Designs/LevelDesignJuly_UE4/ProjectFolder/Content/Megascans/3D_Assets/Mossy_Debris_00/Foliage/rfjirea_LOD0_27.uasset" 460
"../../../../../Work/Unreal Projects/Level Designs/LevelDesignJuly_UE4/ProjectFolder/Content/Megascans/3D_Assets/Mossy_Debris_00/rfjirea_LOD0_28.uasset" 461
"../../../../../Work/Unreal Projects/Level Designs/LevelDesignJuly_UE4/ProjectFolder/Content/Megascans/3D_Assets/Mossy_Debris_00/Foliage/rfjirea_LOD0_28.uasset" 462
"../../../../../Work/Unreal Projects/Level Designs/LevelDesignJuly_UE4/ProjectFolder/Content/Megascans/3D_Assets/Mossy_Debris_00/rfjirea_LOD0_29.uasset" 463
"../../../../../Work/Unreal Projects/Level Designs/LevelDesignJuly_UE4/ProjectFolder/Content/Megascans/3D_Assets/Mossy_Debris_00/Foliage/rfjirea_LOD0_29.uasset" 464
"../../../../../Work/Unreal Projects/Level Designs/LevelDesignJuly_UE4/ProjectFolder/Content/Megascans/3D_Assets/Mossy_Debris_00/rfjirea_LOD0_3.uasset" 465
"../../../../../Work/Unreal Projects/Level Designs/LevelDesignJuly_UE4/ProjectFolder/Content/Megascans/3D_Assets/Mossy_Debris_00/Foliage/rfjirea_LOD0_3.uasset" 466
"../../../../../Work/Unreal Projects/Level Designs/LevelDesignJuly_UE4/ProjectFolder/Content/Megascans/3D_Assets/Mossy_Debris_00/rfjirea_LOD0_30.uasset" 467
"../../../../../Work/Unreal Projects/Level Designs/LevelDesignJuly_UE4/ProjectFolder/Content/Megascans/3D_Assets/Mossy_Debris_00/Foliage/rfjirea_LOD0_30.uasset" 468
"../../../../../Work/Unreal Projects/Level Designs/LevelDesignJuly_UE4/ProjectFolder/Content/Megascans/3D_Assets/Mossy_Debris_00/rfjirea_LOD0_31.uasset" 469
"../../../../../Work/Unreal Projects/Level Designs/LevelDesignJuly_UE4/ProjectFolder/Content/Megascans/3D_Assets/Mossy_Debris_00/Foliage/rfjirea_LOD0_31.uasset" 470
"../../../../../Work/Unreal Projects/Level Designs/LevelDesignJuly_UE4/ProjectFolder/Content/Megascans/3D_Assets/Mossy_Debris_00/rfjirea_LOD0_32.uasset" 471
"../../../../../Work/Unreal Projects/Level Designs/LevelDesignJuly_UE4/ProjectFolder/Content/Megascans/3D_Assets/Mossy_Debris_00/Foliage/rfjirea_LOD0_32.uasset" 472
"../../../../../Work/Unreal Projects/Level Designs/LevelDesignJuly_UE4/ProjectFolder/Content/Megascans/3D_Assets/Mossy_Debris_00/rfjirea_LOD0_33.uasset" 473
"../../../../../Work/Unreal Projects/Level Designs/LevelDesignJuly_UE4/ProjectFolder/Content/Megascans/3D_Assets/Mossy_Debris_00/Foliage/rfjirea_LOD0_33.uasset" 474
"../../../../../Work/Unreal Projects/Level Designs/LevelDesignJuly_UE4/ProjectFolder/Content/Megascans/3D_Assets/Mossy_Debris_00/rfjirea_LOD0_34.uasset" 475
"../../../../../Work/Unreal Projects/Level Designs/LevelDesignJuly_UE4/ProjectFolder/Content/Megascans/3D_Assets/Mossy_Debris_00/Foliage/rfjirea_LOD0_34.uasset" 476
"../../../../../Work/Unreal Projects/Level Designs/LevelDesignJuly_UE4/ProjectFolder/Content/Megascans/3D_Assets/Mossy_Debris_00/rfjirea_LOD0_35.uasset" 477
"../../../../../Work/Unreal Projects/Level Designs/LevelDesignJuly_UE4/ProjectFolder/Content/Megascans/3D_Assets/Mossy_Debris_00/Foliage/rfjirea_LOD0_35.uasset" 478
"../../../../../Work/Unreal Projects/Level Designs/LevelDesignJuly_UE4/ProjectFolder/Content/Megascans/3D_Assets/Mossy_Debris_00/rfjirea_LOD0_36.uasset" 479
"../../../../../Work/Unreal Projects/Level Designs/LevelDesignJuly_UE4/ProjectFolder/Content/Megascans/3D_Assets/Mossy_Debris_00/Foliage/rfjirea_LOD0_36.uasset" 480
"../../../../../Work/Unreal Projects/Level Designs/LevelDesignJuly_UE4/ProjectFolder/Content/Megascans/3D_Assets/Mossy_Debris_00/rfjirea_LOD0_37.uasset" 481
"../../../../../Work/Unreal Projects/Level Designs/LevelDesignJuly_UE4/ProjectFolder/Content/Megascans/3D_Assets/Mossy_Debris_00/Foliage/rfjirea_LOD0_37.uasset" 482
"../../../../../Work/Unreal Projects/Level Designs/LevelDesignJuly_UE4/ProjectFolder/Content/Megascans/3D_Assets/Mossy_Debris_00/rfjirea_LOD0_38.uasset" 483
"../../../../../Work/Unreal Projects/Level Designs/LevelDesignJuly_UE4/ProjectFolder/Content/Megascans/3D_Assets/Mossy_Debris_00/Foliage/rfjirea_LOD0_38.uasset" 484
"../../../../../Work/Unreal Projects/Level Designs/LevelDesignJuly_UE4/ProjectFolder/Content/Megascans/3D_Assets/Mossy_Debris_00/rfjirea_LOD0_39.uasset" 485
"../../../../../Work/Unreal Projects/Level Designs/LevelDesignJuly_UE4/ProjectFolder/Content/Megascans/3D_Assets/Mossy_Debris_00/Foliage/rfjirea_LOD0_39.uasset" 486
"../../../../../Work/Unreal Projects/Level Designs/LevelDesignJuly_UE4/ProjectFolder/Content/Megascans/3D_Assets/Mossy_Debris_00/rfjirea_LOD0_4.uasset" 487
"../../../../../Work/Unreal Projects/Level Designs/LevelDesignJuly_UE4/ProjectFolder/Content/Megascans/3D_Assets/Mossy_Debris_00/Foliage/rfjirea_LOD0_4.uasset" 488
"../../../../../Work/Unreal Projects/Level Designs/LevelDesignJuly_UE4/ProjectFolder/Content/Megascans/3D_Assets/Mossy_Debris_00/rfjirea_LOD0_40.uasset" 489
"../../../../../Work/Unreal Projects/Level Designs/LevelDesignJuly_UE4/ProjectFolder/Content/Megascans/3D_Assets/Mossy_Debris_00/Foliage/rfjirea_LOD0_40.uasset" 490
"../../../../../Work/Unreal Projects/Level Designs/LevelDesignJuly_UE4/ProjectFolder/Content/Megascans/3D_Assets/Mossy_Debris_00/rfjirea_LOD0_41.uasset" 491
"../../../../../Work/Unreal Projects/Level Designs/LevelDesignJuly_UE4/ProjectFolder/Content/Megascans/3D_Assets/Mossy_Debris_00/Foliage/rfjirea_LOD0_41.uasset" 492
"../../../../../Work/Unreal Projects/Level Designs/LevelDesignJuly_UE4/ProjectFolder/Content/Megascans/3D_Assets/Mossy_Debris_00/rfjirea_LOD0_42.uasset" 493
"../../../../../Work/Unreal Projects/Level Designs/LevelDesignJuly_UE4/ProjectFolder/Content/Megascans/3D_Assets/Mossy_Debris_00/Foliage/rfjirea_LOD0_42.uasset" 494
"../../../../../Work/Unreal Projects/Level Designs/LevelDesignJuly_UE4/ProjectFolder/Content/Megascans/3D_Assets/Mossy_Debris_00/rfjirea_LOD0_43.uasset" 495
"../../../../../Work/Unreal Projects/Level Designs/LevelDesignJuly_UE4/ProjectFolder/Content/Megascans/3D_Assets/Mossy_Debris_00/Foliage/rfjirea_LOD0_43.uasset" 496
"../../../../../Work/Unreal Projects/Level Designs/LevelDesignJuly_UE4/ProjectFolder/Content/Megascans/3D_Assets/Mossy_Debris_00/rfjirea_LOD0_44.uasset" 497
"../../../../../Work/Unreal Projects/Level Designs/LevelDesignJuly_UE4/ProjectFolder/Content/Megascans/3D_Assets/Mossy_Debris_00/Foliage/rfjirea_LOD0_44.uasset" 498
"../../../../../Work/Unreal Projects/Level Designs/LevelDesignJuly_UE4/ProjectFolder/Content/Megascans/3D_Assets/Mossy_Debris_00/rfjirea_LOD0_45.uasset" 499
"../../../../../Work/Unreal Projects/Level Designs/LevelDesignJuly_UE4/ProjectFolder/Content/Megascans/3D_Assets/Mossy_Debris_00/Foliage/rfjirea_LOD0_45.uasset" 500
"../../../../../Work/Unreal Projects/Level Designs/LevelDesignJuly_UE4/ProjectFolder/Content/Megascans/3D_Assets/Mossy_Debris_00/rfjirea_LOD0_46.uasset" 501
"../../../../../Work/Unreal Projects/Level Designs/LevelDesignJuly_UE4/ProjectFolder/Content/Megascans/3D_Assets/Mossy_Debris_00/Foliage/rfjirea_LOD0_46.uasset" 502
"../../../../../Work/Unreal Projects/Level Designs/LevelDesignJuly_UE4/ProjectFolder/Content/Megascans/3D_Assets/Mossy_Debris_00/rfjirea_LOD0_47.uasset" 503
"../../../../../Work/Unreal Projects/Level Designs/LevelDesignJuly_UE4/ProjectFolder/Content/Megascans/3D_Assets/Mossy_Debris_00/Foliage/rfjirea_LOD0_47.uasset" 504
"../../../../../Work/Unreal Projects/Level Designs/LevelDesignJuly_UE4/ProjectFolder/Content/Megascans/3D_Assets/Mossy_Debris_00/rfjirea_LOD0_48.uasset" 505
"../../../../../Work/Unreal Projects/Level Designs/LevelDesignJuly_UE4/ProjectFolder/Content/Megascans/3D_Assets/Mossy_Debris_00/Foliage/rfjirea_LOD0_48.uasset" 506
"../../../../../Work/Unreal Projects/Level Designs/LevelDesignJuly_UE4/ProjectFolder/Content/Megascans/3D_Assets/Mossy_Debris_00/rfjirea_LOD0_49.uasset" 507
"../../../../../Work/Unreal Projects/Level Designs/LevelDesignJuly_UE4/ProjectFolder/Content/Megascans/3D_Assets/Mossy_Debris_00/Foliage/rfjirea_LOD0_49.uasset" 508
"../../../../../Work/Unreal Projects/Level Designs/LevelDesignJuly_UE4/ProjectFolder/Content/Megascans/3D_Assets/Mossy_Debris_00/rfjirea_LOD0_5.uasset" 509
"../../../../../Work/Unreal Projects/Level Designs/LevelDesignJuly_UE4/ProjectFolder/Content/Megascans/3D_Assets/Mossy_Debris_00/Foliage/rfjirea_LOD0_5.uasset" 510
"../../../../../Work/Unreal Projects/Level Designs/LevelDesignJuly_UE4/ProjectFolder/Content/Megascans/3D_Assets/Mossy_Debris_00/rfjirea_LOD0_50.uasset" 511
"../../../../../Work/Unreal Projects/Level Designs/LevelDesignJuly_UE4/ProjectFolder/Content/Megascans/3D_Assets/Mossy_Debris_00/Foliage/rfjirea_LOD0_50.uasset" 512
"../../../../../Work/Unreal Projects/Level Designs/LevelDesignJuly_UE4/ProjectFolder/Content/Megascans/3D_Assets/Mossy_Debris_00/rfjirea_LOD0_51.uasset" 513
"../../../../../Work/Unreal Projects/Level Designs/LevelDesignJuly_UE4/ProjectFolder/Content/Megascans/3D_Assets/Mossy_Debris_00/Foliage/rfjirea_LOD0_51.uasset" 514
"../../../../../Work/Unreal Projects/Level Designs/LevelDesignJuly_UE4/ProjectFolder/Content/Megascans/3D_Assets/Mossy_Debris_00/rfjirea_LOD0_52.uasset" 515
"../../../../../Work/Unreal Projects/Level Designs/LevelDesignJuly_UE4/ProjectFolder/Content/Megascans/3D_Assets/Mossy_Debris_00/Foliage/rfjirea_LOD0_52.uasset" 516
"../../../../../Work/Unreal Projects/Level Designs/LevelDesignJuly_UE4/ProjectFolder/Content/Megascans/3D_Assets/Mossy_Debris_00/rfjirea_LOD0_53.uasset" 517
"../../../../../Work/Unreal Projects/Level Designs/LevelDesignJuly_UE4/ProjectFolder/Content/Megascans/3D_Assets/Mossy_Debris_00/Foliage/rfjirea_LOD0_53.uasset" 518
"../../../../../Work/Unreal Projects/Level Designs/LevelDesignJuly_UE4/ProjectFolder/Content/Megascans/3D_Assets/Mossy_Debris_00/rfjirea_LOD0_54.uasset" 519
"../../../../../Work/Unreal Projects/Level Designs/LevelDesignJuly_UE4/ProjectFolder/Content/Megascans/3D_Assets/Mossy_Debris_00/Foliage/rfjirea_LOD0_54.uasset" 520
"../../../../../Work/Unreal Projects/Level Designs/LevelDesignJuly_UE4/ProjectFolder/Content/Megascans/3D_Assets/Mossy_Debris_00/rfjirea_LOD0_55.uasset" 521
"../../../../../Work/Unreal Projects/Level Designs/LevelDesignJuly_UE4/ProjectFolder/Content/Megascans/3D_Assets/Mossy_Debris_00/Foliage/rfjirea_LOD0_55.uasset" 522
"../../../../../Work/Unreal Projects/Level Designs/LevelDesignJuly_UE4/ProjectFolder/Content/Megascans/3D_Assets/Mossy_Debris_00/rfjirea_LOD0_56.uasset" 523
"../../../../../Work/Unreal Projects/Level Designs/LevelDesignJuly_UE4/ProjectFolder/Content/Megascans/3D_Assets/Mossy_Debris_00/Foliage/rfjirea_LOD0_56.uasset" 524
"../../../../../Work/Unreal Projects/Level Designs/LevelDesignJuly_UE4/ProjectFolder/Content/Megascans/3D_Assets/Mossy_Debris_00/rfjirea_LOD0_57.uasset" 525
"../../../../../Work/Unreal Projects/Level Designs/LevelDesignJuly_UE4/ProjectFolder/Content/Megascans/3D_Assets/Mossy_Debris_00/Foliage/rfjirea_LOD0_57.uasset" 526
"../../../../../Work/Unreal Projects/Level Designs/LevelDesignJuly_UE4/ProjectFolder/Content/Megascans/3D_Assets/Mossy_Debris_00/rfjirea_LOD0_58.uasset" 527
"../../../../../Work/Unreal Projects/Level Designs/LevelDesignJuly_UE4/ProjectFolder/Content/Megascans/3D_Assets/Mossy_Debris_00/Foliage/rfjirea_LOD0_58.uasset" 528
"../../../../../Work/Unreal Projects/Level Designs/LevelDesignJuly_UE4/ProjectFolder/Content/Megascans/3D_Assets/Mossy_Debris_00/rfjirea_LOD0_59.uasset" 529
"../../../../../Work/Unreal Projects/Level Designs/LevelDesignJuly_UE4/ProjectFolder/Content/Megascans/3D_Assets/Mossy_Debris_00/Foliage/rfjirea_LOD0_59.uasset" 530
"../../../../../Work/Unreal Projects/Level Designs/LevelDesignJuly_UE4/ProjectFolder/Content/Megascans/3D_Assets/Mossy_Debris_00/rfjirea_LOD0_6.uasset" 531
"../../../../../Work/Unreal Projects/Level Designs/LevelDesignJuly_UE4/ProjectFolder/Content/Megascans/3D_Assets/Mossy_Debris_00/Foliage/rfjirea_LOD0_6.uasset" 532
"../../../../../Work/Unreal Projects/Level Designs/LevelDesignJuly_UE4/ProjectFolder/Content/Megascans/3D_Assets/Mossy_Debris_00/rfjirea_LOD0_60.uasset" 533
"../../../../../Work/Unreal Projects/Level Designs/LevelDesignJuly_UE4/ProjectFolder/Content/Megascans/3D_Assets/Mossy_Debris_00/Foliage/rfjirea_LOD0_60.uasset" 534
"../../../../../Work/Unreal Projects/Level Designs/LevelDesignJuly_UE4/ProjectFolder/Content/Megascans/3D_Assets/Mossy_Debris_00/rfjirea_LOD0_61.uasset" 535
"../../../../../Work/Unreal Projects/Level Designs/LevelDesignJuly_UE4/ProjectFolder/Content/Megascans/3D_Assets/Mossy_Debris_00/Foliage/rfjirea_LOD0_61.uasset" 536
"../../../../../Work/Unreal Projects/Level Designs/LevelDesignJuly_UE4/ProjectFolder/Content/Megascans/3D_Assets/Mossy_Debris_00/rfjirea_LOD0_62.uasset" 537
"../../../../../Work/Unreal Projects/Level Designs/LevelDesignJuly_UE4/ProjectFolder/Content/Megascans/3D_Assets/Mossy_Debris_00/Foliage/rfjirea_LOD0_62.uasset" 538
"../../../../../Work/Unreal Projects/Level Designs/LevelDesignJuly_UE4/ProjectFolder/Content/Megascans/3D_Assets/Mossy_Debris_00/rfjirea_LOD0_63.uasset" 539
"../../../../../Work/Unreal Projects/Level Designs/LevelDesignJuly_UE4/ProjectFolder/Content/Megascans/3D_Assets/Mossy_Debris_00/Foliage/rfjirea_LOD0_63.uasset" 540
"../../../../../Work/Unreal Projects/Level Designs/LevelDesignJuly_UE4/ProjectFolder/Content/Megascans/3D_Assets/Mossy_Debris_00/rfjirea_LOD0_64.uasset" 541
"../../../../../Work/Unreal Projects/Level Designs/LevelDesignJuly_UE4/ProjectFolder/Content/Megascans/3D_Assets/Mossy_Debris_00/Foliage/rfjirea_LOD0_64.uasset" 542
"../../../../../Work/Unreal Projects/Level Designs/LevelDesignJuly_UE4/ProjectFolder/Content/Megascans/3D_Assets/Mossy_Debris_00/rfjirea_LOD0_65.uasset" 543
"../../../../../Work/Unreal Projects/Level Designs/LevelDesignJuly_UE4/ProjectFolder/Content/Megascans/3D_Assets/Mossy_Debris_00/Foliage/rfjirea_LOD0_65.uasset" 544
"../../../../../Work/Unreal Projects/Level Designs/LevelDesignJuly_UE4/ProjectFolder/Content/Megascans/3D_Assets/Mossy_Debris_00/rfjirea_LOD0_66.uasset" 545
"../../../../../Work/Unreal Projects/Level Designs/LevelDesignJuly_UE4/ProjectFolder/Content/Megascans/3D_Assets/Mossy_Debris_00/Foliage/rfjirea_LOD0_66.uasset" 546
"../../../../../Work/Unreal Projects/Level Designs/LevelDesignJuly_UE4/ProjectFolder/Content/Megascans/3D_Assets/Mossy_Debris_00/rfjirea_LOD0_67.uasset" 547
"../../../../../Work/Unreal Projects/Level Designs/LevelDesignJuly_UE4/ProjectFolder/Content/Megascans/3D_Assets/Mossy_Debris_00/Foliage/rfjirea_LOD0_67.uasset" 548
"../../../../../Work/Unreal Projects/Level Designs/LevelDesignJuly_UE4/ProjectFolder/Content/Megascans/3D_Assets/Mossy_Debris_00/rfjirea_LOD0_68.uasset" 549
"../../../../../Work/Unreal Projects/Level Designs/LevelDesignJuly_UE4/ProjectFolder/Content/Megascans/3D_Assets/Mossy_Debris_00/Foliage/rfjirea_LOD0_68.uasset" 550
"../../../../../Work/Unreal Projects/Level Designs/LevelDesignJuly_UE4/ProjectFolder/Content/Megascans/3D_Assets/Mossy_Debris_00/rfjirea_LOD0_69.uasset" 551
"../../../../../Work/Unreal Projects/Level Designs/LevelDesignJuly_UE4/ProjectFolder/Content/Megascans/3D_Assets/Mossy_Debris_00/Foliage/rfjirea_LOD0_69.uasset" 552
"../../../../../Work/Unreal Projects/Level Designs/LevelDesignJuly_UE4/ProjectFolder/Content/Megascans/3D_Assets/Mossy_Debris_00/rfjirea_LOD0_7.uasset" 553
"../../../../../Work/Unreal Projects/Level Designs/LevelDesignJuly_UE4/ProjectFolder/Content/Megascans/3D_Assets/Mossy_Debris_00/Foliage/rfjirea_LOD0_7.uasset" 554
"../../../../../Work/Unreal Projects/Level Designs/LevelDesignJuly_UE4/ProjectFolder/Content/Megascans/3D_Assets/Mossy_Debris_00/rfjirea_LOD0_70.uasset" 555
"../../../../../Work/Unreal Projects/Level Designs/LevelDesignJuly_UE4/ProjectFolder/Content/Megascans/3D_Assets/Mossy_Debris_00/Foliage/rfjirea_LOD0_70.uasset" 556
"../../../../../Work/Unreal Projects/Level Designs/LevelDesignJuly_UE4/ProjectFolder/Content/Megascans/3D_Assets/Mossy_Debris_00/rfjirea_LOD0_71.uasset" 557
"../../../../../Work/Unreal Projects/Level Designs/LevelDesignJuly_UE4/ProjectFolder/Content/Megascans/3D_Assets/Mossy_Debris_00/Foliage/rfjirea_LOD0_71.uasset" 558
"../../../../../Work/Unreal Projects/Level Designs/LevelDesignJuly_UE4/ProjectFolder/Content/Megascans/3D_Assets/Mossy_Debris_00/rfjirea_LOD0_72.uasset" 559
"../../../../../Work/Unreal Projects/Level Designs/LevelDesignJuly_UE4/ProjectFolder/Content/Megascans/3D_Assets/Mossy_Debris_00/Foliage/rfjirea_LOD0_72.uasset" 560
"../../../../../Work/Unreal Projects/Level Designs/LevelDesignJuly_UE4/ProjectFolder/Content/Megascans/3D_Assets/Mossy_Debris_00/rfjirea_LOD0_73.uasset" 561
"../../../../../Work/Unreal Projects/Level Designs/LevelDesignJuly_UE4/ProjectFolder/Content/Megascans/3D_Assets/Mossy_Debris_00/Foliage/rfjirea_LOD0_73.uasset" 562
"../../../../../Work/Unreal Projects/Level Designs/LevelDesignJuly_UE4/ProjectFolder/Content/Megascans/3D_Assets/Mossy_Debris_00/rfjirea_LOD0_74.uasset" 563
"../../../../../Work/Unreal Projects/Level Designs/LevelDesignJuly_UE4/ProjectFolder/Content/Megascans/3D_Assets/Mossy_Debris_00/Foliage/rfjirea_LOD0_74.uasset" 564
"../../../../../Work/Unreal Projects/Level Designs/LevelDesignJuly_UE4/ProjectFolder/Content/Megascans/3D_Assets/Mossy_Debris_00/rfjirea_LOD0_75.uasset" 565
"../../../../../Work/Unreal Projects/Level Designs/LevelDesignJuly_UE4/ProjectFolder/Content/Megascans/3D_Assets/Mossy_Debris_00/Foliage/rfjirea_LOD0_75.uasset" 566
"../../../../../Work/Unreal Projects/Level Designs/LevelDesignJuly_UE4/ProjectFolder/Content/Megascans/3D_Assets/Mossy_Debris_00/rfjirea_LOD0_76.uasset" 567
"../../../../../Work/Unreal Projects/Level Designs/LevelDesignJuly_UE4/ProjectFolder/Content/Megascans/3D_Assets/Mossy_Debris_00/Foliage/rfjirea_LOD0_76.uasset" 568
"../../../../../Work/Unreal Projects/Level Designs/LevelDesignJuly_UE4/ProjectFolder/Content/Megascans/3D_Assets/Mossy_Debris_00/rfjirea_LOD0_77.uasset" 569
"../../../../../Work/Unreal Projects/Level Designs/LevelDesignJuly_UE4/ProjectFolder/Content/Megascans/3D_Assets/Mossy_Debris_00/Foliage/rfjirea_LOD0_77.uasset" 570
"../../../../../Work/Unreal Projects/Level Designs/LevelDesignJuly_UE4/ProjectFolder/Content/Megascans/3D_Assets/Mossy_Debris_00/rfjirea_LOD0_78.uasset" 571
"../../../../../Work/Unreal Projects/Level Designs/LevelDesignJuly_UE4/ProjectFolder/Content/Megascans/3D_Assets/Mossy_Debris_00/Foliage/rfjirea_LOD0_78.uasset" 572
"../../../../../Work/Unreal Projects/Level Designs/LevelDesignJuly_UE4/ProjectFolder/Content/Megascans/3D_Assets/Mossy_Debris_00/rfjirea_LOD0_79.uasset" 573
"../../../../../Work/Unreal Projects/Level Designs/LevelDesignJuly_UE4/ProjectFolder/Content/Megascans/3D_Assets/Mossy_Debris_00/Foliage/rfjirea_LOD0_79.uasset" 574
"../../../../../Work/Unreal Projects/Level Designs/LevelDesignJuly_UE4/ProjectFolder/Content/Megascans/3D_Assets/Mossy_Debris_00/rfjirea_LOD0_8.uasset" 575
"../../../../../Work/Unreal Projects/Level Designs/LevelDesignJuly_UE4/ProjectFolder/Content/Megascans/3D_Assets/Mossy_Debris_00/Foliage/rfjirea_LOD0_8.uasset" 576
"../../../../../Work/Unreal Projects/Level Designs/LevelDesignJuly_UE4/ProjectFolder/Content/Megascans/3D_Assets/Mossy_Debris_00/rfjirea_LOD0_80.uasset" 577
"../../../../../Work/Unreal Projects/Level Designs/LevelDesignJuly_UE4/ProjectFolder/Content/Megascans/3D_Assets/Mossy_Debris_00/Foliage/rfjirea_LOD0_80.uasset" 578
"../../../../../Work/Unreal Projects/Level Designs/LevelDesignJuly_UE4/ProjectFolder/Content/Megascans/3D_Assets/Mossy_Debris_00/rfjirea_LOD0_81.uasset" 579
"../../../../../Work/Unreal Projects/Level Designs/LevelDesignJuly_UE4/ProjectFolder/Content/Megascans/3D_Assets/Mossy_Debris_00/Foliage/rfjirea_LOD0_81.uasset" 580
"../../../../../Work/Unreal Projects/Level Designs/LevelDesignJuly_UE4/ProjectFolder/Content/Megascans/3D_Assets/Mossy_Debris_00/rfjirea_LOD0_82.uasset" 581
"../../../../../Work/Unreal Projects/Level Designs/LevelDesignJuly_UE4/ProjectFolder/Content/Megascans/3D_Assets/Mossy_Debris_00/Foliage/rfjirea_LOD0_82.uasset" 582
"../../../../../Work/Unreal Projects/Level Designs/LevelDesignJuly_UE4/ProjectFolder/Content/Megascans/3D_Assets/Mossy_Debris_00/rfjirea_LOD0_83.uasset" 583
"../../../../../Work/Unreal Projects/Level Designs/LevelDesignJuly_UE4/ProjectFolder/Content/Megascans/3D_Assets/Mossy_Debris_00/Foliage/rfjirea_LOD0_83.uasset" 584
"../../../../../Work/Unreal Projects/Level Designs/LevelDesignJuly_UE4/ProjectFolder/Content/Megascans/3D_Assets/Mossy_Debris_00/rfjirea_LOD0_84.uasset" 585
"../../../../../Work/Unreal Projects/Level Designs/LevelDesignJuly_UE4/ProjectFolder/Content/Megascans/3D_Assets/Mossy_Debris_00/Foliage/rfjirea_LOD0_84.uasset" 586
"../../../../../Work/Unreal Projects/Level Designs/LevelDesignJuly_UE4/ProjectFolder/Content/Megascans/3D_Assets/Mossy_Debris_00/rfjirea_LOD0_85.uasset" 587
"../../../../../Work/Unreal Projects/Level Designs/LevelDesignJuly_UE4/ProjectFolder/Content/Megascans/3D_Assets/Mossy_Debris_00/Foliage/rfjirea_LOD0_85.uasset" 588
"../../../../../Work/Unreal Projects/Level Designs/LevelDesignJuly_UE4/ProjectFolder/Content/Megascans/3D_Assets/Mossy_Debris_00/rfjirea_LOD0_86.uasset" 589
"../../../../../Work/Unreal Projects/Level Designs/LevelDesignJuly_UE4/ProjectFolder/Content/Megascans/3D_Assets/Mossy_Debris_00/Foliage/rfjirea_LOD0_86.uasset" 590
"../../../../../Work/Unreal Projects/Level Designs/LevelDesignJuly_UE4/ProjectFolder/Content/Megascans/3D_Assets/Mossy_Debris_00/rfjirea_LOD0_87.uasset" 591
"../../../../../Work/Unreal Projects/Level Designs/LevelDesignJuly_UE4/ProjectFolder/Content/Megascans/3D_Assets/Mossy_Debris_00/Foliage/rfjirea_LOD0_87.uasset" 592
"../../../../../Work/Unreal Projects/Level Designs/LevelDesignJuly_UE4/ProjectFolder/Content/Megascans/3D_Assets/Mossy_Debris_00/rfjirea_LOD0_9.uasset" 593
"../../../../../Work/Unreal Projects/Level Designs/LevelDesignJuly_UE4/ProjectFolder/Content/Megascans/3D_Assets/Mossy_Debris_00/Foliage/rfjirea_LOD0_9.uasset" 594
"../../../../../Work/Unreal Projects/Level Designs/LevelDesignJuly_UE4/ProjectFolder/Content/Megascans/3D_Assets/Old_Wood_Boards_00/ricaS_8K_Albedo.uasset" 595
"../../../../../Work/Unreal Projects/Level Designs/LevelDesignJuly_UE4/ProjectFolder/Content/Megascans/3D_Assets/Old_Wood_Boards_00/ricaS_8K_Displacement.uasset" 596
"../../../../../Work/Unreal Projects/Level Designs/LevelDesignJuly_UE4/ProjectFolder/Content/Megascans/3D_Assets/Old_Wood_Boards_00/ricaS_8K_NormalLOD0.uasset" 597
"../../../../../Work/Unreal Projects/Level Designs/LevelDesignJuly_UE4/ProjectFolder/Content/Megascans/3D_Assets/Old_Wood_Boards_00/ricaS_8K_Roughness.uasset" 598
"../../../../../Work/Unreal Projects/Level Designs/LevelDesignJuly_UE4/ProjectFolder/Content/Megascans/3D_Assets/Old_Wood_Boards_00/Old_Wood_Boards_00_inst.uasset" 599
"../../../../../Work/Unreal Projects/Level Designs/LevelDesignJuly_UE4/ProjectFolder/Content/Megascans/3D_Assets/Old_Wood_Boards_00/ricaS_LOD0_1.uasset" 600
"../../../../../Work/Unreal Projects/Level Designs/LevelDesignJuly_UE4/ProjectFolder/Content/Megascans/3D_Assets/Old_Wood_Boards_00/Foliage/ricaS_LOD0_1.uasset" 601
"../../../../../Work/Unreal Projects/Level Designs/LevelDesignJuly_UE4/ProjectFolder/Content/Megascans/3D_Assets/Old_Wood_Boards_00/ricaS_LOD0_2.uasset" 602
"../../../../../Work/Unreal Projects/Level Designs/LevelDesignJuly_UE4/ProjectFolder/Content/Megascans/3D_Assets/Old_Wood_Boards_00/Foliage/ricaS_LOD0_2.uasset" 603
"../../../../../Work/Unreal Projects/Level Designs/LevelDesignJuly_UE4/ProjectFolder/Content/Megascans/3D_Assets/Old_Wood_Boards_00/ricaS_LOD0_3.uasset" 604
"../../../../../Work/Unreal Projects/Level Designs/LevelDesignJuly_UE4/ProjectFolder/Content/Megascans/3D_Assets/Old_Wood_Boards_00/Foliage/ricaS_LOD0_3.uasset" 605
"../../../../../Work/Unreal Projects/Level Designs/LevelDesignJuly_UE4/ProjectFolder/Content/Megascans/3D_Assets/Old_Wood_Boards_00/ricaS_LOD0_4.uasset" 606
"../../../../../Work/Unreal Projects/Level Designs/LevelDesignJuly_UE4/ProjectFolder/Content/Megascans/3D_Assets/Old_Wood_Boards_00/Foliage/ricaS_LOD0_4.uasset" 607
"../../../../../Work/Unreal Projects/Level Designs/LevelDesignJuly_UE4/ProjectFolder/Content/Megascans/3D_Assets/Old_Wood_Boards_00/ricaS_LOD0_5.uasset" 608
"../../../../../Work/Unreal Projects/Level Designs/LevelDesignJuly_UE4/ProjectFolder/Content/Megascans/3D_Assets/Old_Wood_Boards_00/Foliage/ricaS_LOD0_5.uasset" 609
"../../../Engine/Content/Functions/Engine_MaterialFunctions01/SpeedTree/SpeedTreeColorVariation.uasset" 610
"../../../Engine/Content/Functions/Engine_MaterialFunctions01/WorldPositionOffset/SimpleGrassWind.uasset" 611
"../../../Engine/Content/EngineMaterials/DefaultNormal.uasset" 612
"../../../../../Work/Unreal Projects/Level Designs/LevelDesignJuly_UE4/ProjectFolder/Content/MSPresets/Foliage_Material/Foliage_Material.uasset" 613
"../../../../../Work/Unreal Projects/Level Designs/LevelDesignJuly_UE4/ProjectFolder/Content/Megascans/3D_Plants/English_Ivy_00/Billboards/Billboard_4K_Albedo.uasset" 614
"../../../../../Work/Unreal Projects/Level Designs/LevelDesignJuly_UE4/ProjectFolder/Content/Megascans/3D_Plants/English_Ivy_00/Billboards/Billboard_4K_Normal.uasset" 615
"../../../../../Work/Unreal Projects/Level Designs/LevelDesignJuly_UE4/ProjectFolder/Content/Megascans/3D_Plants/English_Ivy_00/Billboards/Billboard_4K_Opacity.uasset" 616
"../../../../../Work/Unreal Projects/Level Designs/LevelDesignJuly_UE4/ProjectFolder/Content/Megascans/3D_Plants/English_Ivy_00/Billboards/Billboard_4K_Roughness.uasset" 617
"../../../../../Work/Unreal Projects/Level Designs/LevelDesignJuly_UE4/ProjectFolder/Content/Megascans/3D_Plants/English_Ivy_00/Billboards/Billboard_4K_Translucency.uasset" 618
"../../../../../Work/Unreal Projects/Level Designs/LevelDesignJuly_UE4/ProjectFolder/Content/Megascans/3D_Plants/English_Ivy_00/Billboards/English_Ivy_00_billboard_inst.uasset" 619
"../../../../../Work/Unreal Projects/Level Designs/LevelDesignJuly_UE4/ProjectFolder/Content/Megascans/3D_Plants/English_Ivy_00/rkEit_8K_Albedo.uasset" 620
"../../../../../Work/Unreal Projects/Level Designs/LevelDesignJuly_UE4/ProjectFolder/Content/Megascans/3D_Plants/English_Ivy_00/rkEit_8K_Normal.uasset" 621
"../../../../../Work/Unreal Projects/Level Designs/LevelDesignJuly_UE4/ProjectFolder/Content/Megascans/3D_Plants/English_Ivy_00/rkEit_8K_Opacity.uasset" 622
"../../../../../Work/Unreal Projects/Level Designs/LevelDesignJuly_UE4/ProjectFolder/Content/Megascans/3D_Plants/English_Ivy_00/rkEit_8K_Roughness.uasset" 623
"../../../../../Work/Unreal Projects/Level Designs/LevelDesignJuly_UE4/ProjectFolder/Content/Megascans/3D_Plants/English_Ivy_00/rkEit_8K_Translucency.uasset" 624
"../../../../../Work/Unreal Projects/Level Designs/LevelDesignJuly_UE4/ProjectFolder/Content/Megascans/3D_Plants/English_Ivy_00/English_Ivy_00_inst.uasset" 625
"../../../../../Work/Unreal Projects/Level Designs/LevelDesignJuly_UE4/ProjectFolder/Content/Megascans/3D_Plants/English_Ivy_00/rkEit_Var10_LOD0_10.uasset" 626
"../../../../../Work/Unreal Projects/Level Designs/LevelDesignJuly_UE4/ProjectFolder/Content/Megascans/3D_Plants/English_Ivy_00/Foliage/rkEit_Var10_LOD0_10.uasset" 627
"../../../../../Work/Unreal Projects/Level Designs/LevelDesignJuly_UE4/ProjectFolder/Content/Megascans/3D_Plants/English_Ivy_00/rkEit_Var1_LOD0_1.uasset" 628
"../../../../../Work/Unreal Projects/Level Designs/LevelDesignJuly_UE4/ProjectFolder/Content/Megascans/3D_Plants/English_Ivy_00/Foliage/rkEit_Var1_LOD0_1.uasset" 629
"../../../../../Work/Unreal Projects/Level Designs/LevelDesignJuly_UE4/ProjectFolder/Content/Megascans/3D_Plants/English_Ivy_00/rkEit_Var2_LOD0_2.uasset" 630
"../../../../../Work/Unreal Projects/Level Designs/LevelDesignJuly_UE4/ProjectFolder/Content/Megascans/3D_Plants/English_Ivy_00/Foliage/rkEit_Var2_LOD0_2.uasset" 631
"../../../../../Work/Unreal Projects/Level Designs/LevelDesignJuly_UE4/ProjectFolder/Content/Megascans/3D_Plants/English_Ivy_00/rkEit_Var3_LOD0_3.uasset" 632
"../../../../../Work/Unreal Projects/Level Designs/LevelDesignJuly_UE4/ProjectFolder/Content/Megascans/3D_Plants/English_Ivy_00/Foliage/rkEit_Var3_LOD0_3.uasset" 633
"../../../../../Work/Unreal Projects/Level Designs/LevelDesignJuly_UE4/ProjectFolder/Content/Megascans/3D_Plants/English_Ivy_00/rkEit_Var4_LOD0_4.uasset" 634
"../../../../../Work/Unreal Projects/Level Designs/LevelDesignJuly_UE4/ProjectFolder/Content/Megascans/3D_Plants/English_Ivy_00/Foliage/rkEit_Var4_LOD0_4.uasset" 635
"../../../../../Work/Unreal Projects/Level Designs/LevelDesignJuly_UE4/ProjectFolder/Content/Megascans/3D_Plants/English_Ivy_00/rkEit_Var5_LOD0_5.uasset" 636
"../../../../../Work/Unreal Projects/Level Designs/LevelDesignJuly_UE4/ProjectFolder/Content/Megascans/3D_Plants/English_Ivy_00/Foliage/rkEit_Var5_LOD0_5.uasset" 637
"../../../../../Work/Unreal Projects/Level Designs/LevelDesignJuly_UE4/ProjectFolder/Content/Megascans/3D_Plants/English_Ivy_00/rkEit_Var6_LOD0_6.uasset" 638
"../../../../../Work/Unreal Projects/Level Designs/LevelDesignJuly_UE4/ProjectFolder/Content/Megascans/3D_Plants/English_Ivy_00/Foliage/rkEit_Var6_LOD0_6.uasset" 639
"../../../../../Work/Unreal Projects/Level Designs/LevelDesignJuly_UE4/ProjectFolder/Content/Megascans/3D_Plants/English_Ivy_00/rkEit_Var7_LOD0_7.uasset" 640
"../../../../../Work/Unreal Projects/Level Designs/LevelDesignJuly_UE4/ProjectFolder/Content/Megascans/3D_Plants/English_Ivy_00/Foliage/rkEit_Var7_LOD0_7.uasset" 641
"../../../../../Work/Unreal Projects/Level Designs/LevelDesignJuly_UE4/ProjectFolder/Content/Megascans/3D_Plants/English_Ivy_00/rkEit_Var8_LOD0_8.uasset" 642
"../../../../../Work/Unreal Projects/Level Designs/LevelDesignJuly_UE4/ProjectFolder/Content/Megascans/3D_Plants/English_Ivy_00/Foliage/rkEit_Var8_LOD0_8.uasset" 643
"../../../../../Work/Unreal Projects/Level Designs/LevelDesignJuly_UE4/ProjectFolder/Content/Megascans/3D_Plants/English_Ivy_00/rkEit_Var9_LOD0_9.uasset" 644
"../../../../../Work/Unreal Projects/Level Designs/LevelDesignJuly_UE4/ProjectFolder/Content/Megascans/3D_Plants/English_Ivy_00/Foliage/rkEit_Var9_LOD0_9.uasset" 645
"../../../../../Work/Unreal Projects/Level Designs/LevelDesignJuly_UE4/ProjectFolder/Content/Megascans/3D_Plants/Purple_Woodsorrel_00/Billboard/Billboard_4K_Albedo.uasset" 646
"../../../../../Work/Unreal Projects/Level Designs/LevelDesignJuly_UE4/ProjectFolder/Content/Megascans/3D_Plants/Purple_Woodsorrel_00/Billboard/Billboard_4K_Normal.uasset" 647
"../../../../../Work/Unreal Projects/Level Designs/LevelDesignJuly_UE4/ProjectFolder/Content/Megascans/3D_Plants/Purple_Woodsorrel_00/Billboard/Billboard_4K_Opacity.uasset" 648
"../../../../../Work/Unreal Projects/Level Designs/LevelDesignJuly_UE4/ProjectFolder/Content/Megascans/3D_Plants/Purple_Woodsorrel_00/Billboard/Billboard_4K_Roughness.uasset" 649
"../../../../../Work/Unreal Projects/Level Designs/LevelDesignJuly_UE4/ProjectFolder/Content/Megascans/3D_Plants/Purple_Woodsorrel_00/Billboard/Billboard_4K_Translucency.uasset" 650
"../../../../../Work/Unreal Projects/Level Designs/LevelDesignJuly_UE4/ProjectFolder/Content/Megascans/3D_Plants/Purple_Woodsorrel_00/Billboard/Purple_Woodsorrel_00_Billboard_inst.uasset" 651
"../../../../../Work/Unreal Projects/Level Designs/LevelDesignJuly_UE4/ProjectFolder/Content/Megascans/3D_Plants/Purple_Woodsorrel_00/uchkajuia_4K_Albedo.uasset" 652
"../../../../../Work/Unreal Projects/Level Designs/LevelDesignJuly_UE4/ProjectFolder/Content/Megascans/3D_Plants/Purple_Woodsorrel_00/uchkajuia_4K_Normal.uasset" 653
"../../../../../Work/Unreal Projects/Level Designs/LevelDesignJuly_UE4/ProjectFolder/Content/Megascans/3D_Plants/Purple_Woodsorrel_00/uchkajuia_4K_Opacity.uasset" 654
"../../../../../Work/Unreal Projects/Level Designs/LevelDesignJuly_UE4/ProjectFolder/Content/Megascans/3D_Plants/Purple_Woodsorrel_00/uchkajuia_4K_Roughness.uasset" 655
"../../../../../Work/Unreal Projects/Level Designs/LevelDesignJuly_UE4/ProjectFolder/Content/Megascans/3D_Plants/Purple_Woodsorrel_00/uchkajuia_4K_Translucency.uasset" 656
"../../../../../Work/Unreal Projects/Level Designs/LevelDesignJuly_UE4/ProjectFolder/Content/Megascans/3D_Plants/Purple_Woodsorrel_00/Purple_Woodsorrel_00_inst.uasset" 657
"../../../../../Work/Unreal Projects/Level Designs/LevelDesignJuly_UE4/ProjectFolder/Content/Megascans/3D_Plants/Purple_Woodsorrel_00/uchkajuia_Var1_LOD1_1.uasset" 658
"../../../../../Work/Unreal Projects/Level Designs/LevelDesignJuly_UE4/ProjectFolder/Content/Megascans/3D_Plants/Purple_Woodsorrel_00/Foliage/uchkajuia_Var1_LOD1_1.uasset" 659
"../../../../../Work/Unreal Projects/Level Designs/LevelDesignJuly_UE4/ProjectFolder/Content/Megascans/3D_Plants/Purple_Woodsorrel_00/uchkajuia_Var2_LOD1_2.uasset" 660
"../../../../../Work/Unreal Projects/Level Designs/LevelDesignJuly_UE4/ProjectFolder/Content/Megascans/3D_Plants/Purple_Woodsorrel_00/Foliage/uchkajuia_Var2_LOD1_2.uasset" 661
"../../../../../Work/Unreal Projects/Level Designs/LevelDesignJuly_UE4/ProjectFolder/Content/Megascans/3D_Plants/Purple_Woodsorrel_00/uchkajuia_Var3_LOD1_3.uasset" 662
"../../../../../Work/Unreal Projects/Level Designs/LevelDesignJuly_UE4/ProjectFolder/Content/Megascans/3D_Plants/Purple_Woodsorrel_00/Foliage/uchkajuia_Var3_LOD1_3.uasset" 663
"../../../../../Work/Unreal Projects/Level Designs/LevelDesignJuly_UE4/ProjectFolder/Content/Megascans/3D_Plants/Purple_Woodsorrel_00/uchkajuia_Var4_LOD1_4.uasset" 664
"../../../../../Work/Unreal Projects/Level Designs/LevelDesignJuly_UE4/ProjectFolder/Content/Megascans/3D_Plants/Purple_Woodsorrel_00/Foliage/uchkajuia_Var4_LOD1_4.uasset" 665
"../../../../../Work/Unreal Projects/Level Designs/LevelDesignJuly_UE4/ProjectFolder/Content/Megascans/3D_Plants/Purple_Woodsorrel_00/uchkajuia_Var5_LOD1_5.uasset" 666
"../../../../../Work/Unreal Projects/Level Designs/LevelDesignJuly_UE4/ProjectFolder/Content/Megascans/3D_Plants/Purple_Woodsorrel_00/Foliage/uchkajuia_Var5_LOD1_5.uasset" 667
"../../../../../Work/Unreal Projects/Level Designs/LevelDesignJuly_UE4/ProjectFolder/Content/Megascans/3D_Plants/Purple_Woodsorrel_00/uchkajuia_Var6_LOD1_6.uasset" 668
"../../../../../Work/Unreal Projects/Level Designs/LevelDesignJuly_UE4/ProjectFolder/Content/Megascans/3D_Plants/Purple_Woodsorrel_00/Foliage/uchkajuia_Var6_LOD1_6.uasset" 669
"../../../../../Work/Unreal Projects/Level Designs/LevelDesignJuly_UE4/ProjectFolder/Content/Megascans/3D_Plants/Purple_Woodsorrel_00/uchkajuia_Var7_LOD1_7.uasset" 670
"../../../../../Work/Unreal Projects/Level Designs/LevelDesignJuly_UE4/ProjectFolder/Content/Megascans/3D_Plants/Purple_Woodsorrel_00/Foliage/uchkajuia_Var7_LOD1_7.uasset" 671
"../../../../../Work/Unreal Projects/Level Designs/LevelDesignJuly_UE4/ProjectFolder/Content/Megascans/3D_Plants/Purple_Woodsorrel_00/uchkajuia_Var8_LOD1_8.uasset" 672
"../../../../../Work/Unreal Projects/Level Designs/LevelDesignJuly_UE4/ProjectFolder/Content/Megascans/3D_Plants/Purple_Woodsorrel_00/Foliage/uchkajuia_Var8_LOD1_8.uasset" 673
"../../../../../Work/Unreal Projects/Level Designs/LevelDesignJuly_UE4/ProjectFolder/Content/Megascans/3D_Plants/Salt_Bulrush_00/Billboard/Billboard_4K_Albedo.uasset" 674
"../../../../../Work/Unreal Projects/Level Designs/LevelDesignJuly_UE4/ProjectFolder/Content/Megascans/3D_Plants/Salt_Bulrush_00/Billboard/Billboard_4K_Normal.uasset" 675
"../../../../../Work/Unreal Projects/Level Designs/LevelDesignJuly_UE4/ProjectFolder/Content/Megascans/3D_Plants/Salt_Bulrush_00/Billboard/Billboard_4K_Opacity.uasset" 676
"../../../../../Work/Unreal Projects/Level Designs/LevelDesignJuly_UE4/ProjectFolder/Content/Megascans/3D_Plants/Salt_Bulrush_00/Billboard/Billboard_4K_Roughness.uasset" 677
"../../../../../Work/Unreal Projects/Level Designs/LevelDesignJuly_UE4/ProjectFolder/Content/Megascans/3D_Plants/Salt_Bulrush_00/Billboard/Billboard_4K_Translucency.uasset" 678
"../../../../../Work/Unreal Projects/Level Designs/LevelDesignJuly_UE4/ProjectFolder/Content/Megascans/3D_Plants/Salt_Bulrush_00/Billboard/Salt_Bulrush_00_Billboard_inst.uasset" 679
"../../../../../Work/Unreal Projects/Level Designs/LevelDesignJuly_UE4/ProjectFolder/Content/Megascans/3D_Plants/Salt_Bulrush_00/uehjcafia_4K_Albedo.uasset" 680
"../../../../../Work/Unreal Projects/Level Designs/LevelDesignJuly_UE4/ProjectFolder/Content/Megascans/3D_Plants/Salt_Bulrush_00/uehjcafia_4K_Normal.uasset" 681
"../../../../../Work/Unreal Projects/Level Designs/LevelDesignJuly_UE4/ProjectFolder/Content/Megascans/3D_Plants/Salt_Bulrush_00/uehjcafia_4K_Opacity.uasset" 682
"../../../../../Work/Unreal Projects/Level Designs/LevelDesignJuly_UE4/ProjectFolder/Content/Megascans/3D_Plants/Salt_Bulrush_00/uehjcafia_4K_Roughness.uasset" 683
"../../../../../Work/Unreal Projects/Level Designs/LevelDesignJuly_UE4/ProjectFolder/Content/Megascans/3D_Plants/Salt_Bulrush_00/uehjcafia_4K_Translucency.uasset" 684
"../../../../../Work/Unreal Projects/Level Designs/LevelDesignJuly_UE4/ProjectFolder/Content/Megascans/3D_Plants/Salt_Bulrush_00/Salt_Bulrush_00_inst.uasset" 685
"../../../../../Work/Unreal Projects/Level Designs/LevelDesignJuly_UE4/ProjectFolder/Content/Megascans/3D_Plants/Salt_Bulrush_00/uehjcafia_Var1_LOD2_1.uasset" 686
"../../../../../Work/Unreal Projects/Level Designs/LevelDesignJuly_UE4/ProjectFolder/Content/Megascans/3D_Plants/Salt_Bulrush_00/Foliage/uehjcafia_Var1_LOD2_1.uasset" 687
"../../../../../Work/Unreal Projects/Level Designs/LevelDesignJuly_UE4/ProjectFolder/Content/Megascans/3D_Plants/Salt_Bulrush_00/uehjcafia_Var2_LOD2_2.uasset" 688
"../../../../../Work/Unreal Projects/Level Designs/LevelDesignJuly_UE4/ProjectFolder/Content/Megascans/3D_Plants/Salt_Bulrush_00/Foliage/uehjcafia_Var2_LOD2_2.uasset" 689
"../../../../../Work/Unreal Projects/Level Designs/LevelDesignJuly_UE4/ProjectFolder/Content/Megascans/3D_Plants/Salt_Bulrush_00/uehjcafia_Var3_LOD2_3.uasset" 690
"../../../../../Work/Unreal Projects/Level Designs/LevelDesignJuly_UE4/ProjectFolder/Content/Megascans/3D_Plants/Salt_Bulrush_00/Foliage/uehjcafia_Var3_LOD2_3.uasset" 691
"../../../../../Work/Unreal Projects/Level Designs/LevelDesignJuly_UE4/ProjectFolder/Content/Megascans/3D_Plants/Salt_Bulrush_00/uehjcafia_Var4_LOD2_4.uasset" 692
"../../../../../Work/Unreal Projects/Level Designs/LevelDesignJuly_UE4/ProjectFolder/Content/Megascans/3D_Plants/Salt_Bulrush_00/Foliage/uehjcafia_Var4_LOD2_4.uasset" 693
"../../../../../Work/Unreal Projects/Level Designs/LevelDesignJuly_UE4/ProjectFolder/Content/Megascans/3D_Plants/Salt_Bulrush_00/uehjcafia_Var5_LOD2_5.uasset" 694
"../../../../../Work/Unreal Projects/Level Designs/LevelDesignJuly_UE4/ProjectFolder/Content/Megascans/3D_Plants/Salt_Bulrush_00/Foliage/uehjcafia_Var5_LOD2_5.uasset" 695
"../../../../../Work/Unreal Projects/Level Designs/LevelDesignJuly_UE4/ProjectFolder/Content/Megascans/3D_Plants/Salt_Bulrush_00/uehjcafia_Var6_LOD2_6.uasset" 696
"../../../../../Work/Unreal Projects/Level Designs/LevelDesignJuly_UE4/ProjectFolder/Content/Megascans/3D_Plants/Salt_Bulrush_00/Foliage/uehjcafia_Var6_LOD2_6.uasset" 697
"../../../../../Work/Unreal Projects/Level Designs/LevelDesignJuly_UE4/ProjectFolder/Content/Megascans/3D_Plants/Salt_Bulrush_00/uehjcafia_Var7_LOD2_7.uasset" 698
"../../../../../Work/Unreal Projects/Level Designs/LevelDesignJuly_UE4/ProjectFolder/Content/Megascans/3D_Plants/Salt_Bulrush_00/Foliage/uehjcafia_Var7_LOD2_7.uasset" 699
"../../../../../Work/Unreal Projects/Level Designs/LevelDesignJuly_UE4/ProjectFolder/Content/Megascans/3D_Plants/Salt_Bulrush_00/uehjcafia_Var8_LOD2_8.uasset" 700
"../../../../../Work/Unreal Projects/Level Designs/LevelDesignJuly_UE4/ProjectFolder/Content/Megascans/3D_Plants/Salt_Bulrush_00/Foliage/uehjcafia_Var8_LOD2_8.uasset" 701
"../../../../../Work/Unreal Projects/Level Designs/LevelDesignJuly_UE4/ProjectFolder/Content/Megascans/3D_Plants/Salt_Bulrush_00/uehjcafia_Var9_LOD2_9.uasset" 702
"../../../../../Work/Unreal Projects/Level Designs/LevelDesignJuly_UE4/ProjectFolder/Content/Megascans/3D_Plants/Salt_Bulrush_00/Foliage/uehjcafia_Var9_LOD2_9.uasset" 703
"../../../../../Work/Unreal Projects/Level Designs/LevelDesignJuly_UE4/ProjectFolder/Content/Levels/RestaurantLevel_BuiltData.uasset" 704
"../../../../../Work/Unreal Projects/Level Designs/LevelDesignJuly_UE4/ProjectFolder/Content/MSPresets/SurfaceBlend_MasterMaterial/LayerFunctions/Base/MF_BaseLayerAdjustments.uasset" 705
"../../../../../Work/Unreal Projects/Level Designs/LevelDesignJuly_UE4/ProjectFolder/Content/MSPresets/SurfaceBlend_MasterMaterial/LayerFunctions/Base/MF_BaseLayerTessellation.uasset" 706
"../../../../../Work/Unreal Projects/Level Designs/LevelDesignJuly_UE4/ProjectFolder/Content/MSPresets/SurfaceBlend_MasterMaterial/LayerFunctions/MF_NormalCorrection.uasset" 707
"../../../../../Work/Unreal Projects/Level Designs/LevelDesignJuly_UE4/ProjectFolder/Content/MSPresets/SurfaceBlend_MasterMaterial/LayerFunctions/Base/MF_BaseLayerTextures.uasset" 708
"../../../../../Work/Unreal Projects/Level Designs/LevelDesignJuly_UE4/ProjectFolder/Content/MSPresets/SurfaceBlend_MasterMaterial/LayerFunctions/MF_Displacement.uasset" 709
"../../../../../Work/Unreal Projects/Level Designs/LevelDesignJuly_UE4/ProjectFolder/Content/MSPresets/SurfaceBlend_MasterMaterial/LayerFunctions/MF_DisplacementBlend.uasset" 710
"../../../Engine/Content/Functions/Engine_MaterialFunctions01/Gradient/LinearGradient.uasset" 711
"../../../Engine/Content/Functions/Engine_MaterialFunctions01/ImageAdjustment/CheapContrast.uasset" 712
"../../../../../Work/Unreal Projects/Level Designs/LevelDesignJuly_UE4/ProjectFolder/Content/MSPresets/SurfaceBlend_MasterMaterial/LayerFunctions/MF_MaterialBlend.uasset" 713
"../../../../../Work/Unreal Projects/Level Designs/LevelDesignJuly_UE4/ProjectFolder/Content/MSPresets/SurfaceBlend_MasterMaterial/LayerFunctions/Middle/MF_MiddleLayerAdjustments.uasset" 714
"../../../../../Work/Unreal Projects/Level Designs/LevelDesignJuly_UE4/ProjectFolder/Content/MSPresets/SurfaceBlend_MasterMaterial/LayerFunctions/Middle/MF_MiddleLayerTessellation.uasset" 715
"../../../../../Work/Unreal Projects/Level Designs/LevelDesignJuly_UE4/ProjectFolder/Content/MSPresets/SurfaceBlend_MasterMaterial/LayerFunctions/Middle/MF_MiddleLayerTextures.uasset" 716
"../../../Engine/Content/Engine_MI_Shaders/T_Base_Tile_Normal.uasset" 717
"../../../Engine/Content/Functions/Engine_MaterialFunctions03/ComplexMotion/Motion_4WayChaos_Normal.uasset" 718
"../../../../../Work/Unreal Projects/Level Designs/LevelDesignJuly_UE4/ProjectFolder/Content/MSPresets/SurfaceBlend_MasterMaterial/LayerFunctions/Puddle/MF_PuddleLayer.uasset" 719
"../../../../../Work/Unreal Projects/Level Designs/LevelDesignJuly_UE4/ProjectFolder/Content/MSPresets/SurfaceBlend_MasterMaterial/LayerFunctions/Top/MF_TopLayerAdjustments.uasset" 720
"../../../../../Work/Unreal Projects/Level Designs/LevelDesignJuly_UE4/ProjectFolder/Content/MSPresets/SurfaceBlend_MasterMaterial/LayerFunctions/Top/MF_TopLayerTessellation.uasset" 721
"../../../../../Work/Unreal Projects/Level Designs/LevelDesignJuly_UE4/ProjectFolder/Content/MSPresets/SurfaceBlend_MasterMaterial/LayerFunctions/Top/MF_TopLayerTextures.uasset" 722
"../../../../../Work/Unreal Projects/Level Designs/LevelDesignJuly_UE4/ProjectFolder/Content/MSPresets/SurfaceBlend_MasterMaterial/SurfaceBlend_MasterMaterial.uasset" 723
"../../../../../Work/Unreal Projects/Level Designs/LevelDesignJuly_UE4/ProjectFolder/Content/Megascans/Surfaces/Cracked_Wooden_Planks_00/ui2leaxlw_4K_Albedo.uasset" 724
"../../../../../Work/Unreal Projects/Level Designs/LevelDesignJuly_UE4/ProjectFolder/Content/Megascans/Surfaces/Cracked_Wooden_Planks_00/ui2leaxlw_4K_Displacement.uasset" 725
"../../../../../Work/Unreal Projects/Level Designs/LevelDesignJuly_UE4/ProjectFolder/Content/Megascans/Surfaces/Cracked_Wooden_Planks_00/ui2leaxlw_4K_Normal.uasset" 726
"../../../../../Work/Unreal Projects/Level Designs/LevelDesignJuly_UE4/ProjectFolder/Content/Megascans/Surfaces/Cracked_Wooden_Planks_00/ui2leaxlw_4K_Roughness.uasset" 727
"../../../../../Work/Unreal Projects/Level Designs/LevelDesignJuly_UE4/ProjectFolder/Content/Megascans/Surfaces/Ground_Forest_2x2_M_00/sfjmafua_4K_Albedo.uasset" 728
"../../../../../Work/Unreal Projects/Level Designs/LevelDesignJuly_UE4/ProjectFolder/Content/Megascans/Surfaces/Ground_Forest_2x2_M_00/sfjmafua_4K_Displacement.uasset" 729
"../../../../../Work/Unreal Projects/Level Designs/LevelDesignJuly_UE4/ProjectFolder/Content/Megascans/Surfaces/Ground_Forest_2x2_M_00/sfjmafua_4K_Normal.uasset" 730
"../../../../../Work/Unreal Projects/Level Designs/LevelDesignJuly_UE4/ProjectFolder/Content/Megascans/Surfaces/Ground_Forest_2x2_M_00/sfjmafua_4K_Roughness.uasset" 731
"../../../../../Work/Unreal Projects/Level Designs/LevelDesignJuly_UE4/ProjectFolder/Content/Megascans/Surfaces/Wooden_Planks_2x2_M_00/ujlndfvn_8K_Albedo.uasset" 732
"../../../../../Work/Unreal Projects/Level Designs/LevelDesignJuly_UE4/ProjectFolder/Content/Megascans/Surfaces/Wooden_Planks_2x2_M_00/ujlndfvn_8K_Displacement.uasset" 733
"../../../../../Work/Unreal Projects/Level Designs/LevelDesignJuly_UE4/ProjectFolder/Content/Megascans/Surfaces/Wooden_Planks_2x2_M_00/ujlndfvn_8K_Normal.uasset" 734
"../../../../../Work/Unreal Projects/Level Designs/LevelDesignJuly_UE4/ProjectFolder/Content/Megascans/Surfaces/Wooden_Planks_2x2_M_00/ujlndfvn_8K_Roughness.uasset" 735
"../../../../../Work/Unreal Projects/Level Designs/LevelDesignJuly_UE4/ProjectFolder/Content/Materials/BlendMaterials/FloorBlendMaterial.uasset" 736
"../../../../../Work/Unreal Projects/Level Designs/LevelDesignJuly_UE4/ProjectFolder/Content/Megascans/Surfaces/Dirty_Ceramic_Tiles_2x2_M_00/uhrjcdaew_4K_Albedo.uasset" 737
"../../../../../Work/Unreal Projects/Level Designs/LevelDesignJuly_UE4/ProjectFolder/Content/Megascans/Surfaces/Dirty_Ceramic_Tiles_2x2_M_00/uhrjcdaew_4K_Displacement.uasset" 738
"../../../../../Work/Unreal Projects/Level Designs/LevelDesignJuly_UE4/ProjectFolder/Content/Megascans/Surfaces/Dirty_Ceramic_Tiles_2x2_M_00/uhrjcdaew_4K_Normal.uasset" 739
"../../../../../Work/Unreal Projects/Level Designs/LevelDesignJuly_UE4/ProjectFolder/Content/Megascans/Surfaces/Dirty_Ceramic_Tiles_2x2_M_00/uhrjcdaew_4K_Roughness.uasset" 740
"../../../../../Work/Unreal Projects/Level Designs/LevelDesignJuly_UE4/ProjectFolder/Content/Megascans/Surfaces/Dirty_Concrete_Floor_2x2_M_00/ukfpacjcw_4K_Albedo.uasset" 741
"../../../../../Work/Unreal Projects/Level Designs/LevelDesignJuly_UE4/ProjectFolder/Content/Megascans/Surfaces/Dirty_Concrete_Floor_2x2_M_00/ukfpacjcw_4K_Displacement.uasset" 742
"../../../../../Work/Unreal Projects/Level Designs/LevelDesignJuly_UE4/ProjectFolder/Content/Megascans/Surfaces/Dirty_Concrete_Floor_2x2_M_00/ukfpacjcw_4K_Normal.uasset" 743
"../../../../../Work/Unreal Projects/Level Designs/LevelDesignJuly_UE4/ProjectFolder/Content/Megascans/Surfaces/Dirty_Concrete_Floor_2x2_M_00/ukfpacjcw_4K_Roughness.uasset" 744
"../../../../../Work/Unreal Projects/Level Designs/LevelDesignJuly_UE4/ProjectFolder/Content/Materials/BlendMaterials/LargeRoom_BrokenTiles.uasset" 745
"../../../../../Work/Unreal Projects/Level Designs/LevelDesignJuly_UE4/ProjectFolder/Content/Materials/BlendMaterials/LargeRoom_Ceiling.uasset" 746
"../../../../../Work/Unreal Projects/Level Designs/LevelDesignJuly_UE4/ProjectFolder/Content/Megascans/Surfaces/Brick_Facade_2x2_M_00/ukjkbbto_4K_Albedo.uasset" 747
"../../../../../Work/Unreal Projects/Level Designs/LevelDesignJuly_UE4/ProjectFolder/Content/Megascans/Surfaces/Brick_Facade_2x2_M_00/ukjkbbto_4K_Displacement.uasset" 748
"../../../../../Work/Unreal Projects/Level Designs/LevelDesignJuly_UE4/ProjectFolder/Content/Megascans/Surfaces/Brick_Facade_2x2_M_00/ukjkbbto_4K_Normal.uasset" 749
"../../../../../Work/Unreal Projects/Level Designs/LevelDesignJuly_UE4/ProjectFolder/Content/Megascans/Surfaces/Brick_Facade_2x2_M_00/ukjkbbto_4K_Roughness.uasset" 750
"../../../../../Work/Unreal Projects/Level Designs/LevelDesignJuly_UE4/ProjectFolder/Content/Megascans/Surfaces/Damaged_Brick_Wall_2x1_M_00/ui5qdcxew_4K_Albedo.uasset" 751
"../../../../../Work/Unreal Projects/Level Designs/LevelDesignJuly_UE4/ProjectFolder/Content/Megascans/Surfaces/Damaged_Brick_Wall_2x1_M_00/ui5qdcxew_4K_Displacement.uasset" 752
"../../../../../Work/Unreal Projects/Level Designs/LevelDesignJuly_UE4/ProjectFolder/Content/Megascans/Surfaces/Damaged_Brick_Wall_2x1_M_00/ui5qdcxew_4K_Normal.uasset" 753
"../../../../../Work/Unreal Projects/Level Designs/LevelDesignJuly_UE4/ProjectFolder/Content/Megascans/Surfaces/Damaged_Brick_Wall_2x1_M_00/ui5qdcxew_4K_Roughness.uasset" 754
"../../../../../Work/Unreal Projects/Level Designs/LevelDesignJuly_UE4/ProjectFolder/Content/Megascans/Surfaces/Rough_Brick_Wall_2x2_M_00/ujykbhklw_4K_Albedo.uasset" 755
"../../../../../Work/Unreal Projects/Level Designs/LevelDesignJuly_UE4/ProjectFolder/Content/Megascans/Surfaces/Rough_Brick_Wall_2x2_M_00/ujykbhklw_4K_Displacement.uasset" 756
"../../../../../Work/Unreal Projects/Level Designs/LevelDesignJuly_UE4/ProjectFolder/Content/Megascans/Surfaces/Rough_Brick_Wall_2x2_M_00/ujykbhklw_4K_Normal.uasset" 757
"../../../../../Work/Unreal Projects/Level Designs/LevelDesignJuly_UE4/ProjectFolder/Content/Megascans/Surfaces/Rough_Brick_Wall_2x2_M_00/ujykbhklw_4K_Roughness.uasset" 758
"../../../../../Work/Unreal Projects/Level Designs/LevelDesignJuly_UE4/ProjectFolder/Content/Materials/BlendMaterials/WallsBlendMaterial.uasset" 759
"../../../../../Work/Unreal Projects/Level Designs/LevelDesignJuly_UE4/ProjectFolder/Content/Materials/E_SmallPipes.uasset" 760
"../../../../../Work/Unreal Projects/Level Designs/LevelDesignJuly_UE4/ProjectFolder/Content/Materials/E_Red.uasset" 761
"../../../Engine/Content/Functions/Engine_MaterialFunctions02/SafeNormalize.uasset" 762
"../../../Engine/Content/Functions/Engine_MaterialFunctions02/Math/CreateThirdOrthogonalVector.uasset" 763
"../../../Engine/Content/Functions/Engine_MaterialFunctions02/Math/InverseTransformMatrix.uasset" 764
"../../../Engine/Content/Functions/Engine_MaterialFunctions02/Math/TransformToZVector.uasset" 765
"../../../Engine/Content/Functions/Engine_MaterialFunctions01/Texturing/ParallaxOcclusionMapping.uasset" 766
"../../../../../Work/Unreal Projects/Level Designs/LevelDesignJuly_UE4/ProjectFolder/Content/MSPresets/Decal_MasterMaterial/Decal_MasterMaterial.uasset" 767
"../../../../../Work/Unreal Projects/Level Designs/LevelDesignJuly_UE4/ProjectFolder/Content/Megascans/Atlases/Graffitti_Tag_00/ujzpdbcl_8K_Albedo.uasset" 768
"../../../../../Work/Unreal Projects/Level Designs/LevelDesignJuly_UE4/ProjectFolder/Content/Megascans/Atlases/Graffitti_Tag_00/ujzpdbcl_8K_Opacity.uasset" 769
"../../../../../Work/Unreal Projects/Level Designs/LevelDesignJuly_UE4/ProjectFolder/Content/Megascans/Atlases/Graffitti_Tag_00/Graffitti_Tag_00_inst.uasset" 770
"../../../Engine/Content/BasicShapes/Cylinder.uasset" 771
"../../../../../Work/Unreal Projects/Level Designs/LevelDesignJuly_UE4/ProjectFolder/Content/3D_Models/lambert1.uasset" 772
"../../../../../Work/Unreal Projects/Level Designs/LevelDesignJuly_UE4/ProjectFolder/Content/3D_Models/Level/LargeRoom_BrokenFloor.uasset" 773
"../../../../../Work/Unreal Projects/Level Designs/LevelDesignJuly_UE4/ProjectFolder/Content/3D_Models/Level/LargeRoom_BrokenWall.uasset" 774
"../../../../../Work/Unreal Projects/Level Designs/LevelDesignJuly_UE4/ProjectFolder/Content/3D_Models/Level/LargeRoom_Roof.uasset" 775
"../../../../../Work/Unreal Projects/Level Designs/LevelDesignJuly_UE4/ProjectFolder/Content/3D_Models/Level/LargeRoom_Roof_Tile.uasset" 776
"../../../../../Work/Unreal Projects/Level Designs/LevelDesignJuly_UE4/ProjectFolder/Content/3D_Models/Level/LargeRoom_ThreeWalls_Wall3.uasset" 777
"../../../../../Work/Unreal Projects/Level Designs/LevelDesignJuly_UE4/ProjectFolder/Content/3D_Models/Level/TheLevel_Corridor_Roof.uasset" 778
"../../../../../Work/Unreal Projects/Level Designs/LevelDesignJuly_UE4/ProjectFolder/Content/3D_Models/Level/TheLevel_CorridorFloor.uasset" 779
"../../../../../Work/Unreal Projects/Level Designs/LevelDesignJuly_UE4/ProjectFolder/Content/3D_Models/Level/TheLevel_CorridorWall1.uasset" 780
"../../../../../Work/Unreal Projects/Level Designs/LevelDesignJuly_UE4/ProjectFolder/Content/3D_Models/Level/TheLevel_CorridorWall2.uasset" 781
"../../../../../Work/Unreal Projects/Level Designs/LevelDesignJuly_UE4/ProjectFolder/Content/3D_Models/Level/TheLevel_Kitchen_MainWall.uasset" 782
"../../../../../Work/Unreal Projects/Level Designs/LevelDesignJuly_UE4/ProjectFolder/Content/3D_Models/Level/TheLevel_KRoom1_Floor.uasset" 783
"../../../../../Work/Unreal Projects/Level Designs/LevelDesignJuly_UE4/ProjectFolder/Content/3D_Models/Level/TheLevel_KRoom1_SmallWall.uasset" 784
"../../../../../Work/Unreal Projects/Level Designs/LevelDesignJuly_UE4/ProjectFolder/Content/3D_Models/Level/TheLevel_KRoom1_Wall1.uasset" 785
"../../../../../Work/Unreal Projects/Level Designs/LevelDesignJuly_UE4/ProjectFolder/Content/3D_Models/Level/TheLevel_KRoom1_Wall2.uasset" 786
"../../../../../Work/Unreal Projects/Level Designs/LevelDesignJuly_UE4/ProjectFolder/Content/3D_Models/Level/TheLevel_KRoom2_Floor.uasset" 787
"../../../../../Work/Unreal Projects/Level Designs/LevelDesignJuly_UE4/ProjectFolder/Content/3D_Models/Level/TheLevel_KRoom2_Wall1.uasset" 788
"../../../../../Work/Unreal Projects/Level Designs/LevelDesignJuly_UE4/ProjectFolder/Content/3D_Models/Level/TheLevel_KRoom3_Floor.uasset" 789
"../../../../../Work/Unreal Projects/Level Designs/LevelDesignJuly_UE4/ProjectFolder/Content/3D_Models/Level/TheLevel_KRoom3_SmallWall.uasset" 790
"../../../../../Work/Unreal Projects/Level Designs/LevelDesignJuly_UE4/ProjectFolder/Content/3D_Models/Level/TheLevel_KRoom3_Wall2.uasset" 791
"../../../../../Work/Unreal Projects/Level Designs/LevelDesignJuly_UE4/ProjectFolder/Content/3D_Models/Level/TheLevel_KRoom3_Wall3.uasset" 792
"../../../../../Work/Unreal Projects/Level Designs/LevelDesignJuly_UE4/ProjectFolder/Content/3D_Models/Level/TheLevel_Room2_Floor.uasset" 793
"../../../../../Work/Unreal Projects/Level Designs/LevelDesignJuly_UE4/ProjectFolder/Content/3D_Models/Level/TheLevel_Room2_Roof.uasset" 794
"../../../../../Work/Unreal Projects/Level Designs/LevelDesignJuly_UE4/ProjectFolder/Content/3D_Models/Level/TheLevel_Room2_SmallWall.uasset" 795
"../../../../../Work/Unreal Projects/Level Designs/LevelDesignJuly_UE4/ProjectFolder/Content/3D_Models/Level/TheLevel_Room2_SmallWall2.uasset" 796
"../../../../../Work/Unreal Projects/Level Designs/LevelDesignJuly_UE4/ProjectFolder/Content/3D_Models/Level/TheLevel_Room2_Wall1.uasset" 797
"../../../../../Work/Unreal Projects/Level Designs/LevelDesignJuly_UE4/ProjectFolder/Content/3D_Models/Level/TheLevel_Room2_Wall2.uasset" 798
"../../../../../Work/Unreal Projects/Level Designs/LevelDesignJuly_UE4/ProjectFolder/Content/3D_Models/Level/TheLevel_Room2_Wall3.uasset" 799
"../../../../../Work/Unreal Projects/Level Designs/LevelDesignJuly_UE4/ProjectFolder/Content/3D_Models/Level/TheLevel_Room2_Wall4.uasset" 800
"../../../../../Work/Unreal Projects/Level Designs/LevelDesignJuly_UE4/ProjectFolder/Content/3D_Models/Level/TheLevel_WashroomFloor.uasset" 801
"../../../../../Work/Unreal Projects/Level Designs/LevelDesignJuly_UE4/ProjectFolder/Content/3D_Models/Level/TheLevel_WashroomOuterWall.uasset" 802
"../../../../../Work/Unreal Projects/Level Designs/LevelDesignJuly_UE4/ProjectFolder/Content/Megascans/3D_Assets/Metal_Pipe_Modular_Pack_00/ubrqeehhx_4K_Albedo.uasset" 803
"../../../../../Work/Unreal Projects/Level Designs/LevelDesignJuly_UE4/ProjectFolder/Content/Megascans/3D_Assets/Metal_Pipe_Modular_Pack_00/ubrqeehhx_4K_Displacement.uasset" 804
"../../../../../Work/Unreal Projects/Level Designs/LevelDesignJuly_UE4/ProjectFolder/Content/Megascans/3D_Assets/Metal_Pipe_Modular_Pack_00/ubrqeehhx_4K_NormalLOD0.uasset" 805
"../../../../../Work/Unreal Projects/Level Designs/LevelDesignJuly_UE4/ProjectFolder/Content/Megascans/3D_Assets/Metal_Pipe_Modular_Pack_00/ubrqeehhx_4K_Roughness.uasset" 806
"../../../../../Work/Unreal Projects/Level Designs/LevelDesignJuly_UE4/ProjectFolder/Content/Megascans/3D_Assets/Metal_Pipe_Modular_Pack_00/Metal_Pipe_Modular_Pack_00_inst.uasset" 807
"../../../../../Work/Unreal Projects/Level Designs/LevelDesignJuly_UE4/ProjectFolder/Content/Megascans/3D_Assets/Metal_Pipe_Modular_Pack_00/ubrqeehhx_LOD0_1.uasset" 808
"../../../../../Work/Unreal Projects/Level Designs/LevelDesignJuly_UE4/ProjectFolder/Content/Megascans/3D_Assets/Metal_Pipe_Modular_Pack_00/ubrqeehhx_LOD0_2.uasset" 809
"../../../../../Work/Unreal Projects/Level Designs/LevelDesignJuly_UE4/ProjectFolder/Content/Megascans/3D_Assets/Metal_Pipe_Modular_Pack_00/ubrqeehhx_LOD0_3.uasset" 810
"../../../../../Work/Unreal Projects/Level Designs/LevelDesignJuly_UE4/ProjectFolder/Content/Megascans/3D_Assets/Metal_Pipe_Modular_Pack_00/ubrqeehhx_LOD0_4.uasset" 811
"../../../../../Work/Unreal Projects/Level Designs/LevelDesignJuly_UE4/ProjectFolder/Content/Megascans/3D_Assets/Metal_Pipe_Modular_Pack_00/ubrqeehhx_LOD0_5.uasset" 812
"../../../../../Work/Unreal Projects/Level Designs/LevelDesignJuly_UE4/ProjectFolder/Content/Megascans/3D_Assets/Metal_Pipe_Modular_Pack_00/ubrqeehhx_LOD0_6.uasset" 813
"../../../../../Work/Unreal Projects/Level Designs/LevelDesignJuly_UE4/ProjectFolder/Content/Megascans/3D_Assets/Wooden_Crate_00/ugzgagwga_4K_Albedo.uasset" 814
"../../../../../Work/Unreal Projects/Level Designs/LevelDesignJuly_UE4/ProjectFolder/Content/Megascans/3D_Assets/Wooden_Crate_00/ugzgagwga_4K_Displacement.uasset" 815
"../../../../../Work/Unreal Projects/Level Designs/LevelDesignJuly_UE4/ProjectFolder/Content/Megascans/3D_Assets/Wooden_Crate_00/ugzgagwga_4K_NormalLOD0.uasset" 816
"../../../../../Work/Unreal Projects/Level Designs/LevelDesignJuly_UE4/ProjectFolder/Content/Megascans/3D_Assets/Wooden_Crate_00/ugzgagwga_4K_Roughness.uasset" 817
"../../../../../Work/Unreal Projects/Level Designs/LevelDesignJuly_UE4/ProjectFolder/Content/Megascans/3D_Assets/Wooden_Crate_00/Wooden_Crate_00_inst.uasset" 818
"../../../../../Work/Unreal Projects/Level Designs/LevelDesignJuly_UE4/ProjectFolder/Content/Megascans/3D_Assets/Wooden_Crate_00/ugzgagwga_LOD0_Aset_container_box_M_ugzgagwga_00_LOD0.uasset" 819
"../../../../../Work/Unreal Projects/Level Designs/LevelDesignJuly_UE4/ProjectFolder/Content/Levels/RestaurantLevel.umap" 820
